[0;1;32mLocalRepairQuery Constructor called for LocalRepair10[0m


MPLibrary is solving with MPStrategyMethod labeled ARC10 using seed 34503.
GroupDecoupledStrategy::ARC10
	Query Sampler: 
	Map Evaluators:
		LocalRepair10
	strategyLabel: IndividualEvaluation
GroupDecoupledStrategy::ARC10::Initialize: 0 sec
BasicPRM::SharedRoadmapPRM
	Query Sampler: 
	Map Evaluators:
		NodesEval
	Input Map: 
	Samplers
		UniformRandomFree	Number:4	Attempts:5
	Connectors
		Closest5
BasicPRM::SharedRoadmapPRM::Initialize: 0 sec
BasicPRM::SharedRoadmapPRM::Run: 0.039999 sec
BasicPRM::IndividualEvaluation
	Query Sampler: UniformRandomFree
	Map Evaluators:
		AlwaysTrue
	Input Map: 
	Samplers
	Connectors
		Closest3
BasicPRM::IndividualEvaluation::Initialize: 0.00017 sec
BasicPRM::IndividualEvaluation::Run: 0 sec
BasicPRM::IndividualEvaluation
	Query Sampler: UniformRandomFree
	Map Evaluators:
		AlwaysTrue
	Input Map: 
	Samplers
	Connectors
		Closest3
BasicPRM::IndividualEvaluation::Initialize: 0.000817 sec
BasicPRM::IndividualEvaluation::Run: 0 sec
BasicPRM::IndividualEvaluation
	Query Sampler: UniformRandomFree
	Map Evaluators:
		AlwaysTrue
	Input Map: 
	Samplers
	Connectors
		Closest3
BasicPRM::IndividualEvaluation::Initialize: 0.000965 sec
BasicPRM::IndividualEvaluation::Run: 0 sec
BasicPRM::IndividualEvaluation
	Query Sampler: UniformRandomFree
	Map Evaluators:
		AlwaysTrue
	Input Map: 
	Samplers
	Connectors
		Closest3
BasicPRM::IndividualEvaluation::Initialize: 0.002328 sec
BasicPRM::IndividualEvaluation::Run: 0 sec
BasicPRM::IndividualEvaluation
	Query Sampler: UniformRandomFree
	Map Evaluators:
		AlwaysTrue
	Input Map: 
	Samplers
	Connectors
		Closest3
BasicPRM::IndividualEvaluation::Initialize: 0.003879 sec
BasicPRM::IndividualEvaluation::Run: 0 sec
BasicPRM::IndividualEvaluation
	Query Sampler: UniformRandomFree
	Map Evaluators:
		AlwaysTrue
	Input Map: 
	Samplers
	Connectors
		Closest3
BasicPRM::IndividualEvaluation::Initialize: 0.006421 sec
BasicPRM::IndividualEvaluation::Run: 0 sec
BasicPRM::IndividualEvaluation
	Query Sampler: UniformRandomFree
	Map Evaluators:
		AlwaysTrue
	Input Map: 
	Samplers
	Connectors
		Closest3
BasicPRM::IndividualEvaluation::Initialize: 0.008291 sec
BasicPRM::IndividualEvaluation::Run: 0 sec
BasicPRM::IndividualEvaluation
	Query Sampler: UniformRandomFree
	Map Evaluators:
		AlwaysTrue
	Input Map: 
	Samplers
	Connectors
		Closest3
BasicPRM::IndividualEvaluation::Initialize: 0.011066 sec
BasicPRM::IndividualEvaluation::Run: 0 sec
GroupDecoupledStrategy::DecoupledPRM-local-wait
	Query Sampler: 
	Map Evaluators:
		BoundedDecoupledQuery
	strategyLabel: IndividualPRM-Wait
GroupDecoupledStrategy::DecoupledPRM-local-wait::Initialize: 0 sec
BasicPRM::IndividualPRM-Wait
	Query Sampler: 
	Map Evaluators:
		IndividualQuery
	Input Map: 
	Samplers
		UniformRandomFree	Number:0	Attempts:5
	Connectors
		Closest0
BasicPRM::IndividualPRM-Wait::Initialize: 0.029999 sec
Using local boundary CSpaceBoundingSphere [ -1.73651 1.11749 -0.010947 ; 1.08576 ] on robot robot1
BasicPRM::IndividualPRM-Wait::Run: 0 sec
BasicPRM::IndividualPRM-Wait
	Query Sampler: 
	Map Evaluators:
		IndividualQuery
	Input Map: 
	Samplers
		UniformRandomFree	Number:0	Attempts:5
	Connectors
		Closest0
BasicPRM::IndividualPRM-Wait::Initialize: 0.055999 sec
Using local boundary CSpaceBoundingSphere [ -1.36531 0.703153 -0.0824333 ; 1.45494 ] on robot robot3
BasicPRM::IndividualPRM-Wait::Run: 0 sec
GroupDecoupledStrategy::DecoupledPRM-local-wait::Run: 0.056999 sec
robot1's path cost: 1
robot3's path cost: 1.35
GroupDecoupledStrategy::DecoupledPRM-local-wait
	Query Sampler: 
	Map Evaluators:
		BoundedDecoupledQuery
	strategyLabel: IndividualPRM-Wait
GroupDecoupledStrategy::DecoupledPRM-local-wait::Initialize: 0 sec
BasicPRM::IndividualPRM-Wait
	Query Sampler: 
	Map Evaluators:
		IndividualQuery
	Input Map: 
	Samplers
		UniformRandomFree	Number:0	Attempts:5
	Connectors
		Closest0
BasicPRM::IndividualPRM-Wait::Initialize: 0.083999 sec
Using local boundary CSpaceBoundingSphere [ 1.76362 0.156506 0.365418 ; 1.03582 ] on robot robot5
BasicPRM::IndividualPRM-Wait::Run: 0 sec
BasicPRM::IndividualPRM-Wait
	Query Sampler: 
	Map Evaluators:
		IndividualQuery
	Input Map: 
	Samplers
		UniformRandomFree	Number:0	Attempts:5
	Connectors
		Closest0
BasicPRM::IndividualPRM-Wait::Initialize: 0.110999 sec
Using local boundary CSpaceBoundingSphere [ 1.34317 -0.0806744 -0.485842 ; 1.86816 ] on robot robot6
BasicPRM::IndividualPRM-Wait::Run: 0 sec
GroupDecoupledStrategy::DecoupledPRM-local-wait::Run: 0.113 sec
robot5's path cost: 1.7
robot6's path cost: 1.7
GroupDecoupledStrategy::DecoupledPRM-local-wait
	Query Sampler: 
	Map Evaluators:
		BoundedDecoupledQuery
	strategyLabel: IndividualPRM-Wait
GroupDecoupledStrategy::DecoupledPRM-local-wait::Initialize: 0 sec
BasicPRM::IndividualPRM-Wait
	Query Sampler: 
	Map Evaluators:
		IndividualQuery
	Input Map: 
	Samplers
		UniformRandomFree	Number:0	Attempts:5
	Connectors
		Closest0
BasicPRM::IndividualPRM-Wait::Initialize: 0.137999 sec
Using local boundary CSpaceBoundingSphere [ -0.912376 0.728939 -0.0749787 ; 1.05568 ] on robot robot1
BasicPRM::IndividualPRM-Wait::Run: 0 sec
BasicPRM::IndividualPRM-Wait
	Query Sampler: 
	Map Evaluators:
		IndividualQuery
	Input Map: 
	Samplers
		UniformRandomFree	Number:0	Attempts:5
	Connectors
		Closest0
BasicPRM::IndividualPRM-Wait::Initialize: 0.163998 sec
Using local boundary CSpaceBoundingSphere [ -0.620647 0.571826 -0.159581 ; 1.08539 ] on robot robot3
BasicPRM::IndividualPRM-Wait::Run: 0 sec
Failed to find valid start interval for vid: 40 at time :0GroupDecoupledStrategy::DecoupledPRM-local-wait::Run: 0.169 sec
robot1's path cost: 0.95
GroupDecoupledStrategy::DecoupledPRM-local-regular
	Query Sampler: 
	Map Evaluators:
		BoundedDecoupledQuery
	strategyLabel: IndividualPRM-Local
GroupDecoupledStrategy::DecoupledPRM-local-regular::Initialize: 0 sec
BasicPRM::IndividualPRM-Local
	Query Sampler: 
	Map Evaluators:
		IndividualQuery
	Input Map: 
	Samplers
		UniformRandomFree	Number:5	Attempts:5
	Connectors
		Closest3
BasicPRM::IndividualPRM-Local::Initialize: 0 sec
Using local boundary CSpaceBoundingSphere [ -0.912376 0.728939 -0.0749787 ; 1.05568 ] on robot robot1
BasicPRM::IndividualPRM-Local::Run: 0.001 sec
BasicPRM::IndividualPRM-Local
	Query Sampler: 
	Map Evaluators:
		IndividualQuery
	Input Map: 
	Samplers
		UniformRandomFree	Number:5	Attempts:5
	Connectors
		Closest3
BasicPRM::IndividualPRM-Local::Initialize: 0 sec
Using local boundary CSpaceBoundingSphere [ -0.620647 0.571826 -0.159581 ; 1.08539 ] on robot robot3
BasicPRM::IndividualPRM-Local::Run: 0.001506 sec
Failed to find valid start interval for vid: 40 at time :0GroupDecoupledStrategy::DecoupledPRM-local-regular::Run: 0.004526 sec
robot1's path cost: 0.95
GroupPRM::CompositePRM-local
	Query Sampler: 
	Map Evaluators:
		BoundedCompositeQuery
	Samplers
		UniformRandomFree	Number:10	Attempts:5
	Connectors
		Closest5
Robot: 
robot1
Boundary: 
CSpaceBoundingBox [-0.467167:-0.467167 ; 0.571212:0.571212 ; 0.840329:0.840329 ]
Robot: 
robot3
Boundary: 
CSpaceBoundingBox [-0.144382:-0.144382 ; 0.46094:0.46094 ; 0.775004:0.775004 ]
GroupPRM::CompositePRM-local::Initialize: 0.001 sec
GroupPRM::CompositePRM-local::Run: 0.008756 sec
GroupDecoupledStrategy::DecoupledPRM-local-wait
	Query Sampler: 
	Map Evaluators:
		BoundedDecoupledQuery
	strategyLabel: IndividualPRM-Wait
GroupDecoupledStrategy::DecoupledPRM-local-wait::Initialize: 0 sec
BasicPRM::IndividualPRM-Wait
	Query Sampler: 
	Map Evaluators:
		IndividualQuery
	Input Map: 
	Samplers
		UniformRandomFree	Number:0	Attempts:5
	Connectors
		Closest0
BasicPRM::IndividualPRM-Wait::Initialize: 0.191997 sec
Using local boundary CSpaceBoundingSphere [ -1.10744 0.835605 -0.0739393 ; 1.3101 ] on robot robot1
BasicPRM::IndividualPRM-Wait::Run: 0 sec
BasicPRM::IndividualPRM-Wait
	Query Sampler: 
	Map Evaluators:
		IndividualQuery
	Input Map: 
	Samplers
		UniformRandomFree	Number:0	Attempts:5
	Connectors
		Closest0
BasicPRM::IndividualPRM-Wait::Initialize: 0.217997 sec
Using local boundary CSpaceBoundingSphere [ -1.56034 0.77648 0.0109957 ; 1.05895 ] on robot robot2
BasicPRM::IndividualPRM-Wait::Run: 0 sec
BasicPRM::IndividualPRM-Wait
	Query Sampler: 
	Map Evaluators:
		IndividualQuery
	Input Map: 
	Samplers
		UniformRandomFree	Number:0	Attempts:5
	Connectors
		Closest0
BasicPRM::IndividualPRM-Wait::Initialize: 0.246997 sec
Using local boundary CSpaceBoundingSphere [ -0.842476 0.596715 -0.145106 ; 1.34208 ] on robot robot3
BasicPRM::IndividualPRM-Wait::Run: 0 sec
GroupDecoupledStrategy::DecoupledPRM-local-wait::Run: 0.256999 sec
robot1's path cost: 1.25
robot2's path cost: 1
robot3's path cost: 1.25
GroupDecoupledStrategy::DecoupledPRM-local-wait
	Query Sampler: 
	Map Evaluators:
		BoundedDecoupledQuery
	strategyLabel: IndividualPRM-Wait
GroupDecoupledStrategy::DecoupledPRM-local-wait::Initialize: 0 sec
BasicPRM::IndividualPRM-Wait
	Query Sampler: 
	Map Evaluators:
		IndividualQuery
	Input Map: 
	Samplers
		UniformRandomFree	Number:0	Attempts:5
	Connectors
		Closest0
BasicPRM::IndividualPRM-Wait::Initialize: 0.274997 sec
Using local boundary CSpaceBoundingSphere [ -0.752418 0.652025 -0.216148 ; 1 ] on robot robot1
BasicPRM::IndividualPRM-Wait::Run: 0 sec
BasicPRM::IndividualPRM-Wait
	Query Sampler: 
	Map Evaluators:
		IndividualQuery
	Input Map: 
	Samplers
		UniformRandomFree	Number:0	Attempts:5
	Connectors
		Closest0
BasicPRM::IndividualPRM-Wait::Initialize: 0.301997 sec
Using local boundary CSpaceBoundingSphere [ -0.562251 0.570057 -0.150542 ; 1.65605 ] on robot robot2
BasicPRM::IndividualPRM-Wait::Run: 0 sec
BasicPRM::IndividualPRM-Wait
	Query Sampler: 
	Map Evaluators:
		IndividualQuery
	Input Map: 
	Samplers
		UniformRandomFree	Number:0	Attempts:5
	Connectors
		Closest0
BasicPRM::IndividualPRM-Wait::Initialize: 0.329996 sec
Using local boundary CSpaceBoundingSphere [ -0.415451 0.514419 -0.193522 ; 1 ] on robot robot3
BasicPRM::IndividualPRM-Wait::Run: 0 sec
Failed to find a path.
GroupDecoupledStrategy::DecoupledPRM-local-wait::Run: 0.343999 sec
robot1's path cost: 0.5
GroupDecoupledStrategy::DecoupledPRM-local-regular
	Query Sampler: 
	Map Evaluators:
		BoundedDecoupledQuery
	strategyLabel: IndividualPRM-Local
GroupDecoupledStrategy::DecoupledPRM-local-regular::Initialize: 0 sec
BasicPRM::IndividualPRM-Local
	Query Sampler: 
	Map Evaluators:
		IndividualQuery
	Input Map: 
	Samplers
		UniformRandomFree	Number:5	Attempts:5
	Connectors
		Closest3
BasicPRM::IndividualPRM-Local::Initialize: 0 sec
Using local boundary CSpaceBoundingSphere [ -0.752418 0.652025 -0.216148 ; 1 ] on robot robot1
BasicPRM::IndividualPRM-Local::Run: 0.001506 sec
BasicPRM::IndividualPRM-Local
	Query Sampler: 
	Map Evaluators:
		IndividualQuery
	Input Map: 
	Samplers
		UniformRandomFree	Number:5	Attempts:5
	Connectors
		Closest3
BasicPRM::IndividualPRM-Local::Initialize: 0 sec
Using local boundary CSpaceBoundingSphere [ -0.562251 0.570057 -0.150542 ; 1.65605 ] on robot robot2
BasicPRM::IndividualPRM-Local::Run: 0.001933 sec
BasicPRM::IndividualPRM-Local
	Query Sampler: 
	Map Evaluators:
		IndividualQuery
	Input Map: 
	Samplers
		UniformRandomFree	Number:5	Attempts:5
	Connectors
		Closest3
BasicPRM::IndividualPRM-Local::Initialize: 8.5e-05 sec
Using local boundary CSpaceBoundingSphere [ -0.415451 0.514419 -0.193522 ; 1 ] on robot robot3
BasicPRM::IndividualPRM-Local::Run: 0.001933 sec
Failed to find a path.
GroupDecoupledStrategy::DecoupledPRM-local-regular::Run: 0.011409 sec
robot1's path cost: 0.5
GroupPRM::CompositePRM-local
	Query Sampler: 
	Map Evaluators:
		BoundedCompositeQuery
	Samplers
		UniformRandomFree	Number:10	Attempts:5
	Connectors
		Closest5
Robot: 
robot1
Boundary: 
CSpaceBoundingBox [-0.525089:-0.525089 ; 0.591732:0.591732 ; 0.851347:0.851347 ]
Robot: 
robot2
Boundary: 
CSpaceBoundingBox [0.148394:0.148394 ; 0.360921:0.360921 ; 0.715753:0.715753 ]
Robot: 
robot3
Boundary: 
CSpaceBoundingBox [-0.155316:-0.155316 ; 0.463486:0.463486 ; 0.776506:0.776506 ]
GroupPRM::CompositePRM-local::Initialize: 0.001 sec
GroupPRM::CompositePRM-local::Run: 0.024756 sec
GroupDecoupledStrategy::DecoupledPRM-local-wait
	Query Sampler: 
	Map Evaluators:
		BoundedDecoupledQuery
	strategyLabel: IndividualPRM-Wait
GroupDecoupledStrategy::DecoupledPRM-local-wait::Initialize: 0 sec
BasicPRM::IndividualPRM-Wait
	Query Sampler: 
	Map Evaluators:
		IndividualQuery
	Input Map: 
	Samplers
		UniformRandomFree	Number:0	Attempts:5
	Connectors
		Closest0
BasicPRM::IndividualPRM-Wait::Initialize: 0.359995 sec
Using local boundary CSpaceBoundingSphere [ -0.270945 -4.43558 0.416347 ; 1.10112 ] on robot robot4
BasicPRM::IndividualPRM-Wait::Run: 0 sec
BasicPRM::IndividualPRM-Wait
	Query Sampler: 
	Map Evaluators:
		IndividualQuery
	Input Map: 
	Samplers
		UniformRandomFree	Number:0	Attempts:5
	Connectors
		Closest0
BasicPRM::IndividualPRM-Wait::Initialize: 0.389995 sec
Using local boundary CSpaceBoundingSphere [ -0.0239803 -4.39768 0.40223 ; 1.10112 ] on robot robot8
BasicPRM::IndividualPRM-Wait::Run: 0 sec
GroupDecoupledStrategy::DecoupledPRM-local-wait::Run: 0.405999 sec
robot4's path cost: 1
robot8's path cost: 2.8
GroupDecoupledStrategy::DecoupledPRM-local-wait
	Query Sampler: 
	Map Evaluators:
		BoundedDecoupledQuery
	strategyLabel: IndividualPRM-Wait
GroupDecoupledStrategy::DecoupledPRM-local-wait::Initialize: 0 sec
BasicPRM::IndividualPRM-Wait
	Query Sampler: 
	Map Evaluators:
		IndividualQuery
	Input Map: 
	Samplers
		UniformRandomFree	Number:0	Attempts:5
	Connectors
		Closest0
BasicPRM::IndividualPRM-Wait::Initialize: 0.419994 sec
Using local boundary CSpaceBoundingSphere [ -0.236047 0.271022 -0.439158 ; 1 ] on robot robot3
BasicPRM::IndividualPRM-Wait::Run: 0 sec
BasicPRM::IndividualPRM-Wait
	Query Sampler: 
	Map Evaluators:
		IndividualQuery
	Input Map: 
	Samplers
		UniformRandomFree	Number:0	Attempts:5
	Connectors
		Closest0
BasicPRM::IndividualPRM-Wait::Initialize: 0.444994 sec
Using local boundary CSpaceBoundingSphere [ 0.0429945 0.396928 -0.262917 ; 1.10884 ] on robot robot7
BasicPRM::IndividualPRM-Wait::Run: 0 sec
BasicPRM::IndividualPRM-Wait
	Query Sampler: 
	Map Evaluators:
		IndividualQuery
	Input Map: 
	Samplers
		UniformRandomFree	Number:0	Attempts:5
	Connectors
		Closest0
BasicPRM::IndividualPRM-Wait::Initialize: 0.474993 sec
Using local boundary CSpaceBoundingSphere [ -0.742259 0.76282 0.162748 ; 1 ] on robot robot1
BasicPRM::IndividualPRM-Wait::Run: 0 sec
BasicPRM::IndividualPRM-Wait
	Query Sampler: 
	Map Evaluators:
		IndividualQuery
	Input Map: 
	Samplers
		UniformRandomFree	Number:0	Attempts:5
	Connectors
		Closest0
BasicPRM::IndividualPRM-Wait::Initialize: 0.503993 sec
Using local boundary CSpaceBoundingSphere [ -1.48193 0.640294 -0.10442 ; 1 ] on robot robot2
BasicPRM::IndividualPRM-Wait::Run: 0 sec
GroupDecoupledStrategy::DecoupledPRM-local-wait::Run: 0.532998 sec
robot3's path cost: 0.8
robot7's path cost: 1
robot1's path cost: 0.25
robot2's path cost: 0.4
GroupDecoupledStrategy::DecoupledPRM-local-wait
	Query Sampler: 
	Map Evaluators:
		BoundedDecoupledQuery
	strategyLabel: IndividualPRM-Wait
GroupDecoupledStrategy::DecoupledPRM-local-wait::Initialize: 0 sec
BasicPRM::IndividualPRM-Wait
	Query Sampler: 
	Map Evaluators:
		IndividualQuery
	Input Map: 
	Samplers
		UniformRandomFree	Number:0	Attempts:5
	Connectors
		Closest0
BasicPRM::IndividualPRM-Wait::Initialize: 0.529993 sec
Using local boundary CSpaceBoundingSphere [ -0.657666 0.552197 -0.146402 ; 2.51751 ] on robot robot6
BasicPRM::IndividualPRM-Wait::Run: 0 sec
BasicPRM::IndividualPRM-Wait
	Query Sampler: 
	Map Evaluators:
		IndividualQuery
	Input Map: 
	Samplers
		UniformRandomFree	Number:0	Attempts:5
	Connectors
		Closest0
BasicPRM::IndividualPRM-Wait::Initialize: 0.560992 sec
Using local boundary CSpaceBoundingSphere [ -0.202839 0.204785 -0.323991 ; 1 ] on robot robot3
BasicPRM::IndividualPRM-Wait::Run: 0 sec
BasicPRM::IndividualPRM-Wait
	Query Sampler: 
	Map Evaluators:
		IndividualQuery
	Input Map: 
	Samplers
		UniformRandomFree	Number:0	Attempts:5
	Connectors
		Closest0
BasicPRM::IndividualPRM-Wait::Initialize: 0.590992 sec
Using local boundary CSpaceBoundingSphere [ -0.823621 0.635269 0.253137 ; 1 ] on robot robot1
BasicPRM::IndividualPRM-Wait::Run: 0 sec
BasicPRM::IndividualPRM-Wait
	Query Sampler: 
	Map Evaluators:
		IndividualQuery
	Input Map: 
	Samplers
		UniformRandomFree	Number:0	Attempts:5
	Connectors
		Closest0
BasicPRM::IndividualPRM-Wait::Initialize: 0.620991 sec
Using local boundary CSpaceBoundingSphere [ -0.51139 0.400987 -0.166768 ; 1.72706 ] on robot robot2
BasicPRM::IndividualPRM-Wait::Run: 0 sec
BasicPRM::IndividualPRM-Wait
	Query Sampler: 
	Map Evaluators:
		IndividualQuery
	Input Map: 
	Samplers
		UniformRandomFree	Number:0	Attempts:5
	Connectors
		Closest0
BasicPRM::IndividualPRM-Wait::Initialize: 0.646991 sec
Using local boundary CSpaceBoundingSphere [ -0.271739 0.504449 -0.199222 ; 1 ] on robot robot7
BasicPRM::IndividualPRM-Wait::Run: 0 sec
Failed to find valid start interval for vid: 40 at time :0GroupDecoupledStrategy::DecoupledPRM-local-wait::Run: 0.677997 sec
robot6's path cost: 2.3
robot3's path cost: 0.5
robot1's path cost: 0.2
robot2's path cost: 1.55
GroupDecoupledStrategy::DecoupledPRM-local-regular
	Query Sampler: 
	Map Evaluators:
		BoundedDecoupledQuery
	strategyLabel: IndividualPRM-Local
GroupDecoupledStrategy::DecoupledPRM-local-regular::Initialize: 0 sec
BasicPRM::IndividualPRM-Local
	Query Sampler: 
	Map Evaluators:
		IndividualQuery
	Input Map: 
	Samplers
		UniformRandomFree	Number:5	Attempts:5
	Connectors
		Closest3
BasicPRM::IndividualPRM-Local::Initialize: 8.5e-05 sec
Using local boundary CSpaceBoundingSphere [ -0.657666 0.552197 -0.146402 ; 2.51751 ] on robot robot6
BasicPRM::IndividualPRM-Local::Run: 0.003932 sec
BasicPRM::IndividualPRM-Local
	Query Sampler: 
	Map Evaluators:
		IndividualQuery
	Input Map: 
	Samplers
		UniformRandomFree	Number:5	Attempts:5
	Connectors
		Closest3
BasicPRM::IndividualPRM-Local::Initialize: 8.5e-05 sec
Using local boundary CSpaceBoundingSphere [ -0.202839 0.204785 -0.323991 ; 1 ] on robot robot3
BasicPRM::IndividualPRM-Local::Run: 0.004932 sec
BasicPRM::IndividualPRM-Local
	Query Sampler: 
	Map Evaluators:
		IndividualQuery
	Input Map: 
	Samplers
		UniformRandomFree	Number:5	Attempts:5
	Connectors
		Closest3
BasicPRM::IndividualPRM-Local::Initialize: 8.5e-05 sec
Using local boundary CSpaceBoundingSphere [ -0.823621 0.635269 0.253137 ; 1 ] on robot robot1
BasicPRM::IndividualPRM-Local::Run: 0.005787 sec
BasicPRM::IndividualPRM-Local
	Query Sampler: 
	Map Evaluators:
		IndividualQuery
	Input Map: 
	Samplers
		UniformRandomFree	Number:5	Attempts:5
	Connectors
		Closest3
BasicPRM::IndividualPRM-Local::Initialize: 8.5e-05 sec
Using local boundary CSpaceBoundingSphere [ -0.51139 0.400987 -0.166768 ; 1.72706 ] on robot robot2
BasicPRM::IndividualPRM-Local::Run: 0.006448 sec
BasicPRM::IndividualPRM-Local
	Query Sampler: 
	Map Evaluators:
		IndividualQuery
	Input Map: 
	Samplers
		UniformRandomFree	Number:5	Attempts:5
	Connectors
		Closest3
BasicPRM::IndividualPRM-Local::Initialize: 8.5e-05 sec
Using local boundary CSpaceBoundingSphere [ -0.271739 0.504449 -0.199222 ; 1 ] on robot robot7
BasicPRM::IndividualPRM-Local::Run: 0.006776 sec
Failed to find a path.
GroupDecoupledStrategy::DecoupledPRM-local-regular::Run: 0.105668 sec
robot6's path cost: 2.3
GroupPRM::CompositePRM-local
	Query Sampler: 
	Map Evaluators:
		BoundedCompositeQuery
	Samplers
		UniformRandomFree	Number:10	Attempts:5
	Connectors
		Closest5
Robot: 
robot1
Boundary: 
CSpaceBoundingBox [-0.890204:-0.890204 ; 0.568949:0.568949 ; -0.756898:-0.756898 ]
Robot: 
robot2
Boundary: 
CSpaceBoundingBox [0.25727:0.25727 ; 0.323726:0.323726 ; 0.693718:0.693718 ]
Robot: 
robot6
Boundary: 
CSpaceBoundingBox [-1.74772:-1.74772 ; 0.840492:0.840492 ; -0.951083:-0.951083 ]
Robot: 
robot3
Boundary: 
CSpaceBoundingBox [-0.142385:-0.142385 ; 0.436368:0.436368 ; 0.746583:0.746583 ]
Robot: 
robot7
Boundary: 
CSpaceBoundingBox [-0.586473:-0.586473 ; 0.61197:0.61197 ; 0.864474:0.864474 ]
GroupPRM::CompositePRM-local::Initialize: 0.002 sec
GroupPRM::CompositePRM-local::Run: 0.064298 sec
[0;1;34mExpanding time space[0m
GroupDecoupledStrategy::DecoupledPRM-local-wait
	Query Sampler: 
	Map Evaluators:
		BoundedDecoupledQuery
	strategyLabel: IndividualPRM-Wait
GroupDecoupledStrategy::DecoupledPRM-local-wait::Initialize: 0 sec
BasicPRM::IndividualPRM-Wait
	Query Sampler: 
	Map Evaluators:
		IndividualQuery
	Input Map: 
	Samplers
		UniformRandomFree	Number:0	Attempts:5
	Connectors
		Closest0
BasicPRM::IndividualPRM-Wait::Initialize: 0.677991 sec
Using local boundary CSpaceBoundingSphere [ 0.161743 0.350461 -0.279854 ; 1.59568 ] on robot robot6
BasicPRM::IndividualPRM-Wait::Run: 0 sec
BasicPRM::IndividualPRM-Wait
	Query Sampler: 
	Map Evaluators:
		IndividualQuery
	Input Map: 
	Samplers
		UniformRandomFree	Number:0	Attempts:5
	Connectors
		Closest0
BasicPRM::IndividualPRM-Wait::Initialize: 0.69599 sec
Using local boundary CSpaceBoundingSphere [ -0.22468 0.295272 -0.414512 ; 1 ] on robot robot3
BasicPRM::IndividualPRM-Wait::Run: 0 sec
BasicPRM::IndividualPRM-Wait
	Query Sampler: 
	Map Evaluators:
		IndividualQuery
	Input Map: 
	Samplers
		UniformRandomFree	Number:0	Attempts:5
	Connectors
		Closest0
BasicPRM::IndividualPRM-Wait::Initialize: 0.71299 sec
Using local boundary CSpaceBoundingSphere [ -0.840285 0.665182 0.147975 ; 1 ] on robot robot1
BasicPRM::IndividualPRM-Wait::Run: 0 sec
BasicPRM::IndividualPRM-Wait
	Query Sampler: 
	Map Evaluators:
		IndividualQuery
	Input Map: 
	Samplers
		UniformRandomFree	Number:0	Attempts:5
	Connectors
		Closest0
BasicPRM::IndividualPRM-Wait::Initialize: 0.73199 sec
Using local boundary CSpaceBoundingSphere [ -0.982174 0.389918 0.0903819 ; 1.72542 ] on robot robot2
BasicPRM::IndividualPRM-Wait::Run: 0 sec
BasicPRM::IndividualPRM-Wait
	Query Sampler: 
	Map Evaluators:
		IndividualQuery
	Input Map: 
	Samplers
		UniformRandomFree	Number:0	Attempts:5
	Connectors
		Closest0
BasicPRM::IndividualPRM-Wait::Initialize: 0.74899 sec
Using local boundary CSpaceBoundingSphere [ -0.322838 0.521905 -0.18888 ; 1.9748 ] on robot robot7
BasicPRM::IndividualPRM-Wait::Run: 0 sec
BasicPRM::IndividualPRM-Wait
	Query Sampler: 
	Map Evaluators:
		IndividualQuery
	Input Map: 
	Samplers
		UniformRandomFree	Number:0	Attempts:5
	Connectors
		Closest0
BasicPRM::IndividualPRM-Wait::Initialize: 0.77499 sec
Using local boundary CSpaceBoundingSphere [ 0.0420228 0.455793 -0.261633 ; 3.72079 ] on robot robot5
BasicPRM::IndividualPRM-Wait::Run: 0 sec
Failed to find a path.
GroupDecoupledStrategy::DecoupledPRM-local-wait::Run: 0.808997 sec
robot6's path cost: 1.45
robot3's path cost: 0.3
robot1's path cost: 0.3
robot2's path cost: 1.5
robot7's path cost: 1.8
GroupDecoupledStrategy::DecoupledPRM-local-regular
	Query Sampler: 
	Map Evaluators:
		BoundedDecoupledQuery
	strategyLabel: IndividualPRM-Local
GroupDecoupledStrategy::DecoupledPRM-local-regular::Initialize: 0 sec
BasicPRM::IndividualPRM-Local
	Query Sampler: 
	Map Evaluators:
		IndividualQuery
	Input Map: 
	Samplers
		UniformRandomFree	Number:5	Attempts:5
	Connectors
		Closest3
BasicPRM::IndividualPRM-Local::Initialize: 8.5e-05 sec
Using local boundary CSpaceBoundingSphere [ 0.161743 0.350461 -0.279854 ; 1.59568 ] on robot robot6
BasicPRM::IndividualPRM-Local::Run: 0.007776 sec
BasicPRM::IndividualPRM-Local
	Query Sampler: 
	Map Evaluators:
		IndividualQuery
	Input Map: 
	Samplers
		UniformRandomFree	Number:5	Attempts:5
	Connectors
		Closest3
BasicPRM::IndividualPRM-Local::Initialize: 8.5e-05 sec
Using local boundary CSpaceBoundingSphere [ -0.22468 0.295272 -0.414512 ; 1 ] on robot robot3
BasicPRM::IndividualPRM-Local::Run: 0.008776 sec
BasicPRM::IndividualPRM-Local
	Query Sampler: 
	Map Evaluators:
		IndividualQuery
	Input Map: 
	Samplers
		UniformRandomFree	Number:5	Attempts:5
	Connectors
		Closest3
BasicPRM::IndividualPRM-Local::Initialize: 8.5e-05 sec
Using local boundary CSpaceBoundingSphere [ -0.840285 0.665182 0.147975 ; 1 ] on robot robot1
BasicPRM::IndividualPRM-Local::Run: 0.009337 sec
BasicPRM::IndividualPRM-Local
	Query Sampler: 
	Map Evaluators:
		IndividualQuery
	Input Map: 
	Samplers
		UniformRandomFree	Number:5	Attempts:5
	Connectors
		Closest3
BasicPRM::IndividualPRM-Local::Initialize: 8.5e-05 sec
Using local boundary CSpaceBoundingSphere [ -0.982174 0.389918 0.0903819 ; 1.72542 ] on robot robot2
BasicPRM::IndividualPRM-Local::Run: 0.00954 sec
BasicPRM::IndividualPRM-Local
	Query Sampler: 
	Map Evaluators:
		IndividualQuery
	Input Map: 
	Samplers
		UniformRandomFree	Number:5	Attempts:5
	Connectors
		Closest3
BasicPRM::IndividualPRM-Local::Initialize: 8.5e-05 sec
Using local boundary CSpaceBoundingSphere [ -0.322838 0.521905 -0.18888 ; 1.9748 ] on robot robot7
BasicPRM::IndividualPRM-Local::Run: 0.010412 sec
BasicPRM::IndividualPRM-Local
	Query Sampler: 
	Map Evaluators:
		IndividualQuery
	Input Map: 
	Samplers
		UniformRandomFree	Number:5	Attempts:5
	Connectors
		Closest3
BasicPRM::IndividualPRM-Local::Initialize: 8.5e-05 sec
Using local boundary CSpaceBoundingSphere [ 0.0420228 0.455793 -0.261633 ; 3.72079 ] on robot robot5
BasicPRM::IndividualPRM-Local::Run: 0.011726 sec
Failed to find a path.
GroupDecoupledStrategy::DecoupledPRM-local-regular::Run: 0.432114 sec
robot6's path cost: 1.45
robot3's path cost: 0.3
robot1's path cost: 1.9
robot2's path cost: 1.5
robot7's path cost: 1.8
GroupPRM::CompositePRM-local
	Query Sampler: 
	Map Evaluators:
		BoundedCompositeQuery
	Samplers
		UniformRandomFree	Number:10	Attempts:5
	Connectors
		Closest5
Robot: 
robot1
Boundary: 
CSpaceBoundingBox [-0.919797:-0.919797 ; 0.539473:0.539473 ; -0.761357:-0.761357 ]
Robot: 
robot5
Boundary: 
CSpaceBoundingBox [-1.53678:-1.53678 ; 0.966841:0.966841 ; -0.935167:-0.935167 ]
Robot: 
robot2
Boundary: 
CSpaceBoundingBox [-0.343012:-0.343012 ; 0.00879341:0.00879341 ; -0.662001:-0.662001 ]
Robot: 
robot6
Boundary: 
CSpaceBoundingBox [-0.511815:-0.511815 ; 0.586465:0.586465 ; 0.849364:0.849364 ]
Robot: 
robot3
Boundary: 
CSpaceBoundingBox [-0.0976171:-0.0976171 ; 0.25834:0.25834 ; 0.553836:0.553836 ]
Robot: 
robot7
Boundary: 
CSpaceBoundingBox [-1.15711:-1.15711 ; 0.806914:0.806914 ; 0.979958:0.979958 ]
GroupPRM::CompositePRM-local::Initialize: 0.005 sec
GroupPRM::CompositePRM-local::Run: 0.131298 sec
[0;1;34mExpanding time space[0m
GroupDecoupledStrategy::DecoupledPRM-local-wait
	Query Sampler: 
	Map Evaluators:
		BoundedDecoupledQuery
	strategyLabel: IndividualPRM-Wait
GroupDecoupledStrategy::DecoupledPRM-local-wait::Initialize: 0 sec
BasicPRM::IndividualPRM-Wait
	Query Sampler: 
	Map Evaluators:
		IndividualQuery
	Input Map: 
	Samplers
		UniformRandomFree	Number:0	Attempts:5
	Connectors
		Closest0
BasicPRM::IndividualPRM-Wait::Initialize: 0.81099 sec
Using local boundary CSpaceBoundingSphere [ 0.31391 0.288645 -0.298826 ; 2.33085 ] on robot robot6
BasicPRM::IndividualPRM-Wait::Run: 0 sec
BasicPRM::IndividualPRM-Wait
	Query Sampler: 
	Map Evaluators:
		IndividualQuery
	Input Map: 
	Samplers
		UniformRandomFree	Number:0	Attempts:5
	Connectors
		Closest0
BasicPRM::IndividualPRM-Wait::Initialize: 0.844989 sec
Using local boundary CSpaceBoundingSphere [ -0.357404 0.397132 -0.318341 ; 1 ] on robot robot3
BasicPRM::IndividualPRM-Wait::Run: 0 sec
BasicPRM::IndividualPRM-Wait
	Query Sampler: 
	Map Evaluators:
		IndividualQuery
	Input Map: 
	Samplers
		UniformRandomFree	Number:0	Attempts:5
	Connectors
		Closest0
BasicPRM::IndividualPRM-Wait::Initialize: 0.880989 sec
Using local boundary CSpaceBoundingSphere [ -0.943032 0.620981 0.00417806 ; 1 ] on robot robot1
BasicPRM::IndividualPRM-Wait::Run: 0 sec
BasicPRM::IndividualPRM-Wait
	Query Sampler: 
	Map Evaluators:
		IndividualQuery
	Input Map: 
	Samplers
		UniformRandomFree	Number:0	Attempts:5
	Connectors
		Closest0
BasicPRM::IndividualPRM-Wait::Initialize: 0.918989 sec
Using local boundary CSpaceBoundingSphere [ -0.789775 0.36966 0.167286 ; 1.55962 ] on robot robot2
BasicPRM::IndividualPRM-Wait::Run: 0 sec
BasicPRM::IndividualPRM-Wait
	Query Sampler: 
	Map Evaluators:
		IndividualQuery
	Input Map: 
	Samplers
		UniformRandomFree	Number:0	Attempts:5
	Connectors
		Closest0
BasicPRM::IndividualPRM-Wait::Initialize: 0.953989 sec
Using local boundary CSpaceBoundingSphere [ -0.0750306 0.437248 -0.239031 ; 2.49706 ] on robot robot7
BasicPRM::IndividualPRM-Wait::Run: 0.001 sec
BasicPRM::IndividualPRM-Wait
	Query Sampler: 
	Map Evaluators:
		IndividualQuery
	Input Map: 
	Samplers
		UniformRandomFree	Number:0	Attempts:5
	Connectors
		Closest0
BasicPRM::IndividualPRM-Wait::Initialize: 0.984988 sec
Using local boundary CSpaceBoundingSphere [ 0.279468 0.576682 -0.328361 ; 3.97122 ] on robot robot5
BasicPRM::IndividualPRM-Wait::Run: 0.001 sec
Failed to find a path.
GroupDecoupledStrategy::DecoupledPRM-local-wait::Run: 1.025 sec
robot6's path cost: 2.1
robot3's path cost: 0.6
robot1's path cost: 0.5
robot2's path cost: 1.4
robot7's path cost: 2.25
GroupDecoupledStrategy::DecoupledPRM-local-regular
	Query Sampler: 
	Map Evaluators:
		BoundedDecoupledQuery
	strategyLabel: IndividualPRM-Local
GroupDecoupledStrategy::DecoupledPRM-local-regular::Initialize: 0 sec
BasicPRM::IndividualPRM-Local
	Query Sampler: 
	Map Evaluators:
		IndividualQuery
	Input Map: 
	Samplers
		UniformRandomFree	Number:5	Attempts:5
	Connectors
		Closest3
BasicPRM::IndividualPRM-Local::Initialize: 8.5e-05 sec
Using local boundary CSpaceBoundingSphere [ 0.31391 0.288645 -0.298826 ; 2.33085 ] on robot robot6
BasicPRM::IndividualPRM-Local::Run: 0.013725 sec
BasicPRM::IndividualPRM-Local
	Query Sampler: 
	Map Evaluators:
		IndividualQuery
	Input Map: 
	Samplers
		UniformRandomFree	Number:5	Attempts:5
	Connectors
		Closest3
BasicPRM::IndividualPRM-Local::Initialize: 8.5e-05 sec
Using local boundary CSpaceBoundingSphere [ -0.357404 0.397132 -0.318341 ; 1 ] on robot robot3
BasicPRM::IndividualPRM-Local::Run: 0.014725 sec
BasicPRM::IndividualPRM-Local
	Query Sampler: 
	Map Evaluators:
		IndividualQuery
	Input Map: 
	Samplers
		UniformRandomFree	Number:5	Attempts:5
	Connectors
		Closest3
BasicPRM::IndividualPRM-Local::Initialize: 8.5e-05 sec
Using local boundary CSpaceBoundingSphere [ -0.943032 0.620981 0.00417806 ; 1 ] on robot robot1
BasicPRM::IndividualPRM-Local::Run: 0.015726 sec
BasicPRM::IndividualPRM-Local
	Query Sampler: 
	Map Evaluators:
		IndividualQuery
	Input Map: 
	Samplers
		UniformRandomFree	Number:5	Attempts:5
	Connectors
		Closest3
BasicPRM::IndividualPRM-Local::Initialize: 8.5e-05 sec
Using local boundary CSpaceBoundingSphere [ -0.789775 0.36966 0.167286 ; 1.55962 ] on robot robot2
BasicPRM::IndividualPRM-Local::Run: 0.016175 sec
BasicPRM::IndividualPRM-Local
	Query Sampler: 
	Map Evaluators:
		IndividualQuery
	Input Map: 
	Samplers
		UniformRandomFree	Number:5	Attempts:5
	Connectors
		Closest3
BasicPRM::IndividualPRM-Local::Initialize: 8.5e-05 sec
Using local boundary CSpaceBoundingSphere [ -0.0750306 0.437248 -0.239031 ; 2.49706 ] on robot robot7
BasicPRM::IndividualPRM-Local::Run: 0.016941 sec
BasicPRM::IndividualPRM-Local
	Query Sampler: 
	Map Evaluators:
		IndividualQuery
	Input Map: 
	Samplers
		UniformRandomFree	Number:5	Attempts:5
	Connectors
		Closest3
BasicPRM::IndividualPRM-Local::Initialize: 8.5e-05 sec
Using local boundary CSpaceBoundingSphere [ 0.279468 0.576682 -0.328361 ; 3.97122 ] on robot robot5
BasicPRM::IndividualPRM-Local::Run: 0.018321 sec
Failed to find a path.
GroupDecoupledStrategy::DecoupledPRM-local-regular::Run: 0.443396 sec
robot6's path cost: 2.1
robot3's path cost: 0.6
robot1's path cost: 0.5
robot2's path cost: 1.4
robot7's path cost: 2.25
GroupPRM::CompositePRM-local
	Query Sampler: 
	Map Evaluators:
		BoundedCompositeQuery
	Samplers
		UniformRandomFree	Number:10	Attempts:5
	Connectors
		Closest5
Robot: 
robot1
Boundary: 
CSpaceBoundingBox [-0.942814:-0.942814 ; 0.516547:0.516547 ; -0.764826:-0.764826 ]
Robot: 
robot5
Boundary: 
CSpaceBoundingBox [-1.45602:-1.45602 ; 0.909028:0.909028 ; -0.95955:-0.95955 ]
Robot: 
robot2
Boundary: 
CSpaceBoundingBox [-0.248581:-0.248581 ; -0.0385159:-0.0385159 ; -0.625192:-0.625192 ]
Robot: 
robot6
Boundary: 
CSpaceBoundingBox [-0.669182:-0.669182 ; 0.640225:0.640225 ; 0.881212:0.881212 ]
Robot: 
robot3
Boundary: 
CSpaceBoundingBox [-0.0931969:-0.0931969 ; 0.26777:0.26777 ; 0.56342:0.56342 ]
Robot: 
robot7
Boundary: 
CSpaceBoundingBox [-1.12994:-1.12994 ; 0.797631:0.797631 ; 0.974459:0.974459 ]
GroupPRM::CompositePRM-local::Initialize: 0.006322 sec
GroupPRM::CompositePRM-local::Run: 0.208984 sec
[0;1;34mExpanding time space[0m
GroupDecoupledStrategy::DecoupledPRM-local-wait
	Query Sampler: 
	Map Evaluators:
		BoundedDecoupledQuery
	strategyLabel: IndividualPRM-Wait
GroupDecoupledStrategy::DecoupledPRM-local-wait::Initialize: 0 sec
BasicPRM::IndividualPRM-Wait
	Query Sampler: 
	Map Evaluators:
		IndividualQuery
	Input Map: 
	Samplers
		UniformRandomFree	Number:0	Attempts:5
	Connectors
		Closest0
BasicPRM::IndividualPRM-Wait::Initialize: 1.02798 sec
Using local boundary CSpaceBoundingSphere [ 0.0541093 0.311505 -0.251279 ; 3.99564 ] on robot robot6
BasicPRM::IndividualPRM-Wait::Run: 0.001 sec
BasicPRM::IndividualPRM-Wait
	Query Sampler: 
	Map Evaluators:
		IndividualQuery
	Input Map: 
	Samplers
		UniformRandomFree	Number:0	Attempts:5
	Connectors
		Closest0
BasicPRM::IndividualPRM-Wait::Initialize: 1.06498 sec
Using local boundary CSpaceBoundingSphere [ -0.601154 0.539717 -0.18408 ; 1.0348 ] on robot robot3
BasicPRM::IndividualPRM-Wait::Run: 0.002 sec
BasicPRM::IndividualPRM-Wait
	Query Sampler: 
	Map Evaluators:
		IndividualQuery
	Input Map: 
	Samplers
		UniformRandomFree	Number:0	Attempts:5
	Connectors
		Closest0
BasicPRM::IndividualPRM-Wait::Initialize: 1.10298 sec
Using local boundary CSpaceBoundingSphere [ -0.920674 0.737411 -0.155855 ; 1 ] on robot robot1
BasicPRM::IndividualPRM-Wait::Run: 0.002 sec
BasicPRM::IndividualPRM-Wait
	Query Sampler: 
	Map Evaluators:
		IndividualQuery
	Input Map: 
	Samplers
		UniformRandomFree	Number:0	Attempts:5
	Connectors
		Closest0
BasicPRM::IndividualPRM-Wait::Initialize: 1.14398 sec
Using local boundary CSpaceBoundingSphere [ -0.72122 0.557089 -0.138597 ; 2.141 ] on robot robot2
BasicPRM::IndividualPRM-Wait::Run: 0.002 sec
BasicPRM::IndividualPRM-Wait
	Query Sampler: 
	Map Evaluators:
		IndividualQuery
	Input Map: 
	Samplers
		UniformRandomFree	Number:0	Attempts:5
	Connectors
		Closest0
BasicPRM::IndividualPRM-Wait::Initialize: 1.18398 sec
Using local boundary CSpaceBoundingSphere [ 0.227123 0.334025 -0.300181 ; 2.89067 ] on robot robot7
BasicPRM::IndividualPRM-Wait::Run: 0.002 sec
BasicPRM::IndividualPRM-Wait
	Query Sampler: 
	Map Evaluators:
		IndividualQuery
	Input Map: 
	Samplers
		UniformRandomFree	Number:0	Attempts:5
	Connectors
		Closest0
BasicPRM::IndividualPRM-Wait::Initialize: 1.21398 sec
Using local boundary CSpaceBoundingSphere [ -0.232391 1.05941 -0.171854 ; 5.58867 ] on robot robot5
BasicPRM::IndividualPRM-Wait::Run: 0.002 sec
Failed to find valid start interval for vid: 95 at time :0GroupDecoupledStrategy::DecoupledPRM-local-wait::Run: 1.34199 sec
robot6's path cost: 3.6
robot3's path cost: 0.95
robot1's path cost: 0.85
robot2's path cost: 2.35
GroupDecoupledStrategy::DecoupledPRM-local-regular
	Query Sampler: 
	Map Evaluators:
		BoundedDecoupledQuery
	strategyLabel: IndividualPRM-Local
GroupDecoupledStrategy::DecoupledPRM-local-regular::Initialize: 0 sec
BasicPRM::IndividualPRM-Local
	Query Sampler: 
	Map Evaluators:
		IndividualQuery
	Input Map: 
	Samplers
		UniformRandomFree	Number:5	Attempts:5
	Connectors
		Closest3
BasicPRM::IndividualPRM-Local::Initialize: 0.001085 sec
Using local boundary CSpaceBoundingSphere [ 0.0541093 0.311505 -0.251279 ; 3.99564 ] on robot robot6
BasicPRM::IndividualPRM-Local::Run: 0.019321 sec
BasicPRM::IndividualPRM-Local
	Query Sampler: 
	Map Evaluators:
		IndividualQuery
	Input Map: 
	Samplers
		UniformRandomFree	Number:5	Attempts:5
	Connectors
		Closest3
BasicPRM::IndividualPRM-Local::Initialize: 0.001085 sec
Using local boundary CSpaceBoundingSphere [ -0.601154 0.539717 -0.18408 ; 1.0348 ] on robot robot3
BasicPRM::IndividualPRM-Local::Run: 0.021321 sec
BasicPRM::IndividualPRM-Local
	Query Sampler: 
	Map Evaluators:
		IndividualQuery
	Input Map: 
	Samplers
		UniformRandomFree	Number:5	Attempts:5
	Connectors
		Closest3
BasicPRM::IndividualPRM-Local::Initialize: 0.001085 sec
Using local boundary CSpaceBoundingSphere [ -0.920674 0.737411 -0.155855 ; 1 ] on robot robot1
BasicPRM::IndividualPRM-Local::Run: 0.022673 sec
BasicPRM::IndividualPRM-Local
	Query Sampler: 
	Map Evaluators:
		IndividualQuery
	Input Map: 
	Samplers
		UniformRandomFree	Number:5	Attempts:5
	Connectors
		Closest3
BasicPRM::IndividualPRM-Local::Initialize: 0.001085 sec
Using local boundary CSpaceBoundingSphere [ -0.72122 0.557089 -0.138597 ; 2.141 ] on robot robot2
BasicPRM::IndividualPRM-Local::Run: 0.023627 sec
BasicPRM::IndividualPRM-Local
	Query Sampler: 
	Map Evaluators:
		IndividualQuery
	Input Map: 
	Samplers
		UniformRandomFree	Number:5	Attempts:5
	Connectors
		Closest3
BasicPRM::IndividualPRM-Local::Initialize: 0.001085 sec
Using local boundary CSpaceBoundingSphere [ 0.227123 0.334025 -0.300181 ; 2.89067 ] on robot robot7
BasicPRM::IndividualPRM-Local::Run: 0.024627 sec
BasicPRM::IndividualPRM-Local
	Query Sampler: 
	Map Evaluators:
		IndividualQuery
	Input Map: 
	Samplers
		UniformRandomFree	Number:5	Attempts:5
	Connectors
		Closest3
BasicPRM::IndividualPRM-Local::Initialize: 0.001085 sec
Using local boundary CSpaceBoundingSphere [ -0.232391 1.05941 -0.171854 ; 5.58867 ] on robot robot5
BasicPRM::IndividualPRM-Local::Run: 0.026626 sec
Failed to find valid start interval for vid: 141 at time :0GroupDecoupledStrategy::DecoupledPRM-local-regular::Run: 1.2183 sec
robot6's path cost: 3.75
robot3's path cost: 1.9
GroupPRM::CompositePRM-local
	Query Sampler: 
	Map Evaluators:
		BoundedCompositeQuery
	Samplers
		UniformRandomFree	Number:10	Attempts:5
	Connectors
		Closest5
Robot: 
robot1
Boundary: 
CSpaceBoundingBox [-0.523021:-0.523021 ; 0.591:0.591 ; 0.850954:0.850954 ]
Robot: 
robot5
Boundary: 
CSpaceBoundingBox [-2.63738:-2.63738 ; 1.75465:1.75465 ; -0.602906:-0.602906 ]
Robot: 
robot2
Boundary: 
CSpaceBoundingBox [0.213719:0.213719 ; 0.338604:0.338604 ; 0.702532:0.702532 ]
Robot: 
robot6
Boundary: 
CSpaceBoundingBox [-1.65048:-1.65048 ; 0.863337:0.863337 ; -0.953906:-0.953906 ]
Robot: 
robot3
Boundary: 
CSpaceBoundingBox [-0.145258:-0.145258 ; 0.442394:0.442394 ; 0.753232:0.753232 ]
Robot: 
robot7
Boundary: 
CSpaceBoundingBox [-0.994071:-0.994071 ; 0.751216:0.751216 ; 0.946963:0.946963 ]
GroupPRM::CompositePRM-local::Initialize: 0.008322 sec
GroupPRM::CompositePRM-local::Run: 0.318982 sec
[0;1;34mExpanding time space[0m
GroupDecoupledStrategy::DecoupledPRM-local-wait
	Query Sampler: 
	Map Evaluators:
		BoundedDecoupledQuery
	strategyLabel: IndividualPRM-Wait
GroupDecoupledStrategy::DecoupledPRM-local-wait::Initialize: 0 sec
BasicPRM::IndividualPRM-Wait
	Query Sampler: 
	Map Evaluators:
		IndividualQuery
	Input Map: 
	Samplers
		UniformRandomFree	Number:0	Attempts:5
	Connectors
		Closest0
BasicPRM::IndividualPRM-Wait::Initialize: 1.24598 sec
Using local boundary CSpaceBoundingSphere [ 0.283871 0.220004 -0.282134 ; 4.54253 ] on robot robot6
BasicPRM::IndividualPRM-Wait::Run: 0.002 sec
BasicPRM::IndividualPRM-Wait
	Query Sampler: 
	Map Evaluators:
		IndividualQuery
	Input Map: 
	Samplers
		UniformRandomFree	Number:0	Attempts:5
	Connectors
		Closest0
BasicPRM::IndividualPRM-Wait::Initialize: 1.27498 sec
Using local boundary CSpaceBoundingSphere [ -0.840686 0.579278 -0.160867 ; 1.57071 ] on robot robot3
BasicPRM::IndividualPRM-Wait::Run: 0.002 sec
BasicPRM::IndividualPRM-Wait
	Query Sampler: 
	Map Evaluators:
		IndividualQuery
	Input Map: 
	Samplers
		UniformRandomFree	Number:0	Attempts:5
	Connectors
		Closest0
BasicPRM::IndividualPRM-Wait::Initialize: 1.30398 sec
Using local boundary CSpaceBoundingSphere [ -1.12976 0.854247 -0.0799966 ; 1.46297 ] on robot robot1
BasicPRM::IndividualPRM-Wait::Run: 0.002 sec
BasicPRM::IndividualPRM-Wait
	Query Sampler: 
	Map Evaluators:
		IndividualQuery
	Input Map: 
	Samplers
		UniformRandomFree	Number:0	Attempts:5
	Connectors
		Closest0
BasicPRM::IndividualPRM-Wait::Initialize: 1.34998 sec
Using local boundary CSpaceBoundingSphere [ -1.12015 0.31899 0.245755 ; 2.46235 ] on robot robot2
BasicPRM::IndividualPRM-Wait::Run: 0.002 sec
BasicPRM::IndividualPRM-Wait
	Query Sampler: 
	Map Evaluators:
		IndividualQuery
	Input Map: 
	Samplers
		UniformRandomFree	Number:0	Attempts:5
	Connectors
		Closest0
BasicPRM::IndividualPRM-Wait::Initialize: 1.39598 sec
Using local boundary CSpaceBoundingSphere [ 0.43731 0.241648 -0.317978 ; 3.47345 ] on robot robot7
BasicPRM::IndividualPRM-Wait::Run: 0.003 sec
BasicPRM::IndividualPRM-Wait
	Query Sampler: 
	Map Evaluators:
		IndividualQuery
	Input Map: 
	Samplers
		UniformRandomFree	Number:0	Attempts:5
	Connectors
		Closest0
BasicPRM::IndividualPRM-Wait::Initialize: 1.42597 sec
Using local boundary CSpaceBoundingSphere [ -0.192979 1.08937 -0.182761 ; 5.64943 ] on robot robot5
BasicPRM::IndividualPRM-Wait::Run: 0.003 sec
Failed to find a path.
GroupDecoupledStrategy::DecoupledPRM-local-wait::Run: 1.56598 sec
robot6's path cost: 4.1
robot3's path cost: 1.45
robot1's path cost: 1.35
robot2's path cost: 2.25
GroupDecoupledStrategy::DecoupledPRM-local-regular
	Query Sampler: 
	Map Evaluators:
		BoundedDecoupledQuery
	strategyLabel: IndividualPRM-Local
GroupDecoupledStrategy::DecoupledPRM-local-regular::Initialize: 0 sec
BasicPRM::IndividualPRM-Local
	Query Sampler: 
	Map Evaluators:
		IndividualQuery
	Input Map: 
	Samplers
		UniformRandomFree	Number:5	Attempts:5
	Connectors
		Closest3
BasicPRM::IndividualPRM-Local::Initialize: 0.001085 sec
Using local boundary CSpaceBoundingSphere [ 0.283871 0.220004 -0.282134 ; 4.54253 ] on robot robot6
BasicPRM::IndividualPRM-Local::Run: 0.028625 sec
BasicPRM::IndividualPRM-Local
	Query Sampler: 
	Map Evaluators:
		IndividualQuery
	Input Map: 
	Samplers
		UniformRandomFree	Number:5	Attempts:5
	Connectors
		Closest3
BasicPRM::IndividualPRM-Local::Initialize: 0.001085 sec
Using local boundary CSpaceBoundingSphere [ -0.840686 0.579278 -0.160867 ; 1.57071 ] on robot robot3
BasicPRM::IndividualPRM-Local::Run: 0.02954 sec
BasicPRM::IndividualPRM-Local
	Query Sampler: 
	Map Evaluators:
		IndividualQuery
	Input Map: 
	Samplers
		UniformRandomFree	Number:5	Attempts:5
	Connectors
		Closest3
BasicPRM::IndividualPRM-Local::Initialize: 0.001085 sec
Using local boundary CSpaceBoundingSphere [ -1.12976 0.854247 -0.0799966 ; 1.46297 ] on robot robot1
BasicPRM::IndividualPRM-Local::Run: 0.029856 sec
BasicPRM::IndividualPRM-Local
	Query Sampler: 
	Map Evaluators:
		IndividualQuery
	Input Map: 
	Samplers
		UniformRandomFree	Number:5	Attempts:5
	Connectors
		Closest3
BasicPRM::IndividualPRM-Local::Initialize: 0.001085 sec
Using local boundary CSpaceBoundingSphere [ -1.12015 0.31899 0.245755 ; 2.46235 ] on robot robot2
BasicPRM::IndividualPRM-Local::Run: 0.030775 sec
BasicPRM::IndividualPRM-Local
	Query Sampler: 
	Map Evaluators:
		IndividualQuery
	Input Map: 
	Samplers
		UniformRandomFree	Number:5	Attempts:5
	Connectors
		Closest3
BasicPRM::IndividualPRM-Local::Initialize: 0.002085 sec
Using local boundary CSpaceBoundingSphere [ 0.43731 0.241648 -0.317978 ; 3.47345 ] on robot robot7
BasicPRM::IndividualPRM-Local::Run: 0.031774 sec
BasicPRM::IndividualPRM-Local
	Query Sampler: 
	Map Evaluators:
		IndividualQuery
	Input Map: 
	Samplers
		UniformRandomFree	Number:5	Attempts:5
	Connectors
		Closest3
BasicPRM::IndividualPRM-Local::Initialize: 0.002085 sec
Using local boundary CSpaceBoundingSphere [ -0.192979 1.08937 -0.182761 ; 5.64943 ] on robot robot5
BasicPRM::IndividualPRM-Local::Run: 0.033182 sec
Failed to find a path.
GroupDecoupledStrategy::DecoupledPRM-local-regular::Run: 1.23456 sec
robot6's path cost: 4.1
robot3's path cost: 1.45
robot1's path cost: 1.35
robot2's path cost: 2.25
GroupPRM::CompositePRM-local
	Query Sampler: 
	Map Evaluators:
		BoundedCompositeQuery
	Samplers
		UniformRandomFree	Number:10	Attempts:5
	Connectors
		Closest5
Robot: 
robot1
Boundary: 
CSpaceBoundingBox [-0.523021:-0.523021 ; 0.591:0.591 ; 0.850954:0.850954 ]
Robot: 
robot5
Boundary: 
CSpaceBoundingBox [-2.63738:-2.63738 ; 1.75465:1.75465 ; -0.602906:-0.602906 ]
Robot: 
robot2
Boundary: 
CSpaceBoundingBox [-0.103642:-0.103642 ; -0.11113:-0.11113 ; -0.568696:-0.568696 ]
Robot: 
robot6
Boundary: 
CSpaceBoundingBox [-1.65048:-1.65048 ; 0.863337:0.863337 ; -0.953906:-0.953906 ]
Robot: 
robot3
Boundary: 
CSpaceBoundingBox [-0.145258:-0.145258 ; 0.442394:0.442394 ; 0.753232:0.753232 ]
Robot: 
robot7
Boundary: 
CSpaceBoundingBox [-1.02804:-1.02804 ; 0.76282:0.76282 ; 0.953837:0.953837 ]
GroupPRM::CompositePRM-local::Initialize: 0.010321 sec
GroupPRM::CompositePRM-local::Run: 0.468981 sec
[0;1;34mExpanding time space[0m
GroupDecoupledStrategy::DecoupledPRM-local-wait
	Query Sampler: 
	Map Evaluators:
		BoundedDecoupledQuery
	strategyLabel: IndividualPRM-Wait
GroupDecoupledStrategy::DecoupledPRM-local-wait::Initialize: 0 sec
BasicPRM::IndividualPRM-Wait
	Query Sampler: 
	Map Evaluators:
		IndividualQuery
	Input Map: 
	Samplers
		UniformRandomFree	Number:0	Attempts:5
	Connectors
		Closest0
BasicPRM::IndividualPRM-Wait::Initialize: 1.48097 sec
Using local boundary CSpaceBoundingSphere [ 0.606513 0.14013 -0.299649 ; 4.90008 ] on robot robot6
BasicPRM::IndividualPRM-Wait::Run: 0.003 sec
BasicPRM::IndividualPRM-Wait
	Query Sampler: 
	Map Evaluators:
		IndividualQuery
	Input Map: 
	Samplers
		UniformRandomFree	Number:0	Attempts:5
	Connectors
		Closest0
BasicPRM::IndividualPRM-Wait::Initialize: 1.51497 sec
Using local boundary CSpaceBoundingSphere [ -1.0535 0.521552 -0.233924 ; 2.23094 ] on robot robot3
BasicPRM::IndividualPRM-Wait::Run: 0.003 sec
BasicPRM::IndividualPRM-Wait
	Query Sampler: 
	Map Evaluators:
		IndividualQuery
	Input Map: 
	Samplers
		UniformRandomFree	Number:0	Attempts:5
	Connectors
		Closest0
BasicPRM::IndividualPRM-Wait::Initialize: 1.54697 sec
Using local boundary CSpaceBoundingSphere [ -1.57703 0.918513 0.0965884 ; 1.64847 ] on robot robot1
BasicPRM::IndividualPRM-Wait::Run: 0.003 sec
BasicPRM::IndividualPRM-Wait
	Query Sampler: 
	Map Evaluators:
		IndividualQuery
	Input Map: 
	Samplers
		UniformRandomFree	Number:0	Attempts:5
	Connectors
		Closest0
BasicPRM::IndividualPRM-Wait::Initialize: 1.60497 sec
Using local boundary CSpaceBoundingSphere [ -1.34385 0.252167 0.260365 ; 2.9654 ] on robot robot2
BasicPRM::IndividualPRM-Wait::Run: 0.003 sec
BasicPRM::IndividualPRM-Wait
	Query Sampler: 
	Map Evaluators:
		IndividualQuery
	Input Map: 
	Samplers
		UniformRandomFree	Number:0	Attempts:5
	Connectors
		Closest0
BasicPRM::IndividualPRM-Wait::Initialize: 1.64697 sec
Using local boundary CSpaceBoundingSphere [ 0.611767 0.156335 -0.32236 ; 4.13512 ] on robot robot7
BasicPRM::IndividualPRM-Wait::Run: 0.003 sec
BasicPRM::IndividualPRM-Wait
	Query Sampler: 
	Map Evaluators:
		IndividualQuery
	Input Map: 
	Samplers
		UniformRandomFree	Number:0	Attempts:5
	Connectors
		Closest0
BasicPRM::IndividualPRM-Wait::Initialize: 1.71497 sec
Using local boundary CSpaceBoundingSphere [ 0.0826973 1.18289 -0.26103 ; 5.79176 ] on robot robot5
BasicPRM::IndividualPRM-Wait::Run: 0.003 sec
Failed to find valid start interval for vid: 132 at time :0GroupDecoupledStrategy::DecoupledPRM-local-wait::Run: 1.86498 sec
robot6's path cost: 4.45
robot3's path cost: 2
robot1's path cost: 1.5
robot2's path cost: 2.7
GroupDecoupledStrategy::DecoupledPRM-local-regular
	Query Sampler: 
	Map Evaluators:
		BoundedDecoupledQuery
	strategyLabel: IndividualPRM-Local
GroupDecoupledStrategy::DecoupledPRM-local-regular::Initialize: 0 sec
BasicPRM::IndividualPRM-Local
	Query Sampler: 
	Map Evaluators:
		IndividualQuery
	Input Map: 
	Samplers
		UniformRandomFree	Number:5	Attempts:5
	Connectors
		Closest3
BasicPRM::IndividualPRM-Local::Initialize: 0.002085 sec
Using local boundary CSpaceBoundingSphere [ 0.606513 0.14013 -0.299649 ; 4.90008 ] on robot robot6
BasicPRM::IndividualPRM-Local::Run: 0.035181 sec
BasicPRM::IndividualPRM-Local
	Query Sampler: 
	Map Evaluators:
		IndividualQuery
	Input Map: 
	Samplers
		UniformRandomFree	Number:5	Attempts:5
	Connectors
		Closest3
BasicPRM::IndividualPRM-Local::Initialize: 0.002085 sec
Using local boundary CSpaceBoundingSphere [ -1.0535 0.521552 -0.233924 ; 2.23094 ] on robot robot3
BasicPRM::IndividualPRM-Local::Run: 0.036703 sec
BasicPRM::IndividualPRM-Local
	Query Sampler: 
	Map Evaluators:
		IndividualQuery
	Input Map: 
	Samplers
		UniformRandomFree	Number:5	Attempts:5
	Connectors
		Closest3
BasicPRM::IndividualPRM-Local::Initialize: 0.002085 sec
Using local boundary CSpaceBoundingSphere [ -1.57703 0.918513 0.0965884 ; 1.64847 ] on robot robot1
BasicPRM::IndividualPRM-Local::Run: 0.037606 sec
BasicPRM::IndividualPRM-Local
	Query Sampler: 
	Map Evaluators:
		IndividualQuery
	Input Map: 
	Samplers
		UniformRandomFree	Number:5	Attempts:5
	Connectors
		Closest3
BasicPRM::IndividualPRM-Local::Initialize: 0.002085 sec
Using local boundary CSpaceBoundingSphere [ -1.34385 0.252167 0.260365 ; 2.9654 ] on robot robot2
BasicPRM::IndividualPRM-Local::Run: 0.038202 sec
BasicPRM::IndividualPRM-Local
	Query Sampler: 
	Map Evaluators:
		IndividualQuery
	Input Map: 
	Samplers
		UniformRandomFree	Number:5	Attempts:5
	Connectors
		Closest3
BasicPRM::IndividualPRM-Local::Initialize: 0.002154 sec
Using local boundary CSpaceBoundingSphere [ 0.611767 0.156335 -0.32236 ; 4.13512 ] on robot robot7
BasicPRM::IndividualPRM-Local::Run: 0.039202 sec
BasicPRM::IndividualPRM-Local
	Query Sampler: 
	Map Evaluators:
		IndividualQuery
	Input Map: 
	Samplers
		UniformRandomFree	Number:5	Attempts:5
	Connectors
		Closest3
BasicPRM::IndividualPRM-Local::Initialize: 0.003154 sec
Using local boundary CSpaceBoundingSphere [ 0.0826973 1.18289 -0.26103 ; 5.79176 ] on robot robot5
BasicPRM::IndividualPRM-Local::Run: 0.040202 sec
Failed to find valid start interval for vid: 132 at time :0GroupDecoupledStrategy::DecoupledPRM-local-regular::Run: 1.25504 sec
robot6's path cost: 4.45
robot3's path cost: 2
robot1's path cost: 1.5
robot2's path cost: 2.7
GroupPRM::CompositePRM-local
	Query Sampler: 
	Map Evaluators:
		BoundedCompositeQuery
	Samplers
		UniformRandomFree	Number:10	Attempts:5
	Connectors
		Closest5
Robot: 
robot1
Boundary: 
CSpaceBoundingBox [-0.996519:-0.996519 ; 0.463055:0.463055 ; -0.77292:-0.77292 ]
Robot: 
robot5
Boundary: 
CSpaceBoundingBox [-2.48016:-2.48016 ; 1.6421:1.6421 ; -0.650371:-0.650371 ]
Robot: 
robot2
Boundary: 
CSpaceBoundingBox [-0.064879:-0.064879 ; -0.13055:-0.13055 ; -0.553586:-0.553586 ]
Robot: 
robot6
Boundary: 
CSpaceBoundingBox [-1.45602:-1.45602 ; 0.909028:0.909028 ; -0.95955:-0.95955 ]
Robot: 
robot3
Boundary: 
CSpaceBoundingBox [-0.0828831:-0.0828831 ; 0.289775:0.289775 ; 0.585785:0.585785 ]
Robot: 
robot7
Boundary: 
CSpaceBoundingBox [-1.12994:-1.12994 ; 0.797631:0.797631 ; 0.974459:0.974459 ]
GroupPRM::CompositePRM-local::Initialize: 0.011322 sec
GroupPRM::CompositePRM-local::Run: 0.624124 sec
GroupDecoupledStrategy::DecoupledPRM-local-wait
	Query Sampler: 
	Map Evaluators:
		BoundedDecoupledQuery
	strategyLabel: IndividualPRM-Wait
GroupDecoupledStrategy::DecoupledPRM-local-wait::Initialize: 0 sec
BasicPRM::IndividualPRM-Wait
	Query Sampler: 
	Map Evaluators:
		IndividualQuery
	Input Map: 
	Samplers
		UniformRandomFree	Number:0	Attempts:5
	Connectors
		Closest0
BasicPRM::IndividualPRM-Wait::Initialize: 1.76697 sec
Using local boundary CSpaceBoundingSphere [ -0.286786 0.50969 -0.196273 ; 1 ] on robot robot1
BasicPRM::IndividualPRM-Wait::Run: 0.003 sec
BasicPRM::IndividualPRM-Wait
	Query Sampler: 
	Map Evaluators:
		IndividualQuery
	Input Map: 
	Samplers
		UniformRandomFree	Number:0	Attempts:5
	Connectors
		Closest0
BasicPRM::IndividualPRM-Wait::Initialize: 1.81897 sec
Using local boundary CSpaceBoundingSphere [ 0.03499 0.39911 -0.261627 ; 1 ] on robot robot3
BasicPRM::IndividualPRM-Wait::Run: 0.004001 sec
GroupDecoupledStrategy::DecoupledPRM-local-wait::Run: 1.97698 sec
robot1's path cost: 0.45
robot3's path cost: 0.45
GroupDecoupledStrategy::DecoupledPRM-local-wait
	Query Sampler: 
	Map Evaluators:
		BoundedDecoupledQuery
	strategyLabel: IndividualPRM-Wait
GroupDecoupledStrategy::DecoupledPRM-local-wait::Initialize: 0 sec
BasicPRM::IndividualPRM-Wait
	Query Sampler: 
	Map Evaluators:
		IndividualQuery
	Input Map: 
	Samplers
		UniformRandomFree	Number:0	Attempts:5
	Connectors
		Closest0
BasicPRM::IndividualPRM-Wait::Initialize: 1.87297 sec
Using local boundary CSpaceBoundingSphere [ 0.0609167 0.390839 -0.266576 ; 1 ] on robot robot1
BasicPRM::IndividualPRM-Wait::Run: 0.004001 sec
BasicPRM::IndividualPRM-Wait
	Query Sampler: 
	Map Evaluators:
		IndividualQuery
	Input Map: 
	Samplers
		UniformRandomFree	Number:0	Attempts:5
	Connectors
		Closest0
BasicPRM::IndividualPRM-Wait::Initialize: 1.92496 sec
Using local boundary CSpaceBoundingSphere [ 0.377491 0.282471 -0.330722 ; 1 ] on robot robot3
BasicPRM::IndividualPRM-Wait::Run: 0.004001 sec
GroupDecoupledStrategy::DecoupledPRM-local-wait::Run: 2.09197 sec
robot1's path cost: 0.6
robot3's path cost: 0.6
GroupDecoupledStrategy::DecoupledPRM-local-wait
	Query Sampler: 
	Map Evaluators:
		BoundedDecoupledQuery
	strategyLabel: IndividualPRM-Wait
GroupDecoupledStrategy::DecoupledPRM-local-wait::Initialize: 0 sec
BasicPRM::IndividualPRM-Wait
	Query Sampler: 
	Map Evaluators:
		IndividualQuery
	Input Map: 
	Samplers
		UniformRandomFree	Number:0	Attempts:5
	Connectors
		Closest0
BasicPRM::IndividualPRM-Wait::Initialize: 1.98996 sec
Using local boundary CSpaceBoundingSphere [ 0.939785 0.090561 -0.444408 ; 1 ] on robot robot2
BasicPRM::IndividualPRM-Wait::Run: 0.004001 sec
BasicPRM::IndividualPRM-Wait
	Query Sampler: 
	Map Evaluators:
		IndividualQuery
	Input Map: 
	Samplers
		UniformRandomFree	Number:0	Attempts:5
	Connectors
		Closest0
BasicPRM::IndividualPRM-Wait::Initialize: 2.04496 sec
Using local boundary CSpaceBoundingSphere [ 0.507032 0.238247 -0.35692 ; 1 ] on robot robot3
BasicPRM::IndividualPRM-Wait::Run: 0.004001 sec
BasicPRM::IndividualPRM-Wait
	Query Sampler: 
	Map Evaluators:
		IndividualQuery
	Input Map: 
	Samplers
		UniformRandomFree	Number:0	Attempts:5
	Connectors
		Closest0
BasicPRM::IndividualPRM-Wait::Initialize: 2.10296 sec
Using local boundary CSpaceBoundingSphere [ 0.201618 0.342766 -0.295046 ; 1 ] on robot robot1
BasicPRM::IndividualPRM-Wait::Run: 0.005002 sec
GroupDecoupledStrategy::DecoupledPRM-local-wait::Run: 2.28397 sec
robot2's path cost: 0.5
robot3's path cost: 0.7
robot1's path cost: 0.7
GroupDecoupledStrategy::DecoupledPRM-local-wait
	Query Sampler: 
	Map Evaluators:
		BoundedDecoupledQuery
	strategyLabel: IndividualPRM-Wait
GroupDecoupledStrategy::DecoupledPRM-local-wait::Initialize: 0 sec
BasicPRM::IndividualPRM-Wait
	Query Sampler: 
	Map Evaluators:
		IndividualQuery
	Input Map: 
	Samplers
		UniformRandomFree	Number:0	Attempts:5
	Connectors
		Closest0
BasicPRM::IndividualPRM-Wait::Initialize: 2.16596 sec
Using local boundary CSpaceBoundingSphere [ 0.468786 0.25148 -0.349101 ; 1 ] on robot robot1
BasicPRM::IndividualPRM-Wait::Run: 0.005002 sec
BasicPRM::IndividualPRM-Wait
	Query Sampler: 
	Map Evaluators:
		IndividualQuery
	Input Map: 
	Samplers
		UniformRandomFree	Number:0	Attempts:5
	Connectors
		Closest0
BasicPRM::IndividualPRM-Wait::Initialize: 2.22996 sec
Using local boundary CSpaceBoundingSphere [ 1.04706 0.0512654 -0.463071 ; 1.27877 ] on robot robot3
BasicPRM::IndividualPRM-Wait::Run: 0.006003 sec
BasicPRM::IndividualPRM-Wait
	Query Sampler: 
	Map Evaluators:
		IndividualQuery
	Input Map: 
	Samplers
		UniformRandomFree	Number:0	Attempts:5
	Connectors
		Closest0
BasicPRM::IndividualPRM-Wait::Initialize: 2.29895 sec
Using local boundary CSpaceBoundingSphere [ 1.14501 0.0204508 -0.485941 ; 1 ] on robot robot2
BasicPRM::IndividualPRM-Wait::Run: 0.007003 sec
Failed to find a path.
GroupDecoupledStrategy::DecoupledPRM-local-wait::Run: 2.50497 sec
robot1's path cost: 0.6
GroupDecoupledStrategy::DecoupledPRM-local-regular
	Query Sampler: 
	Map Evaluators:
		BoundedDecoupledQuery
	strategyLabel: IndividualPRM-Local
GroupDecoupledStrategy::DecoupledPRM-local-regular::Initialize: 0 sec
BasicPRM::IndividualPRM-Local
	Query Sampler: 
	Map Evaluators:
		IndividualQuery
	Input Map: 
	Samplers
		UniformRandomFree	Number:5	Attempts:5
	Connectors
		Closest3
BasicPRM::IndividualPRM-Local::Initialize: 0.003154 sec
Using local boundary CSpaceBoundingSphere [ 0.468786 0.25148 -0.349101 ; 1 ] on robot robot1
BasicPRM::IndividualPRM-Local::Run: 0.042202 sec
BasicPRM::IndividualPRM-Local
	Query Sampler: 
	Map Evaluators:
		IndividualQuery
	Input Map: 
	Samplers
		UniformRandomFree	Number:5	Attempts:5
	Connectors
		Closest3
BasicPRM::IndividualPRM-Local::Initialize: 0.003154 sec
Using local boundary CSpaceBoundingSphere [ 1.04706 0.0512654 -0.463071 ; 1.27877 ] on robot robot3
BasicPRM::IndividualPRM-Local::Run: 0.043938 sec
BasicPRM::IndividualPRM-Local
	Query Sampler: 
	Map Evaluators:
		IndividualQuery
	Input Map: 
	Samplers
		UniformRandomFree	Number:5	Attempts:5
	Connectors
		Closest3
BasicPRM::IndividualPRM-Local::Initialize: 0.003154 sec
Using local boundary CSpaceBoundingSphere [ 1.14501 0.0204508 -0.485941 ; 1 ] on robot robot2
BasicPRM::IndividualPRM-Local::Run: 0.044938 sec
Failed to find a path.
GroupDecoupledStrategy::DecoupledPRM-local-regular::Run: 1.28093 sec
robot1's path cost: 0.6
GroupPRM::CompositePRM-local
	Query Sampler: 
	Map Evaluators:
		BoundedCompositeQuery
	Samplers
		UniformRandomFree	Number:10	Attempts:5
	Connectors
		Closest5
Robot: 
robot1
Boundary: 
CSpaceBoundingBox [0.735954:0.735954 ; 0.160195:0.160195 ; 0.596843:0.596843 ]
Robot: 
robot2
Boundary: 
CSpaceBoundingBox [1.26191:1.26191 ; -0.0194851:-0.0194851 ; 0.490401:0.490401 ]
Robot: 
robot3
Boundary: 
CSpaceBoundingBox [1.58709:1.58709 ; -0.135716:-0.135716 ; 0.430777:0.430777 ]
GroupPRM::CompositePRM-local::Initialize: 0.012323 sec
GroupPRM::CompositePRM-local::Run: 0.635368 sec
GroupDecoupledStrategy::DecoupledPRM-local-wait
	Query Sampler: 
	Map Evaluators:
		BoundedDecoupledQuery
	strategyLabel: IndividualPRM-Wait
GroupDecoupledStrategy::DecoupledPRM-local-wait::Initialize: 0 sec
BasicPRM::IndividualPRM-Wait
	Query Sampler: 
	Map Evaluators:
		IndividualQuery
	Input Map: 
	Samplers
		UniformRandomFree	Number:0	Attempts:5
	Connectors
		Closest0
BasicPRM::IndividualPRM-Wait::Initialize: 2.37495 sec
Using local boundary CSpaceBoundingSphere [ 1.11379 0.0311163 -0.479623 ; 1 ] on robot robot1
BasicPRM::IndividualPRM-Wait::Run: 0.007003 sec
BasicPRM::IndividualPRM-Wait
	Query Sampler: 
	Map Evaluators:
		IndividualQuery
	Input Map: 
	Samplers
		UniformRandomFree	Number:0	Attempts:5
	Connectors
		Closest0
BasicPRM::IndividualPRM-Wait::Initialize: 2.44495 sec
Using local boundary CSpaceBoundingSphere [ 1.44572 -0.08228 0.453201 ; 1 ] on robot robot2
BasicPRM::IndividualPRM-Wait::Run: 0.007003 sec
GroupDecoupledStrategy::DecoupledPRM-local-wait::Run: 2.66397 sec
robot1's path cost: 0.3
robot2's path cost: 0.25
GroupDecoupledStrategy::ARC10::Run: 5.33448 sec
robot1's path cost: 57.2
robot2's path cost: 53.8
robot3's path cost: 52.2
robot4's path cost: 15.35
robot5's path cost: 45.9
robot6's path cost: 45.35
robot7's path cost: 49.55
robot8's path cost: 17.75
MPLibrary::Initialize: 0 sec
