[0;1;32mLocalRepairQuery Constructor called for LocalRepair10[0m


MPLibrary is solving with MPStrategyMethod labeled ARC10 using seed 47516.
GroupDecoupledStrategy::ARC10
	Query Sampler: 
	Map Evaluators:
		LocalRepair10
	strategyLabel: IndividualEvaluation
GroupDecoupledStrategy::ARC10::Initialize: 0 sec
BasicPRM::SharedRoadmapPRM
	Query Sampler: 
	Map Evaluators:
		NodesEval
	Input Map: 
	Samplers
		UniformRandomFree	Number:4	Attempts:5
	Connectors
		Closest5
BasicPRM::SharedRoadmapPRM::Initialize: 0 sec
BasicPRM::SharedRoadmapPRM::Run: 0.038999 sec
BasicPRM::IndividualEvaluation
	Query Sampler: UniformRandomFree
	Map Evaluators:
		AlwaysTrue
	Input Map: 
	Samplers
	Connectors
		Closest3
BasicPRM::IndividualEvaluation::Initialize: 0.000546 sec
BasicPRM::IndividualEvaluation::Run: 0 sec
BasicPRM::IndividualEvaluation
	Query Sampler: UniformRandomFree
	Map Evaluators:
		AlwaysTrue
	Input Map: 
	Samplers
	Connectors
		Closest3
BasicPRM::IndividualEvaluation::Initialize: 0.001156 sec
BasicPRM::IndividualEvaluation::Run: 0 sec
BasicPRM::IndividualEvaluation
	Query Sampler: UniformRandomFree
	Map Evaluators:
		AlwaysTrue
	Input Map: 
	Samplers
	Connectors
		Closest3
BasicPRM::IndividualEvaluation::Initialize: 0.002246 sec
BasicPRM::IndividualEvaluation::Run: 0 sec
BasicPRM::IndividualEvaluation
	Query Sampler: UniformRandomFree
	Map Evaluators:
		AlwaysTrue
	Input Map: 
	Samplers
	Connectors
		Closest3
BasicPRM::IndividualEvaluation::Initialize: 0.003519 sec
BasicPRM::IndividualEvaluation::Run: 0 sec
BasicPRM::IndividualEvaluation
	Query Sampler: UniformRandomFree
	Map Evaluators:
		AlwaysTrue
	Input Map: 
	Samplers
	Connectors
		Closest3
BasicPRM::IndividualEvaluation::Initialize: 0.004821 sec
BasicPRM::IndividualEvaluation::Run: 0 sec
BasicPRM::IndividualEvaluation
	Query Sampler: UniformRandomFree
	Map Evaluators:
		AlwaysTrue
	Input Map: 
	Samplers
	Connectors
		Closest3
BasicPRM::IndividualEvaluation::Initialize: 0.006511 sec
BasicPRM::IndividualEvaluation::Run: 0 sec
BasicPRM::IndividualEvaluation
	Query Sampler: UniformRandomFree
	Map Evaluators:
		AlwaysTrue
	Input Map: 
	Samplers
	Connectors
		Closest3
BasicPRM::IndividualEvaluation::Initialize: 0.009191 sec
BasicPRM::IndividualEvaluation::Run: 0 sec
BasicPRM::IndividualEvaluation
	Query Sampler: UniformRandomFree
	Map Evaluators:
		AlwaysTrue
	Input Map: 
	Samplers
	Connectors
		Closest3
BasicPRM::IndividualEvaluation::Initialize: 0.011549 sec
BasicPRM::IndividualEvaluation::Run: 0 sec
GroupDecoupledStrategy::DecoupledPRM-local-wait
	Query Sampler: 
	Map Evaluators:
		BoundedDecoupledQuery
	strategyLabel: IndividualPRM-Wait
GroupDecoupledStrategy::DecoupledPRM-local-wait::Initialize: 0 sec
BasicPRM::IndividualPRM-Wait
	Query Sampler: 
	Map Evaluators:
		IndividualQuery
	Input Map: 
	Samplers
		UniformRandomFree	Number:0	Attempts:5
	Connectors
		Closest0
BasicPRM::IndividualPRM-Wait::Initialize: 0.028 sec
Using local boundary CSpaceBoundingSphere [ 2.91807 0.409935 0.0146447 ; 1.86843 ] on robot robot6
BasicPRM::IndividualPRM-Wait::Run: 0 sec
BasicPRM::IndividualPRM-Wait
	Query Sampler: 
	Map Evaluators:
		IndividualQuery
	Input Map: 
	Samplers
		UniformRandomFree	Number:0	Attempts:5
	Connectors
		Closest0
BasicPRM::IndividualPRM-Wait::Initialize: 0.051 sec
Using local boundary CSpaceBoundingSphere [ 2.99171 0.110663 0.157466 ; 1.06722 ] on robot robot7
BasicPRM::IndividualPRM-Wait::Run: 0.001001 sec
GroupDecoupledStrategy::DecoupledPRM-local-wait::Run: 0.054 sec
robot6's path cost: 1.7
robot7's path cost: 2.1
GroupDecoupledStrategy::DecoupledPRM-local-wait
	Query Sampler: 
	Map Evaluators:
		BoundedDecoupledQuery
	strategyLabel: IndividualPRM-Wait
GroupDecoupledStrategy::DecoupledPRM-local-wait::Initialize: 0 sec
BasicPRM::IndividualPRM-Wait
	Query Sampler: 
	Map Evaluators:
		IndividualQuery
	Input Map: 
	Samplers
		UniformRandomFree	Number:0	Attempts:5
	Connectors
		Closest0
BasicPRM::IndividualPRM-Wait::Initialize: 0.074 sec
Using local boundary CSpaceBoundingSphere [ 1.8181 0.217234 -0.118016 ; 1 ] on robot robot6
BasicPRM::IndividualPRM-Wait::Run: 0.001001 sec
BasicPRM::IndividualPRM-Wait
	Query Sampler: 
	Map Evaluators:
		IndividualQuery
	Input Map: 
	Samplers
		UniformRandomFree	Number:0	Attempts:5
	Connectors
		Closest0
BasicPRM::IndividualPRM-Wait::Initialize: 0.085 sec
Using local boundary CSpaceBoundingSphere [ 1.96411 0.294674 -0.10238 ; 1.3365 ] on robot robot7
BasicPRM::IndividualPRM-Wait::Run: 0.001001 sec
Failed to find a path.
GroupDecoupledStrategy::DecoupledPRM-local-wait::Run: 0.092 sec
GroupDecoupledStrategy::DecoupledPRM-local-regular
	Query Sampler: 
	Map Evaluators:
		BoundedDecoupledQuery
	strategyLabel: IndividualPRM-Local
GroupDecoupledStrategy::DecoupledPRM-local-regular::Initialize: 0 sec
BasicPRM::IndividualPRM-Local
	Query Sampler: 
	Map Evaluators:
		IndividualQuery
	Input Map: 
	Samplers
		UniformRandomFree	Number:5	Attempts:5
	Connectors
		Closest3
BasicPRM::IndividualPRM-Local::Initialize: 0 sec
Using local boundary CSpaceBoundingSphere [ 1.8181 0.217234 -0.118016 ; 1 ] on robot robot6
BasicPRM::IndividualPRM-Local::Run: 0.001001 sec
BasicPRM::IndividualPRM-Local
	Query Sampler: 
	Map Evaluators:
		IndividualQuery
	Input Map: 
	Samplers
		UniformRandomFree	Number:5	Attempts:5
	Connectors
		Closest3
BasicPRM::IndividualPRM-Local::Initialize: 0 sec
Using local boundary CSpaceBoundingSphere [ 1.96411 0.294674 -0.10238 ; 1.3365 ] on robot robot7
BasicPRM::IndividualPRM-Local::Run: 0.002 sec
Failed to find a path.
GroupDecoupledStrategy::DecoupledPRM-local-regular::Run: 0.003001 sec
robot6's path cost: 0.4
GroupPRM::CompositePRM-local
	Query Sampler: 
	Map Evaluators:
		BoundedCompositeQuery
	Samplers
		UniformRandomFree	Number:10	Attempts:5
	Connectors
		Closest5
Robot: 
robot6
Boundary: 
CSpaceBoundingBox [1.64249:1.64249 ; 0.18647:0.18647 ; 0.860804:0.860804 ]
Robot: 
robot7
Boundary: 
CSpaceBoundingBox [1.36555:1.36555 ; 0.317005:0.317005 ; -0.203757:-0.203757 ]
GroupPRM::CompositePRM-local::Initialize: 0 sec
GroupPRM::CompositePRM-local::Run: 0.007073 sec
[0;1;34mExpanding time space[0m
GroupDecoupledStrategy::DecoupledPRM-local-wait
	Query Sampler: 
	Map Evaluators:
		BoundedDecoupledQuery
	strategyLabel: IndividualPRM-Wait
GroupDecoupledStrategy::DecoupledPRM-local-wait::Initialize: 0 sec
BasicPRM::IndividualPRM-Wait
	Query Sampler: 
	Map Evaluators:
		IndividualQuery
	Input Map: 
	Samplers
		UniformRandomFree	Number:0	Attempts:5
	Connectors
		Closest0
BasicPRM::IndividualPRM-Wait::Initialize: 0.097998 sec
Using local boundary CSpaceBoundingSphere [ 1.91379 0.233999 -0.106475 ; 1 ] on robot robot6
BasicPRM::IndividualPRM-Wait::Run: 0.001001 sec
BasicPRM::IndividualPRM-Wait
	Query Sampler: 
	Map Evaluators:
		IndividualQuery
	Input Map: 
	Samplers
		UniformRandomFree	Number:0	Attempts:5
	Connectors
		Closest0
BasicPRM::IndividualPRM-Wait::Initialize: 0.112527 sec
Using local boundary CSpaceBoundingSphere [ 2.18992 0.209579 -0.018975 ; 1.87358 ] on robot robot7
BasicPRM::IndividualPRM-Wait::Run: 0.001001 sec
GroupDecoupledStrategy::DecoupledPRM-local-wait::Run: 0.141025 sec
robot6's path cost: 1.75
robot7's path cost: 1.7
GroupDecoupledStrategy::DecoupledPRM-local-wait
	Query Sampler: 
	Map Evaluators:
		BoundedDecoupledQuery
	strategyLabel: IndividualPRM-Wait
GroupDecoupledStrategy::DecoupledPRM-local-wait::Initialize: 0 sec
BasicPRM::IndividualPRM-Wait
	Query Sampler: 
	Map Evaluators:
		IndividualQuery
	Input Map: 
	Samplers
		UniformRandomFree	Number:0	Attempts:5
	Connectors
		Closest0
BasicPRM::IndividualPRM-Wait::Initialize: 0.141524 sec
Using local boundary CSpaceBoundingSphere [ -0.202511 3.91781 -0.351601 ; 1.09644 ] on robot robot1
BasicPRM::IndividualPRM-Wait::Run: 0.001001 sec
BasicPRM::IndividualPRM-Wait
	Query Sampler: 
	Map Evaluators:
		IndividualQuery
	Input Map: 
	Samplers
		UniformRandomFree	Number:0	Attempts:5
	Connectors
		Closest0
BasicPRM::IndividualPRM-Wait::Initialize: 0.169524 sec
Using local boundary CSpaceBoundingSphere [ -0.00371991 3.92048 -0.3369 ; 1.09644 ] on robot robot5
BasicPRM::IndividualPRM-Wait::Run: 0.001001 sec
GroupDecoupledStrategy::DecoupledPRM-local-wait::Run: 0.201022 sec
robot1's path cost: 1
robot5's path cost: 5
GroupDecoupledStrategy::DecoupledPRM-local-wait
	Query Sampler: 
	Map Evaluators:
		BoundedDecoupledQuery
	strategyLabel: IndividualPRM-Wait
GroupDecoupledStrategy::DecoupledPRM-local-wait::Initialize: 0 sec
BasicPRM::IndividualPRM-Wait
	Query Sampler: 
	Map Evaluators:
		IndividualQuery
	Input Map: 
	Samplers
		UniformRandomFree	Number:0	Attempts:5
	Connectors
		Closest0
BasicPRM::IndividualPRM-Wait::Initialize: 0.194524 sec
Using local boundary CSpaceBoundingSphere [ -0.119502 -2.925 -0.119356 ; 1.09907 ] on robot robot4
BasicPRM::IndividualPRM-Wait::Run: 0.001001 sec
BasicPRM::IndividualPRM-Wait
	Query Sampler: 
	Map Evaluators:
		IndividualQuery
	Input Map: 
	Samplers
		UniformRandomFree	Number:0	Attempts:5
	Connectors
		Closest0
BasicPRM::IndividualPRM-Wait::Initialize: 0.220523 sec
Using local boundary CSpaceBoundingSphere [ 0.129396 -2.92553 -0.0983015 ; 1.09907 ] on robot robot8
BasicPRM::IndividualPRM-Wait::Run: 0.001001 sec
Failed to find a path.
GroupDecoupledStrategy::DecoupledPRM-local-wait::Run: 0.254021 sec
GroupDecoupledStrategy::DecoupledPRM-local-regular
	Query Sampler: 
	Map Evaluators:
		BoundedDecoupledQuery
	strategyLabel: IndividualPRM-Local
GroupDecoupledStrategy::DecoupledPRM-local-regular::Initialize: 0 sec
BasicPRM::IndividualPRM-Local
	Query Sampler: 
	Map Evaluators:
		IndividualQuery
	Input Map: 
	Samplers
		UniformRandomFree	Number:5	Attempts:5
	Connectors
		Closest3
BasicPRM::IndividualPRM-Local::Initialize: 0 sec
Using local boundary CSpaceBoundingSphere [ -0.119502 -2.925 -0.119356 ; 1.09907 ] on robot robot4
BasicPRM::IndividualPRM-Local::Run: 0.003001 sec
BasicPRM::IndividualPRM-Local
	Query Sampler: 
	Map Evaluators:
		IndividualQuery
	Input Map: 
	Samplers
		UniformRandomFree	Number:5	Attempts:5
	Connectors
		Closest3
BasicPRM::IndividualPRM-Local::Initialize: 0.000999 sec
Using local boundary CSpaceBoundingSphere [ 0.129396 -2.92553 -0.0983015 ; 1.09907 ] on robot robot8
BasicPRM::IndividualPRM-Local::Run: 0.003001 sec
GroupDecoupledStrategy::DecoupledPRM-local-regular::Run: 0.00901 sec
robot4's path cost: 2.15
robot8's path cost: 1
GroupDecoupledStrategy::DecoupledPRM-local-wait
	Query Sampler: 
	Map Evaluators:
		BoundedDecoupledQuery
	strategyLabel: IndividualPRM-Wait
GroupDecoupledStrategy::DecoupledPRM-local-wait::Initialize: 0 sec
BasicPRM::IndividualPRM-Wait
	Query Sampler: 
	Map Evaluators:
		IndividualQuery
	Input Map: 
	Samplers
		UniformRandomFree	Number:0	Attempts:5
	Connectors
		Closest0
BasicPRM::IndividualPRM-Wait::Initialize: 0.242521 sec
Using local boundary CSpaceBoundingSphere [ 0.788606 0.2268 -0.131339 ; 1.06349 ] on robot robot2
BasicPRM::IndividualPRM-Wait::Run: 0.001001 sec
BasicPRM::IndividualPRM-Wait
	Query Sampler: 
	Map Evaluators:
		IndividualQuery
	Input Map: 
	Samplers
		UniformRandomFree	Number:0	Attempts:5
	Connectors
		Closest0
BasicPRM::IndividualPRM-Wait::Initialize: 0.269522 sec
Using local boundary CSpaceBoundingSphere [ 0.984644 0.331216 -0.268269 ; 1 ] on robot robot7
BasicPRM::IndividualPRM-Wait::Run: 0.001001 sec
Failed to find a path.
GroupDecoupledStrategy::DecoupledPRM-local-wait::Run: 0.30602 sec
GroupDecoupledStrategy::DecoupledPRM-local-regular
	Query Sampler: 
	Map Evaluators:
		BoundedDecoupledQuery
	strategyLabel: IndividualPRM-Local
GroupDecoupledStrategy::DecoupledPRM-local-regular::Initialize: 0 sec
BasicPRM::IndividualPRM-Local
	Query Sampler: 
	Map Evaluators:
		IndividualQuery
	Input Map: 
	Samplers
		UniformRandomFree	Number:5	Attempts:5
	Connectors
		Closest3
BasicPRM::IndividualPRM-Local::Initialize: 0.000999 sec
Using local boundary CSpaceBoundingSphere [ 0.788606 0.2268 -0.131339 ; 1.06349 ] on robot robot2
BasicPRM::IndividualPRM-Local::Run: 0.003001 sec
BasicPRM::IndividualPRM-Local
	Query Sampler: 
	Map Evaluators:
		IndividualQuery
	Input Map: 
	Samplers
		UniformRandomFree	Number:5	Attempts:5
	Connectors
		Closest3
BasicPRM::IndividualPRM-Local::Initialize: 0.001998 sec
Using local boundary CSpaceBoundingSphere [ 0.984644 0.331216 -0.268269 ; 1 ] on robot robot7
BasicPRM::IndividualPRM-Local::Run: 0.003001 sec
GroupDecoupledStrategy::DecoupledPRM-local-regular::Run: 0.01201 sec
robot2's path cost: 1.5
robot7's path cost: 0.4
GroupDecoupledStrategy::DecoupledPRM-local-wait
	Query Sampler: 
	Map Evaluators:
		BoundedDecoupledQuery
	strategyLabel: IndividualPRM-Wait
GroupDecoupledStrategy::DecoupledPRM-local-wait::Initialize: 0 sec
BasicPRM::IndividualPRM-Wait
	Query Sampler: 
	Map Evaluators:
		IndividualQuery
	Input Map: 
	Samplers
		UniformRandomFree	Number:0	Attempts:5
	Connectors
		Closest0
BasicPRM::IndividualPRM-Wait::Initialize: 0.293522 sec
Using local boundary CSpaceBoundingSphere [ 1.20159 0.0900559 -0.218846 ; 1.27335 ] on robot robot2
BasicPRM::IndividualPRM-Wait::Run: 0.001001 sec
BasicPRM::IndividualPRM-Wait
	Query Sampler: 
	Map Evaluators:
		IndividualQuery
	Input Map: 
	Samplers
		UniformRandomFree	Number:0	Attempts:5
	Connectors
		Closest0
BasicPRM::IndividualPRM-Wait::Initialize: 0.319521 sec
Using local boundary CSpaceBoundingSphere [ 1.36664 0.138145 -0.172464 ; 1 ] on robot robot6
BasicPRM::IndividualPRM-Wait::Run: 0.001001 sec
BasicPRM::IndividualPRM-Wait
	Query Sampler: 
	Map Evaluators:
		IndividualQuery
	Input Map: 
	Samplers
		UniformRandomFree	Number:0	Attempts:5
	Connectors
		Closest0
BasicPRM::IndividualPRM-Wait::Initialize: 0.347521 sec
Using local boundary CSpaceBoundingSphere [ 0.637049 0.344184 -0.32714 ; 1 ] on robot robot7
BasicPRM::IndividualPRM-Wait::Run: 0.001001 sec
Failed to find a path.
GroupDecoupledStrategy::DecoupledPRM-local-wait::Run: 0.38602 sec
GroupDecoupledStrategy::DecoupledPRM-local-regular
	Query Sampler: 
	Map Evaluators:
		BoundedDecoupledQuery
	strategyLabel: IndividualPRM-Local
GroupDecoupledStrategy::DecoupledPRM-local-regular::Initialize: 0 sec
BasicPRM::IndividualPRM-Local
	Query Sampler: 
	Map Evaluators:
		IndividualQuery
	Input Map: 
	Samplers
		UniformRandomFree	Number:5	Attempts:5
	Connectors
		Closest3
BasicPRM::IndividualPRM-Local::Initialize: 0.001998 sec
Using local boundary CSpaceBoundingSphere [ 1.20159 0.0900559 -0.218846 ; 1.27335 ] on robot robot2
BasicPRM::IndividualPRM-Local::Run: 0.004001 sec
BasicPRM::IndividualPRM-Local
	Query Sampler: 
	Map Evaluators:
		IndividualQuery
	Input Map: 
	Samplers
		UniformRandomFree	Number:5	Attempts:5
	Connectors
		Closest3
BasicPRM::IndividualPRM-Local::Initialize: 0.001998 sec
Using local boundary CSpaceBoundingSphere [ 1.36664 0.138145 -0.172464 ; 1 ] on robot robot6
BasicPRM::IndividualPRM-Local::Run: 0.005 sec
BasicPRM::IndividualPRM-Local
	Query Sampler: 
	Map Evaluators:
		IndividualQuery
	Input Map: 
	Samplers
		UniformRandomFree	Number:5	Attempts:5
	Connectors
		Closest3
BasicPRM::IndividualPRM-Local::Initialize: 0.001998 sec
Using local boundary CSpaceBoundingSphere [ 0.637049 0.344184 -0.32714 ; 1 ] on robot robot7
BasicPRM::IndividualPRM-Local::Run: 0.006001 sec
GroupDecoupledStrategy::DecoupledPRM-local-regular::Run: 0.034009 sec
robot2's path cost: 1.15
robot6's path cost: 1.4
robot7's path cost: 0.2
GroupDecoupledStrategy::ARC10::Run: 0.608341 sec
robot1's path cost: 14.05
robot2's path cost: 14
robot3's path cost: 12.75
robot4's path cost: 18.5
robot5's path cost: 19.05
robot6's path cost: 20.75
robot7's path cost: 17.2
robot8's path cost: 16.15
MPLibrary::Initialize: 0 sec
