[0;1;32mLocalRepairQuery Constructor called for LocalRepair10[0m


MPLibrary is solving with MPStrategyMethod labeled ARC10 using seed 61868.
GroupDecoupledStrategy::ARC10
	Query Sampler: 
	Map Evaluators:
		LocalRepair10
	strategyLabel: IndividualEvaluation
GroupDecoupledStrategy::ARC10::Initialize: 0 sec
BasicPRM::SharedRoadmapPRM
	Query Sampler: 
	Map Evaluators:
		NodesEval
	Input Map: 
	Samplers
		UniformRandomFree	Number:4	Attempts:5
	Connectors
		Closest5
BasicPRM::SharedRoadmapPRM::Initialize: 0 sec
BasicPRM::SharedRoadmapPRM::Run: 0.034999 sec
BasicPRM::IndividualEvaluation
	Query Sampler: UniformRandomFree
	Map Evaluators:
		AlwaysTrue
	Input Map: 
	Samplers
	Connectors
		Closest3
BasicPRM::IndividualEvaluation::Initialize: 0.00043 sec
BasicPRM::IndividualEvaluation::Run: 0 sec
BasicPRM::IndividualEvaluation
	Query Sampler: UniformRandomFree
	Map Evaluators:
		AlwaysTrue
	Input Map: 
	Samplers
	Connectors
		Closest3
BasicPRM::IndividualEvaluation::Initialize: 0.001393 sec
BasicPRM::IndividualEvaluation::Run: 0 sec
BasicPRM::IndividualEvaluation
	Query Sampler: UniformRandomFree
	Map Evaluators:
		AlwaysTrue
	Input Map: 
	Samplers
	Connectors
		Closest3
BasicPRM::IndividualEvaluation::Initialize: 0.001972 sec
BasicPRM::IndividualEvaluation::Run: 0 sec
BasicPRM::IndividualEvaluation
	Query Sampler: UniformRandomFree
	Map Evaluators:
		AlwaysTrue
	Input Map: 
	Samplers
	Connectors
		Closest3
BasicPRM::IndividualEvaluation::Initialize: 0.004573 sec
BasicPRM::IndividualEvaluation::Run: 0 sec
BasicPRM::IndividualEvaluation
	Query Sampler: UniformRandomFree
	Map Evaluators:
		AlwaysTrue
	Input Map: 
	Samplers
	Connectors
		Closest3
BasicPRM::IndividualEvaluation::Initialize: 0.006183 sec
BasicPRM::IndividualEvaluation::Run: 0 sec
BasicPRM::IndividualEvaluation
	Query Sampler: UniformRandomFree
	Map Evaluators:
		AlwaysTrue
	Input Map: 
	Samplers
	Connectors
		Closest3
BasicPRM::IndividualEvaluation::Initialize: 0.009147 sec
BasicPRM::IndividualEvaluation::Run: 0 sec
BasicPRM::IndividualEvaluation
	Query Sampler: UniformRandomFree
	Map Evaluators:
		AlwaysTrue
	Input Map: 
	Samplers
	Connectors
		Closest3
BasicPRM::IndividualEvaluation::Initialize: 0.011475 sec
BasicPRM::IndividualEvaluation::Run: 0 sec
BasicPRM::IndividualEvaluation
	Query Sampler: UniformRandomFree
	Map Evaluators:
		AlwaysTrue
	Input Map: 
	Samplers
	Connectors
		Closest3
BasicPRM::IndividualEvaluation::Initialize: 0.015549 sec
BasicPRM::IndividualEvaluation::Run: 0 sec
GroupDecoupledStrategy::DecoupledPRM-local-wait
	Query Sampler: 
	Map Evaluators:
		BoundedDecoupledQuery
	strategyLabel: IndividualPRM-Wait
GroupDecoupledStrategy::DecoupledPRM-local-wait::Initialize: 0 sec
BasicPRM::IndividualPRM-Wait
	Query Sampler: 
	Map Evaluators:
		IndividualQuery
	Input Map: 
	Samplers
		UniformRandomFree	Number:0	Attempts:5
	Connectors
		Closest0
BasicPRM::IndividualPRM-Wait::Initialize: 0.030999 sec
Using local boundary CSpaceBoundingSphere [ -2.44509 2.79229 -0.158452 ; 1.7194 ] on robot robot1
BasicPRM::IndividualPRM-Wait::Run: 0 sec
BasicPRM::IndividualPRM-Wait
	Query Sampler: 
	Map Evaluators:
		IndividualQuery
	Input Map: 
	Samplers
		UniformRandomFree	Number:0	Attempts:5
	Connectors
		Closest0
BasicPRM::IndividualPRM-Wait::Initialize: 0.057999 sec
Using local boundary CSpaceBoundingSphere [ -2.97329 2.76238 -0.0344909 ; 1.165 ] on robot robot2
BasicPRM::IndividualPRM-Wait::Run: 0 sec
GroupDecoupledStrategy::DecoupledPRM-local-wait::Run: 0.059999 sec
robot1's path cost: 1.5
robot2's path cost: 1.25
GroupDecoupledStrategy::DecoupledPRM-local-wait
	Query Sampler: 
	Map Evaluators:
		BoundedDecoupledQuery
	strategyLabel: IndividualPRM-Wait
GroupDecoupledStrategy::DecoupledPRM-local-wait::Initialize: 0 sec
BasicPRM::IndividualPRM-Wait
	Query Sampler: 
	Map Evaluators:
		IndividualQuery
	Input Map: 
	Samplers
		UniformRandomFree	Number:0	Attempts:5
	Connectors
		Closest0
BasicPRM::IndividualPRM-Wait::Initialize: 0.084 sec
Using local boundary CSpaceBoundingSphere [ 1.55004 -2.90507 0.440082 ; 2.15394 ] on robot robot8
BasicPRM::IndividualPRM-Wait::Run: 0 sec
BasicPRM::IndividualPRM-Wait
	Query Sampler: 
	Map Evaluators:
		IndividualQuery
	Input Map: 
	Samplers
		UniformRandomFree	Number:0	Attempts:5
	Connectors
		Closest0
BasicPRM::IndividualPRM-Wait::Initialize: 0.108976 sec
Using local boundary CSpaceBoundingSphere [ 2.25039 -2.5454 0.40265 ; 1.08733 ] on robot robot7
BasicPRM::IndividualPRM-Wait::Run: 0 sec
GroupDecoupledStrategy::DecoupledPRM-local-wait::Run: 0.111976 sec
robot8's path cost: 1.95
robot7's path cost: 1
GroupDecoupledStrategy::DecoupledPRM-local-wait
	Query Sampler: 
	Map Evaluators:
		BoundedDecoupledQuery
	strategyLabel: IndividualPRM-Wait
GroupDecoupledStrategy::DecoupledPRM-local-wait::Initialize: 0 sec
BasicPRM::IndividualPRM-Wait
	Query Sampler: 
	Map Evaluators:
		IndividualQuery
	Input Map: 
	Samplers
		UniformRandomFree	Number:0	Attempts:5
	Connectors
		Closest0
BasicPRM::IndividualPRM-Wait::Initialize: 0.134976 sec
Using local boundary CSpaceBoundingSphere [ 0.441784 -2.95701 -0.430121 ; 1.07875 ] on robot robot8
BasicPRM::IndividualPRM-Wait::Run: 0 sec
BasicPRM::IndividualPRM-Wait
	Query Sampler: 
	Map Evaluators:
		IndividualQuery
	Input Map: 
	Samplers
		UniformRandomFree	Number:0	Attempts:5
	Connectors
		Closest0
BasicPRM::IndividualPRM-Wait::Initialize: 0.161976 sec
Using local boundary CSpaceBoundingSphere [ 0.770769 -2.89015 -0.458117 ; 1.04542 ] on robot robot7
BasicPRM::IndividualPRM-Wait::Run: 0 sec
GroupDecoupledStrategy::DecoupledPRM-local-wait::Run: 0.166976 sec
robot8's path cost: 1
robot7's path cost: 0.95
GroupDecoupledStrategy::DecoupledPRM-local-wait
	Query Sampler: 
	Map Evaluators:
		BoundedDecoupledQuery
	strategyLabel: IndividualPRM-Wait
GroupDecoupledStrategy::DecoupledPRM-local-wait::Initialize: 0 sec
BasicPRM::IndividualPRM-Wait
	Query Sampler: 
	Map Evaluators:
		IndividualQuery
	Input Map: 
	Samplers
		UniformRandomFree	Number:0	Attempts:5
	Connectors
		Closest0
BasicPRM::IndividualPRM-Wait::Initialize: 0.189976 sec
Using local boundary CSpaceBoundingSphere [ 0.0403619 -2.99014 -0.386038 ; 1.30984 ] on robot robot4
BasicPRM::IndividualPRM-Wait::Run: 0.001 sec
BasicPRM::IndividualPRM-Wait
	Query Sampler: 
	Map Evaluators:
		IndividualQuery
	Input Map: 
	Samplers
		UniformRandomFree	Number:0	Attempts:5
	Connectors
		Closest0
BasicPRM::IndividualPRM-Wait::Initialize: 0.217976 sec
Using local boundary CSpaceBoundingSphere [ 0.191808 -2.98469 -0.404111 ; 1 ] on robot robot8
BasicPRM::IndividualPRM-Wait::Run: 0.001 sec
BasicPRM::IndividualPRM-Wait
	Query Sampler: 
	Map Evaluators:
		IndividualQuery
	Input Map: 
	Samplers
		UniformRandomFree	Number:0	Attempts:5
	Connectors
		Closest0
BasicPRM::IndividualPRM-Wait::Initialize: 0.244976 sec
Using local boundary CSpaceBoundingSphere [ 0.532719 -2.92274 -0.434625 ; 1 ] on robot robot7
BasicPRM::IndividualPRM-Wait::Run: 0.001 sec
Failed to find a path.
GroupDecoupledStrategy::DecoupledPRM-local-wait::Run: 0.253082 sec
GroupDecoupledStrategy::DecoupledPRM-local-regular
	Query Sampler: 
	Map Evaluators:
		BoundedDecoupledQuery
	strategyLabel: IndividualPRM-Local
GroupDecoupledStrategy::DecoupledPRM-local-regular::Initialize: 0 sec
BasicPRM::IndividualPRM-Local
	Query Sampler: 
	Map Evaluators:
		IndividualQuery
	Input Map: 
	Samplers
		UniformRandomFree	Number:5	Attempts:5
	Connectors
		Closest3
BasicPRM::IndividualPRM-Local::Initialize: 0.000161 sec
Using local boundary CSpaceBoundingSphere [ 0.0403619 -2.99014 -0.386038 ; 1.30984 ] on robot robot4
BasicPRM::IndividualPRM-Local::Run: 0 sec
BasicPRM::IndividualPRM-Local
	Query Sampler: 
	Map Evaluators:
		IndividualQuery
	Input Map: 
	Samplers
		UniformRandomFree	Number:5	Attempts:5
	Connectors
		Closest3
BasicPRM::IndividualPRM-Local::Initialize: 0.000161 sec
Using local boundary CSpaceBoundingSphere [ 0.191808 -2.98469 -0.404111 ; 1 ] on robot robot8
BasicPRM::IndividualPRM-Local::Run: 0.000751 sec
BasicPRM::IndividualPRM-Local
	Query Sampler: 
	Map Evaluators:
		IndividualQuery
	Input Map: 
	Samplers
		UniformRandomFree	Number:5	Attempts:5
	Connectors
		Closest3
BasicPRM::IndividualPRM-Local::Initialize: 0.000161 sec
Using local boundary CSpaceBoundingSphere [ 0.532719 -2.92274 -0.434625 ; 1 ] on robot robot7
BasicPRM::IndividualPRM-Local::Run: 0.001105 sec
Failed to find a path.
GroupDecoupledStrategy::DecoupledPRM-local-regular::Run: 0.005671 sec
GroupPRM::CompositePRM-local
	Query Sampler: 
	Map Evaluators:
		BoundedCompositeQuery
	Samplers
		UniformRandomFree	Number:10	Attempts:5
	Connectors
		Closest5
Robot: 
robot4
Boundary: 
CSpaceBoundingBox [0.627444:0.627444 ; -2.90977:-2.90977 ; 0.556027:0.556027 ]
Robot: 
robot8
Boundary: 
CSpaceBoundingBox [-0.252364:-0.252364 ; -3.03021:-3.03021 ; 0.642849:0.642849 ]
Robot: 
robot7
Boundary: 
CSpaceBoundingBox [0.12204:0.12204 ; -2.97896:-2.97896 ; 0.605902:0.605902 ]
GroupPRM::CompositePRM-local::Initialize: 0.001 sec
GroupPRM::CompositePRM-local::Run: 0.01581 sec
GroupDecoupledStrategy::DecoupledPRM-local-wait
	Query Sampler: 
	Map Evaluators:
		BoundedDecoupledQuery
	strategyLabel: IndividualPRM-Wait
GroupDecoupledStrategy::DecoupledPRM-local-wait::Initialize: 0 sec
BasicPRM::IndividualPRM-Wait
	Query Sampler: 
	Map Evaluators:
		IndividualQuery
	Input Map: 
	Samplers
		UniformRandomFree	Number:0	Attempts:5
	Connectors
		Closest0
BasicPRM::IndividualPRM-Wait::Initialize: 0.270975 sec
Using local boundary CSpaceBoundingSphere [ -1.14757 3.09288 0.276774 ; 1 ] on robot robot1
BasicPRM::IndividualPRM-Wait::Run: 0.001 sec
BasicPRM::IndividualPRM-Wait
	Query Sampler: 
	Map Evaluators:
		IndividualQuery
	Input Map: 
	Samplers
		UniformRandomFree	Number:0	Attempts:5
	Connectors
		Closest0
BasicPRM::IndividualPRM-Wait::Initialize: 0.291975 sec
Using local boundary CSpaceBoundingSphere [ -1.56584 3.03712 0.435898 ; 1 ] on robot robot2
BasicPRM::IndividualPRM-Wait::Run: 0.001 sec
GroupDecoupledStrategy::DecoupledPRM-local-wait::Run: 0.302082 sec
robot1's path cost: 0.7
robot2's path cost: 0.65
GroupDecoupledStrategy::DecoupledPRM-local-wait
	Query Sampler: 
	Map Evaluators:
		BoundedDecoupledQuery
	strategyLabel: IndividualPRM-Wait
GroupDecoupledStrategy::DecoupledPRM-local-wait::Initialize: 0 sec
BasicPRM::IndividualPRM-Wait
	Query Sampler: 
	Map Evaluators:
		IndividualQuery
	Input Map: 
	Samplers
		UniformRandomFree	Number:0	Attempts:5
	Connectors
		Closest0
BasicPRM::IndividualPRM-Wait::Initialize: 0.318974 sec
Using local boundary CSpaceBoundingSphere [ -0.640278 3.15957 0.2946 ; 1.02262 ] on robot robot1
BasicPRM::IndividualPRM-Wait::Run: 0.001 sec
BasicPRM::IndividualPRM-Wait
	Query Sampler: 
	Map Evaluators:
		IndividualQuery
	Input Map: 
	Samplers
		UniformRandomFree	Number:0	Attempts:5
	Connectors
		Closest0
BasicPRM::IndividualPRM-Wait::Initialize: 0.344974 sec
Using local boundary CSpaceBoundingSphere [ -0.378653 3.19612 0.309791 ; 1.09267 ] on robot robot5
BasicPRM::IndividualPRM-Wait::Run: 0.001 sec
BasicPRM::IndividualPRM-Wait
	Query Sampler: 
	Map Evaluators:
		IndividualQuery
	Input Map: 
	Samplers
		UniformRandomFree	Number:0	Attempts:5
	Connectors
		Closest0
BasicPRM::IndividualPRM-Wait::Initialize: 0.370973 sec
Using local boundary CSpaceBoundingSphere [ -1.04052 2.91943 0.408485 ; 1.04458 ] on robot robot2
BasicPRM::IndividualPRM-Wait::Run: 0.001 sec
GroupDecoupledStrategy::DecoupledPRM-local-wait::Run: 0.384081 sec
robot1's path cost: 0.95
robot5's path cost: 2.15
robot2's path cost: 0.95
GroupDecoupledStrategy::DecoupledPRM-local-wait
	Query Sampler: 
	Map Evaluators:
		BoundedDecoupledQuery
	strategyLabel: IndividualPRM-Wait
GroupDecoupledStrategy::DecoupledPRM-local-wait::Initialize: 0 sec
BasicPRM::IndividualPRM-Wait
	Query Sampler: 
	Map Evaluators:
		IndividualQuery
	Input Map: 
	Samplers
		UniformRandomFree	Number:0	Attempts:5
	Connectors
		Closest0
BasicPRM::IndividualPRM-Wait::Initialize: 0.395972 sec
Using local boundary CSpaceBoundingSphere [ -0.628116 2.76898 0.431839 ; 1.0219 ] on robot robot2
BasicPRM::IndividualPRM-Wait::Run: 0.001 sec
BasicPRM::IndividualPRM-Wait
	Query Sampler: 
	Map Evaluators:
		IndividualQuery
	Input Map: 
	Samplers
		UniformRandomFree	Number:0	Attempts:5
	Connectors
		Closest0
BasicPRM::IndividualPRM-Wait::Initialize: 0.419972 sec
Using local boundary CSpaceBoundingSphere [ -0.356627 2.68585 0.434912 ; 1.10482 ] on robot robot6
BasicPRM::IndividualPRM-Wait::Run: 0.001 sec
BasicPRM::IndividualPRM-Wait
	Query Sampler: 
	Map Evaluators:
		IndividualQuery
	Input Map: 
	Samplers
		UniformRandomFree	Number:0	Attempts:5
	Connectors
		Closest0
BasicPRM::IndividualPRM-Wait::Initialize: 0.444972 sec
Using local boundary CSpaceBoundingSphere [ -0.216741 3.21082 0.297206 ; 1 ] on robot robot1
BasicPRM::IndividualPRM-Wait::Run: 0.002 sec
BasicPRM::IndividualPRM-Wait
	Query Sampler: 
	Map Evaluators:
		IndividualQuery
	Input Map: 
	Samplers
		UniformRandomFree	Number:0	Attempts:5
	Connectors
		Closest0
BasicPRM::IndividualPRM-Wait::Initialize: 0.469972 sec
Using local boundary CSpaceBoundingSphere [ -0.229883 3.66882 -0.416637 ; 1 ] on robot robot5
BasicPRM::IndividualPRM-Wait::Run: 0.002 sec
Failed to find a path.
GroupDecoupledStrategy::DecoupledPRM-local-wait::Run: 0.49208 sec
GroupDecoupledStrategy::DecoupledPRM-local-regular
	Query Sampler: 
	Map Evaluators:
		BoundedDecoupledQuery
	strategyLabel: IndividualPRM-Local
GroupDecoupledStrategy::DecoupledPRM-local-regular::Initialize: 0 sec
BasicPRM::IndividualPRM-Local
	Query Sampler: 
	Map Evaluators:
		IndividualQuery
	Input Map: 
	Samplers
		UniformRandomFree	Number:5	Attempts:5
	Connectors
		Closest3
BasicPRM::IndividualPRM-Local::Initialize: 0.001161 sec
Using local boundary CSpaceBoundingSphere [ -0.628116 2.76898 0.431839 ; 1.0219 ] on robot robot2
BasicPRM::IndividualPRM-Local::Run: 0.001105 sec
BasicPRM::IndividualPRM-Local
	Query Sampler: 
	Map Evaluators:
		IndividualQuery
	Input Map: 
	Samplers
		UniformRandomFree	Number:5	Attempts:5
	Connectors
		Closest3
BasicPRM::IndividualPRM-Local::Initialize: 0.001161 sec
Using local boundary CSpaceBoundingSphere [ -0.356627 2.68585 0.434912 ; 1.10482 ] on robot robot6
BasicPRM::IndividualPRM-Local::Run: 0.001398 sec
BasicPRM::IndividualPRM-Local
	Query Sampler: 
	Map Evaluators:
		IndividualQuery
	Input Map: 
	Samplers
		UniformRandomFree	Number:5	Attempts:5
	Connectors
		Closest3
BasicPRM::IndividualPRM-Local::Initialize: 0.001161 sec
Using local boundary CSpaceBoundingSphere [ -0.216741 3.21082 0.297206 ; 1 ] on robot robot1
BasicPRM::IndividualPRM-Local::Run: 0.001398 sec
BasicPRM::IndividualPRM-Local
	Query Sampler: 
	Map Evaluators:
		IndividualQuery
	Input Map: 
	Samplers
		UniformRandomFree	Number:5	Attempts:5
	Connectors
		Closest3
BasicPRM::IndividualPRM-Local::Initialize: 0.001161 sec
Using local boundary CSpaceBoundingSphere [ -0.229883 3.66882 -0.416637 ; 1 ] on robot robot5
BasicPRM::IndividualPRM-Local::Run: 0.001892 sec
Failed to find a path.
GroupDecoupledStrategy::DecoupledPRM-local-regular::Run: 0.013556 sec
robot2's path cost: 0.95
GroupPRM::CompositePRM-local
	Query Sampler: 
	Map Evaluators:
		BoundedCompositeQuery
	Samplers
		UniformRandomFree	Number:10	Attempts:5
	Connectors
		Closest5
Robot: 
robot1
Boundary: 
CSpaceBoundingBox [0.231053:0.231053 ; 3.2652:3.2652 ; 0.30045:0.30045 ]
Robot: 
robot5
Boundary: 
CSpaceBoundingBox [-0.454224:-0.454224 ; 3.66921:3.66921 ; 0.602414:0.602414 ]
Robot: 
robot2
Boundary: 
CSpaceBoundingBox [-0.191698:-0.191698 ; 2.61163:2.61163 ; 0.455117:0.455117 ]
Robot: 
robot6
Boundary: 
CSpaceBoundingBox [-0.811749:-0.811749 ; 2.89067:2.89067 ; 0.379155:0.379155 ]
GroupPRM::CompositePRM-local::Initialize: 0.002001 sec
GroupPRM::CompositePRM-local::Run: 0.035603 sec
GroupDecoupledStrategy::DecoupledPRM-local-wait
	Query Sampler: 
	Map Evaluators:
		BoundedDecoupledQuery
	strategyLabel: IndividualPRM-Wait
GroupDecoupledStrategy::DecoupledPRM-local-wait::Initialize: 0 sec
BasicPRM::IndividualPRM-Wait
	Query Sampler: 
	Map Evaluators:
		IndividualQuery
	Input Map: 
	Samplers
		UniformRandomFree	Number:0	Attempts:5
	Connectors
		Closest0
BasicPRM::IndividualPRM-Wait::Initialize: 0.495971 sec
Using local boundary CSpaceBoundingSphere [ 0.529597 -2.92316 -0.434317 ; 1.09154 ] on robot robot3
BasicPRM::IndividualPRM-Wait::Run: 0.002 sec
BasicPRM::IndividualPRM-Wait
	Query Sampler: 
	Map Evaluators:
		IndividualQuery
	Input Map: 
	Samplers
		UniformRandomFree	Number:0	Attempts:5
	Connectors
		Closest0
BasicPRM::IndividualPRM-Wait::Initialize: 0.524971 sec
Using local boundary CSpaceBoundingSphere [ 0.405052 -2.80842 -0.325512 ; 1 ] on robot robot8
BasicPRM::IndividualPRM-Wait::Run: 0.002 sec
BasicPRM::IndividualPRM-Wait
	Query Sampler: 
	Map Evaluators:
		IndividualQuery
	Input Map: 
	Samplers
		UniformRandomFree	Number:0	Attempts:5
	Connectors
		Closest0
BasicPRM::IndividualPRM-Wait::Initialize: 0.552971 sec
Using local boundary CSpaceBoundingSphere [ -0.117357 -2.28409 -0.38673 ; 1 ] on robot robot4
BasicPRM::IndividualPRM-Wait::Run: 0.002 sec
BasicPRM::IndividualPRM-Wait
	Query Sampler: 
	Map Evaluators:
		IndividualQuery
	Input Map: 
	Samplers
		UniformRandomFree	Number:0	Attempts:5
	Connectors
		Closest0
BasicPRM::IndividualPRM-Wait::Initialize: 0.58197 sec
Using local boundary CSpaceBoundingSphere [ 0.948639 -3.15383 -0.435149 ; 1 ] on robot robot7
BasicPRM::IndividualPRM-Wait::Run: 0.002 sec
GroupDecoupledStrategy::DecoupledPRM-local-wait::Run: 0.607079 sec
robot3's path cost: 1
robot8's path cost: 1.05
robot4's path cost: 0.4
robot7's path cost: 0.35
GroupDecoupledStrategy::DecoupledPRM-local-wait
	Query Sampler: 
	Map Evaluators:
		BoundedDecoupledQuery
	strategyLabel: IndividualPRM-Wait
GroupDecoupledStrategy::DecoupledPRM-local-wait::Initialize: 0 sec
BasicPRM::IndividualPRM-Wait
	Query Sampler: 
	Map Evaluators:
		IndividualQuery
	Input Map: 
	Samplers
		UniformRandomFree	Number:0	Attempts:5
	Connectors
		Closest0
BasicPRM::IndividualPRM-Wait::Initialize: 0.609969 sec
Using local boundary CSpaceBoundingSphere [ -0.774005 3.27656 0.391629 ; 1 ] on robot robot5
BasicPRM::IndividualPRM-Wait::Run: 0.002 sec
BasicPRM::IndividualPRM-Wait
	Query Sampler: 
	Map Evaluators:
		IndividualQuery
	Input Map: 
	Samplers
		UniformRandomFree	Number:0	Attempts:5
	Connectors
		Closest0
BasicPRM::IndividualPRM-Wait::Initialize: 0.636969 sec
Using local boundary CSpaceBoundingSphere [ -1.04557 2.9959 0.35051 ; 1 ] on robot robot6
BasicPRM::IndividualPRM-Wait::Run: 0.002 sec
GroupDecoupledStrategy::DecoupledPRM-local-wait::Run: 0.663078 sec
robot5's path cost: 0.4
robot6's path cost: 0.45
GroupDecoupledStrategy::DecoupledPRM-local-wait
	Query Sampler: 
	Map Evaluators:
		BoundedDecoupledQuery
	strategyLabel: IndividualPRM-Wait
GroupDecoupledStrategy::DecoupledPRM-local-wait::Initialize: 0 sec
BasicPRM::IndividualPRM-Wait
	Query Sampler: 
	Map Evaluators:
		IndividualQuery
	Input Map: 
	Samplers
		UniformRandomFree	Number:0	Attempts:5
	Connectors
		Closest0
BasicPRM::IndividualPRM-Wait::Initialize: 0.664969 sec
Using local boundary CSpaceBoundingSphere [ -0.944546 3.132 0.31846 ; 1 ] on robot robot5
BasicPRM::IndividualPRM-Wait::Run: 0.002 sec
BasicPRM::IndividualPRM-Wait
	Query Sampler: 
	Map Evaluators:
		IndividualQuery
	Input Map: 
	Samplers
		UniformRandomFree	Number:0	Attempts:5
	Connectors
		Closest0
BasicPRM::IndividualPRM-Wait::Initialize: 0.692968 sec
Using local boundary CSpaceBoundingSphere [ -1.3468 3.06854 0.362245 ; 1 ] on robot robot6
BasicPRM::IndividualPRM-Wait::Run: 0.002 sec
GroupDecoupledStrategy::DecoupledPRM-local-wait::Run: 0.721073 sec
robot5's path cost: 0.1
robot6's path cost: 0.25
GroupDecoupledStrategy::DecoupledPRM-local-wait
	Query Sampler: 
	Map Evaluators:
		BoundedDecoupledQuery
	strategyLabel: IndividualPRM-Wait
GroupDecoupledStrategy::DecoupledPRM-local-wait::Initialize: 0 sec
BasicPRM::IndividualPRM-Wait
	Query Sampler: 
	Map Evaluators:
		IndividualQuery
	Input Map: 
	Samplers
		UniformRandomFree	Number:0	Attempts:5
	Connectors
		Closest0
BasicPRM::IndividualPRM-Wait::Initialize: 0.724968 sec
Using local boundary CSpaceBoundingSphere [ -0.213614 -3.31035 -0.138084 ; 1 ] on robot robot8
BasicPRM::IndividualPRM-Wait::Run: 0.002 sec
BasicPRM::IndividualPRM-Wait
	Query Sampler: 
	Map Evaluators:
		IndividualQuery
	Input Map: 
	Samplers
		UniformRandomFree	Number:0	Attempts:5
	Connectors
		Closest0
BasicPRM::IndividualPRM-Wait::Initialize: 0.756968 sec
Using local boundary CSpaceBoundingSphere [ -0.235336 -3.05467 -0.3841 ; 1 ] on robot robot7
BasicPRM::IndividualPRM-Wait::Run: 0.002 sec
Failed to find a path.
GroupDecoupledStrategy::DecoupledPRM-local-wait::Run: 0.791073 sec
robot8's path cost: 0.6
GroupDecoupledStrategy::DecoupledPRM-local-regular
	Query Sampler: 
	Map Evaluators:
		BoundedDecoupledQuery
	strategyLabel: IndividualPRM-Local
GroupDecoupledStrategy::DecoupledPRM-local-regular::Initialize: 0 sec
BasicPRM::IndividualPRM-Local
	Query Sampler: 
	Map Evaluators:
		IndividualQuery
	Input Map: 
	Samplers
		UniformRandomFree	Number:5	Attempts:5
	Connectors
		Closest3
BasicPRM::IndividualPRM-Local::Initialize: 0.001161 sec
Using local boundary CSpaceBoundingSphere [ -0.213614 -3.31035 -0.138084 ; 1 ] on robot robot8
BasicPRM::IndividualPRM-Local::Run: 0.002892 sec
BasicPRM::IndividualPRM-Local
	Query Sampler: 
	Map Evaluators:
		IndividualQuery
	Input Map: 
	Samplers
		UniformRandomFree	Number:5	Attempts:5
	Connectors
		Closest3
BasicPRM::IndividualPRM-Local::Initialize: 0.001161 sec
Using local boundary CSpaceBoundingSphere [ -0.235336 -3.05467 -0.3841 ; 1 ] on robot robot7
BasicPRM::IndividualPRM-Local::Run: 0.003236 sec
GroupDecoupledStrategy::DecoupledPRM-local-regular::Run: 0.019817 sec
robot8's path cost: 0.95
robot7's path cost: 0.8
GroupDecoupledStrategy::DecoupledPRM-local-wait
	Query Sampler: 
	Map Evaluators:
		BoundedDecoupledQuery
	strategyLabel: IndividualPRM-Wait
GroupDecoupledStrategy::DecoupledPRM-local-wait::Initialize: 0 sec
BasicPRM::IndividualPRM-Wait
	Query Sampler: 
	Map Evaluators:
		IndividualQuery
	Input Map: 
	Samplers
		UniformRandomFree	Number:0	Attempts:5
	Connectors
		Closest0
BasicPRM::IndividualPRM-Wait::Initialize: 0.773967 sec
Using local boundary CSpaceBoundingSphere [ -0.493244 -3.06319 -0.33338 ; 1 ] on robot robot8
BasicPRM::IndividualPRM-Wait::Run: 0.002 sec
BasicPRM::IndividualPRM-Wait
	Query Sampler: 
	Map Evaluators:
		IndividualQuery
	Input Map: 
	Samplers
		UniformRandomFree	Number:0	Attempts:5
	Connectors
		Closest0
BasicPRM::IndividualPRM-Wait::Initialize: 0.808967 sec
Using local boundary CSpaceBoundingSphere [ -0.887996 -3.11723 -0.294425 ; 1 ] on robot robot7
BasicPRM::IndividualPRM-Wait::Run: 0.002 sec
GroupDecoupledStrategy::DecoupledPRM-local-wait::Run: 0.845073 sec
robot8's path cost: 0.35
robot7's path cost: 0.5
GroupDecoupledStrategy::DecoupledPRM-local-wait
	Query Sampler: 
	Map Evaluators:
		BoundedDecoupledQuery
	strategyLabel: IndividualPRM-Wait
GroupDecoupledStrategy::DecoupledPRM-local-wait::Initialize: 0 sec
BasicPRM::IndividualPRM-Wait
	Query Sampler: 
	Map Evaluators:
		IndividualQuery
	Input Map: 
	Samplers
		UniformRandomFree	Number:0	Attempts:5
	Connectors
		Closest0
BasicPRM::IndividualPRM-Wait::Initialize: 0.843966 sec
Using local boundary CSpaceBoundingSphere [ -0.941906 -3.12461 -0.289104 ; 1 ] on robot robot8
BasicPRM::IndividualPRM-Wait::Run: 0.002 sec
BasicPRM::IndividualPRM-Wait
	Query Sampler: 
	Map Evaluators:
		IndividualQuery
	Input Map: 
	Samplers
		UniformRandomFree	Number:0	Attempts:5
	Connectors
		Closest0
BasicPRM::IndividualPRM-Wait::Initialize: 0.881966 sec
Using local boundary CSpaceBoundingSphere [ -1.27247 -3.16987 -0.256484 ; 1 ] on robot robot7
BasicPRM::IndividualPRM-Wait::Run: 0.002 sec
GroupDecoupledStrategy::DecoupledPRM-local-wait::Run: 0.920073 sec
robot8's path cost: 0.25
robot7's path cost: 0.2
GroupDecoupledStrategy::DecoupledPRM-local-wait
	Query Sampler: 
	Map Evaluators:
		BoundedDecoupledQuery
	strategyLabel: IndividualPRM-Wait
GroupDecoupledStrategy::DecoupledPRM-local-wait::Initialize: 0 sec
BasicPRM::IndividualPRM-Wait
	Query Sampler: 
	Map Evaluators:
		IndividualQuery
	Input Map: 
	Samplers
		UniformRandomFree	Number:0	Attempts:5
	Connectors
		Closest0
BasicPRM::IndividualPRM-Wait::Initialize: 0.916966 sec
Using local boundary CSpaceBoundingSphere [ -0.972029 -3.12874 -0.286132 ; 1 ] on robot robot8
BasicPRM::IndividualPRM-Wait::Run: 0.002 sec
BasicPRM::IndividualPRM-Wait
	Query Sampler: 
	Map Evaluators:
		IndividualQuery
	Input Map: 
	Samplers
		UniformRandomFree	Number:0	Attempts:5
	Connectors
		Closest0
BasicPRM::IndividualPRM-Wait::Initialize: 0.954966 sec
Using local boundary CSpaceBoundingSphere [ -1.30604 -3.17446 -0.253171 ; 1 ] on robot robot7
BasicPRM::IndividualPRM-Wait::Run: 0.002 sec
GroupDecoupledStrategy::DecoupledPRM-local-wait::Run: 0.995074 sec
robot8's path cost: 0.4
robot7's path cost: 0.3
GroupDecoupledStrategy::DecoupledPRM-local-wait
	Query Sampler: 
	Map Evaluators:
		BoundedDecoupledQuery
	strategyLabel: IndividualPRM-Wait
GroupDecoupledStrategy::DecoupledPRM-local-wait::Initialize: 0 sec
BasicPRM::IndividualPRM-Wait
	Query Sampler: 
	Map Evaluators:
		IndividualQuery
	Input Map: 
	Samplers
		UniformRandomFree	Number:0	Attempts:5
	Connectors
		Closest0
BasicPRM::IndividualPRM-Wait::Initialize: 0.972966 sec
Using local boundary CSpaceBoundingSphere [ -1.00391 -3.1331 -0.282986 ; 1 ] on robot robot8
BasicPRM::IndividualPRM-Wait::Run: 0.002 sec
BasicPRM::IndividualPRM-Wait
	Query Sampler: 
	Map Evaluators:
		IndividualQuery
	Input Map: 
	Samplers
		UniformRandomFree	Number:0	Attempts:5
	Connectors
		Closest0
BasicPRM::IndividualPRM-Wait::Initialize: 0.991965 sec
Using local boundary CSpaceBoundingSphere [ -1.33619 -3.17859 -0.250195 ; 1 ] on robot robot7
BasicPRM::IndividualPRM-Wait::Run: 0.002 sec
GroupDecoupledStrategy::DecoupledPRM-local-wait::Run: 1.03507 sec
robot8's path cost: 0.45
robot7's path cost: 0.35
GroupDecoupledStrategy::DecoupledPRM-local-wait
	Query Sampler: 
	Map Evaluators:
		BoundedDecoupledQuery
	strategyLabel: IndividualPRM-Wait
GroupDecoupledStrategy::DecoupledPRM-local-wait::Initialize: 0 sec
BasicPRM::IndividualPRM-Wait
	Query Sampler: 
	Map Evaluators:
		IndividualQuery
	Input Map: 
	Samplers
		UniformRandomFree	Number:0	Attempts:5
	Connectors
		Closest0
BasicPRM::IndividualPRM-Wait::Initialize: 1.00896 sec
Using local boundary CSpaceBoundingSphere [ -1.02819 -3.13643 -0.28059 ; 1 ] on robot robot8
BasicPRM::IndividualPRM-Wait::Run: 0.002 sec
BasicPRM::IndividualPRM-Wait
	Query Sampler: 
	Map Evaluators:
		IndividualQuery
	Input Map: 
	Samplers
		UniformRandomFree	Number:0	Attempts:5
	Connectors
		Closest0
BasicPRM::IndividualPRM-Wait::Initialize: 1.02896 sec
Using local boundary CSpaceBoundingSphere [ -1.38649 -3.15549 -0.238255 ; 1 ] on robot robot7
BasicPRM::IndividualPRM-Wait::Run: 0.002 sec
GroupDecoupledStrategy::DecoupledPRM-local-wait::Run: 1.07507 sec
robot8's path cost: 0.5
robot7's path cost: 0.45
GroupDecoupledStrategy::ARC10::Run: 1.48958 sec
robot1's path cost: 16.3
robot2's path cost: 16.85
robot3's path cost: 15
robot4's path cost: 18.3
robot5's path cost: 21.95
robot6's path cost: 15.8
robot7's path cost: 17.7
robot8's path cost: 20.8
MPLibrary::Initialize: 0 sec
