[0;1;32mLocalRepairQuery Constructor called for LocalRepair10[0m


MPLibrary is solving with MPStrategyMethod labeled ARC10 using seed 70879.
GroupDecoupledStrategy::ARC10
	Query Sampler: 
	Map Evaluators:
		LocalRepair10
	strategyLabel: IndividualEvaluation
GroupDecoupledStrategy::ARC10::Initialize: 0 sec
BasicPRM::SharedRoadmapPRM
	Query Sampler: 
	Map Evaluators:
		NodesEval
	Input Map: 
	Samplers
		UniformRandomFree	Number:4	Attempts:5
	Connectors
		Closest5
BasicPRM::SharedRoadmapPRM::Initialize: 0 sec
BasicPRM::SharedRoadmapPRM::Run: 0.039 sec
BasicPRM::IndividualEvaluation
	Query Sampler: UniformRandomFree
	Map Evaluators:
		AlwaysTrue
	Input Map: 
	Samplers
	Connectors
		Closest3
BasicPRM::IndividualEvaluation::Initialize: 0.000764 sec
BasicPRM::IndividualEvaluation::Run: 0 sec
BasicPRM::IndividualEvaluation
	Query Sampler: UniformRandomFree
	Map Evaluators:
		AlwaysTrue
	Input Map: 
	Samplers
	Connectors
		Closest3
BasicPRM::IndividualEvaluation::Initialize: 0.001136 sec
BasicPRM::IndividualEvaluation::Run: 0 sec
BasicPRM::IndividualEvaluation
	Query Sampler: UniformRandomFree
	Map Evaluators:
		AlwaysTrue
	Input Map: 
	Samplers
	Connectors
		Closest3
BasicPRM::IndividualEvaluation::Initialize: 0.00168 sec
BasicPRM::IndividualEvaluation::Run: 0 sec
BasicPRM::IndividualEvaluation
	Query Sampler: UniformRandomFree
	Map Evaluators:
		AlwaysTrue
	Input Map: 
	Samplers
	Connectors
		Closest3
BasicPRM::IndividualEvaluation::Initialize: 0.00277 sec
BasicPRM::IndividualEvaluation::Run: 0 sec
BasicPRM::IndividualEvaluation
	Query Sampler: UniformRandomFree
	Map Evaluators:
		AlwaysTrue
	Input Map: 
	Samplers
	Connectors
		Closest3
BasicPRM::IndividualEvaluation::Initialize: 0.004438 sec
BasicPRM::IndividualEvaluation::Run: 0 sec
BasicPRM::IndividualEvaluation
	Query Sampler: UniformRandomFree
	Map Evaluators:
		AlwaysTrue
	Input Map: 
	Samplers
	Connectors
		Closest3
BasicPRM::IndividualEvaluation::Initialize: 0.006411 sec
BasicPRM::IndividualEvaluation::Run: 0 sec
BasicPRM::IndividualEvaluation
	Query Sampler: UniformRandomFree
	Map Evaluators:
		AlwaysTrue
	Input Map: 
	Samplers
	Connectors
		Closest3
BasicPRM::IndividualEvaluation::Initialize: 0.008937 sec
BasicPRM::IndividualEvaluation::Run: 0 sec
BasicPRM::IndividualEvaluation
	Query Sampler: UniformRandomFree
	Map Evaluators:
		AlwaysTrue
	Input Map: 
	Samplers
	Connectors
		Closest3
BasicPRM::IndividualEvaluation::Initialize: 0.011646 sec
BasicPRM::IndividualEvaluation::Run: 0 sec
GroupDecoupledStrategy::DecoupledPRM-local-wait
	Query Sampler: 
	Map Evaluators:
		BoundedDecoupledQuery
	strategyLabel: IndividualPRM-Wait
GroupDecoupledStrategy::DecoupledPRM-local-wait::Initialize: 0 sec
BasicPRM::IndividualPRM-Wait
	Query Sampler: 
	Map Evaluators:
		IndividualQuery
	Input Map: 
	Samplers
		UniformRandomFree	Number:0	Attempts:5
	Connectors
		Closest0
BasicPRM::IndividualPRM-Wait::Initialize: 0.032999 sec
Using local boundary CSpaceBoundingSphere [ 4.31248 -0.0387654 -0.0928987 ; 1.07496 ] on robot robot6
BasicPRM::IndividualPRM-Wait::Run: 0 sec
BasicPRM::IndividualPRM-Wait
	Query Sampler: 
	Map Evaluators:
		IndividualQuery
	Input Map: 
	Samplers
		UniformRandomFree	Number:0	Attempts:5
	Connectors
		Closest0
BasicPRM::IndividualPRM-Wait::Initialize: 0.059 sec
Using local boundary CSpaceBoundingSphere [ 3.93779 -0.678001 -0.0428805 ; 1.34364 ] on robot robot7
BasicPRM::IndividualPRM-Wait::Run: 0 sec
GroupDecoupledStrategy::DecoupledPRM-local-wait::Run: 0.06 sec
robot6's path cost: 1
robot7's path cost: 1.25
GroupDecoupledStrategy::DecoupledPRM-local-wait
	Query Sampler: 
	Map Evaluators:
		BoundedDecoupledQuery
	strategyLabel: IndividualPRM-Wait
GroupDecoupledStrategy::DecoupledPRM-local-wait::Initialize: 0 sec
BasicPRM::IndividualPRM-Wait
	Query Sampler: 
	Map Evaluators:
		IndividualQuery
	Input Map: 
	Samplers
		UniformRandomFree	Number:0	Attempts:5
	Connectors
		Closest0
BasicPRM::IndividualPRM-Wait::Initialize: 0.084999 sec
Using local boundary CSpaceBoundingSphere [ 3.3807 -0.785242 -0.0662666 ; 1.20098 ] on robot robot6
BasicPRM::IndividualPRM-Wait::Run: 0 sec
BasicPRM::IndividualPRM-Wait
	Query Sampler: 
	Map Evaluators:
		IndividualQuery
	Input Map: 
	Samplers
		UniformRandomFree	Number:0	Attempts:5
	Connectors
		Closest0
BasicPRM::IndividualPRM-Wait::Initialize: 0.109999 sec
Using local boundary CSpaceBoundingSphere [ 3.32393 -0.907605 0.0197027 ; 1 ] on robot robot7
BasicPRM::IndividualPRM-Wait::Run: 0 sec
Failed to find a path.
GroupDecoupledStrategy::DecoupledPRM-local-wait::Run: 0.112579 sec
GroupDecoupledStrategy::DecoupledPRM-local-regular
	Query Sampler: 
	Map Evaluators:
		BoundedDecoupledQuery
	strategyLabel: IndividualPRM-Local
GroupDecoupledStrategy::DecoupledPRM-local-regular::Initialize: 0 sec
BasicPRM::IndividualPRM-Local
	Query Sampler: 
	Map Evaluators:
		IndividualQuery
	Input Map: 
	Samplers
		UniformRandomFree	Number:5	Attempts:5
	Connectors
		Closest3
BasicPRM::IndividualPRM-Local::Initialize: 0 sec
Using local boundary CSpaceBoundingSphere [ 3.3807 -0.785242 -0.0662666 ; 1.20098 ] on robot robot6
BasicPRM::IndividualPRM-Local::Run: 0.00091 sec
BasicPRM::IndividualPRM-Local
	Query Sampler: 
	Map Evaluators:
		IndividualQuery
	Input Map: 
	Samplers
		UniformRandomFree	Number:5	Attempts:5
	Connectors
		Closest3
BasicPRM::IndividualPRM-Local::Initialize: 0 sec
Using local boundary CSpaceBoundingSphere [ 3.32393 -0.907605 0.0197027 ; 1 ] on robot robot7
BasicPRM::IndividualPRM-Local::Run: 0.001394 sec
Failed to find a path.
GroupDecoupledStrategy::DecoupledPRM-local-regular::Run: 0.003389 sec
GroupPRM::CompositePRM-local
	Query Sampler: 
	Map Evaluators:
		BoundedCompositeQuery
	Samplers
		UniformRandomFree	Number:10	Attempts:5
	Connectors
		Closest5
Robot: 
robot6
Boundary: 
CSpaceBoundingBox [2.93692:2.93692 ; -1.1029:-1.1029 ; -0.0535738:-0.0535738 ]
Robot: 
robot7
Boundary: 
CSpaceBoundingBox [3.24259:3.24259 ; -0.964824:-0.964824 ; 0.033044:0.033044 ]
GroupPRM::CompositePRM-local::Initialize: 0 sec
GroupPRM::CompositePRM-local::Run: 0.006603 sec
GroupDecoupledStrategy::DecoupledPRM-local-wait
	Query Sampler: 
	Map Evaluators:
		BoundedDecoupledQuery
	strategyLabel: IndividualPRM-Wait
GroupDecoupledStrategy::DecoupledPRM-local-wait::Initialize: 0 sec
BasicPRM::IndividualPRM-Wait
	Query Sampler: 
	Map Evaluators:
		IndividualQuery
	Input Map: 
	Samplers
		UniformRandomFree	Number:0	Attempts:5
	Connectors
		Closest0
BasicPRM::IndividualPRM-Wait::Initialize: 0.135998 sec
Using local boundary CSpaceBoundingSphere [ -0.259113 3.0288 -0.26851 ; 1.09985 ] on robot robot1
BasicPRM::IndividualPRM-Wait::Run: 0 sec
BasicPRM::IndividualPRM-Wait
	Query Sampler: 
	Map Evaluators:
		IndividualQuery
	Input Map: 
	Samplers
		UniformRandomFree	Number:0	Attempts:5
	Connectors
		Closest0
BasicPRM::IndividualPRM-Wait::Initialize: 0.161998 sec
Using local boundary CSpaceBoundingSphere [ -0.0605595 3.01201 -0.25167 ; 1.09985 ] on robot robot5
BasicPRM::IndividualPRM-Wait::Run: 0 sec
Failed to find a path.
GroupDecoupledStrategy::DecoupledPRM-local-wait::Run: 0.167578 sec
robot1's path cost: 1
GroupDecoupledStrategy::DecoupledPRM-local-regular
	Query Sampler: 
	Map Evaluators:
		BoundedDecoupledQuery
	strategyLabel: IndividualPRM-Local
GroupDecoupledStrategy::DecoupledPRM-local-regular::Initialize: 0 sec
BasicPRM::IndividualPRM-Local
	Query Sampler: 
	Map Evaluators:
		IndividualQuery
	Input Map: 
	Samplers
		UniformRandomFree	Number:5	Attempts:5
	Connectors
		Closest3
BasicPRM::IndividualPRM-Local::Initialize: 0 sec
Using local boundary CSpaceBoundingSphere [ -0.259113 3.0288 -0.26851 ; 1.09985 ] on robot robot1
BasicPRM::IndividualPRM-Local::Run: 0.002395 sec
BasicPRM::IndividualPRM-Local
	Query Sampler: 
	Map Evaluators:
		IndividualQuery
	Input Map: 
	Samplers
		UniformRandomFree	Number:5	Attempts:5
	Connectors
		Closest3
BasicPRM::IndividualPRM-Local::Initialize: 0 sec
Using local boundary CSpaceBoundingSphere [ -0.0605595 3.01201 -0.25167 ; 1.09985 ] on robot robot5
BasicPRM::IndividualPRM-Local::Run: 0.003394 sec
GroupDecoupledStrategy::DecoupledPRM-local-regular::Run: 0.008389 sec
robot1's path cost: 1
robot5's path cost: 2.25
GroupDecoupledStrategy::DecoupledPRM-local-wait
	Query Sampler: 
	Map Evaluators:
		BoundedDecoupledQuery
	strategyLabel: IndividualPRM-Wait
GroupDecoupledStrategy::DecoupledPRM-local-wait::Initialize: 0 sec
BasicPRM::IndividualPRM-Wait
	Query Sampler: 
	Map Evaluators:
		IndividualQuery
	Input Map: 
	Samplers
		UniformRandomFree	Number:0	Attempts:5
	Connectors
		Closest0
BasicPRM::IndividualPRM-Wait::Initialize: 0.183996 sec
Using local boundary CSpaceBoundingSphere [ -0.219834 -2.67706 0.124264 ; 1.09625 ] on robot robot4
BasicPRM::IndividualPRM-Wait::Run: 0 sec
BasicPRM::IndividualPRM-Wait
	Query Sampler: 
	Map Evaluators:
		IndividualQuery
	Input Map: 
	Samplers
		UniformRandomFree	Number:0	Attempts:5
	Connectors
		Closest0
BasicPRM::IndividualPRM-Wait::Initialize: 0.206995 sec
Using local boundary CSpaceBoundingSphere [ 0.0290888 -2.6875 0.12599 ; 1.09625 ] on robot robot8
BasicPRM::IndividualPRM-Wait::Run: 0 sec
Failed to find a path.
GroupDecoupledStrategy::DecoupledPRM-local-wait::Run: 0.215576 sec
robot4's path cost: 1
GroupDecoupledStrategy::DecoupledPRM-local-regular
	Query Sampler: 
	Map Evaluators:
		BoundedDecoupledQuery
	strategyLabel: IndividualPRM-Local
GroupDecoupledStrategy::DecoupledPRM-local-regular::Initialize: 0 sec
BasicPRM::IndividualPRM-Local
	Query Sampler: 
	Map Evaluators:
		IndividualQuery
	Input Map: 
	Samplers
		UniformRandomFree	Number:5	Attempts:5
	Connectors
		Closest3
BasicPRM::IndividualPRM-Local::Initialize: 0 sec
Using local boundary CSpaceBoundingSphere [ -0.219834 -2.67706 0.124264 ; 1.09625 ] on robot robot4
BasicPRM::IndividualPRM-Local::Run: 0.003394 sec
BasicPRM::IndividualPRM-Local
	Query Sampler: 
	Map Evaluators:
		IndividualQuery
	Input Map: 
	Samplers
		UniformRandomFree	Number:5	Attempts:5
	Connectors
		Closest3
BasicPRM::IndividualPRM-Local::Initialize: 0 sec
Using local boundary CSpaceBoundingSphere [ 0.0290888 -2.6875 0.12599 ; 1.09625 ] on robot robot8
BasicPRM::IndividualPRM-Local::Run: 0.003815 sec
GroupDecoupledStrategy::DecoupledPRM-local-regular::Run: 0.011498 sec
robot4's path cost: 1.7
robot8's path cost: 1
GroupDecoupledStrategy::DecoupledPRM-local-wait
	Query Sampler: 
	Map Evaluators:
		BoundedDecoupledQuery
	strategyLabel: IndividualPRM-Wait
GroupDecoupledStrategy::DecoupledPRM-local-wait::Initialize: 0 sec
BasicPRM::IndividualPRM-Wait
	Query Sampler: 
	Map Evaluators:
		IndividualQuery
	Input Map: 
	Samplers
		UniformRandomFree	Number:0	Attempts:5
	Connectors
		Closest0
BasicPRM::IndividualPRM-Wait::Initialize: 0.235994 sec
Using local boundary CSpaceBoundingSphere [ 1.52924 -1.34777 0.473701 ; 1.00029 ] on robot robot6
BasicPRM::IndividualPRM-Wait::Run: 0 sec
BasicPRM::IndividualPRM-Wait
	Query Sampler: 
	Map Evaluators:
		IndividualQuery
	Input Map: 
	Samplers
		UniformRandomFree	Number:0	Attempts:5
	Connectors
		Closest0
BasicPRM::IndividualPRM-Wait::Initialize: 0.257993 sec
Using local boundary CSpaceBoundingSphere [ 1.47581 -1.17722 0.0605581 ; 1.09764 ] on robot robot3
BasicPRM::IndividualPRM-Wait::Run: 0 sec
GroupDecoupledStrategy::DecoupledPRM-local-wait::Run: 0.269575 sec
robot6's path cost: 0.9
robot3's path cost: 3.7
GroupDecoupledStrategy::DecoupledPRM-local-wait
	Query Sampler: 
	Map Evaluators:
		BoundedDecoupledQuery
	strategyLabel: IndividualPRM-Wait
GroupDecoupledStrategy::DecoupledPRM-local-wait::Initialize: 0 sec
BasicPRM::IndividualPRM-Wait
	Query Sampler: 
	Map Evaluators:
		IndividualQuery
	Input Map: 
	Samplers
		UniformRandomFree	Number:0	Attempts:5
	Connectors
		Closest0
BasicPRM::IndividualPRM-Wait::Initialize: 0.280992 sec
Using local boundary CSpaceBoundingSphere [ 1.08598 -1.15651 0.325472 ; 1.12453 ] on robot robot2
BasicPRM::IndividualPRM-Wait::Run: 0 sec
BasicPRM::IndividualPRM-Wait
	Query Sampler: 
	Map Evaluators:
		IndividualQuery
	Input Map: 
	Samplers
		UniformRandomFree	Number:0	Attempts:5
	Connectors
		Closest0
BasicPRM::IndividualPRM-Wait::Initialize: 0.309991 sec
Using local boundary CSpaceBoundingSphere [ 1.38338 -1.26879 0.424963 ; 1.04587 ] on robot robot6
BasicPRM::IndividualPRM-Wait::Run: 0 sec
BasicPRM::IndividualPRM-Wait
	Query Sampler: 
	Map Evaluators:
		IndividualQuery
	Input Map: 
	Samplers
		UniformRandomFree	Number:0	Attempts:5
	Connectors
		Closest0
BasicPRM::IndividualPRM-Wait::Initialize: 0.332992 sec
Using local boundary CSpaceBoundingSphere [ 1.00411 -1.861 0.274875 ; 1.1245 ] on robot robot3
BasicPRM::IndividualPRM-Wait::Run: 0 sec
Failed to find a path.
GroupDecoupledStrategy::DecoupledPRM-local-wait::Run: 0.353574 sec
robot2's path cost: 1
GroupDecoupledStrategy::DecoupledPRM-local-regular
	Query Sampler: 
	Map Evaluators:
		BoundedDecoupledQuery
	strategyLabel: IndividualPRM-Local
GroupDecoupledStrategy::DecoupledPRM-local-regular::Initialize: 0 sec
BasicPRM::IndividualPRM-Local
	Query Sampler: 
	Map Evaluators:
		IndividualQuery
	Input Map: 
	Samplers
		UniformRandomFree	Number:5	Attempts:5
	Connectors
		Closest3
BasicPRM::IndividualPRM-Local::Initialize: 0 sec
Using local boundary CSpaceBoundingSphere [ 1.08598 -1.15651 0.325472 ; 1.12453 ] on robot robot2
BasicPRM::IndividualPRM-Local::Run: 0.004816 sec
BasicPRM::IndividualPRM-Local
	Query Sampler: 
	Map Evaluators:
		IndividualQuery
	Input Map: 
	Samplers
		UniformRandomFree	Number:5	Attempts:5
	Connectors
		Closest3
BasicPRM::IndividualPRM-Local::Initialize: 0 sec
Using local boundary CSpaceBoundingSphere [ 1.38338 -1.26879 0.424963 ; 1.04587 ] on robot robot6
BasicPRM::IndividualPRM-Local::Run: 0.004816 sec
BasicPRM::IndividualPRM-Local
	Query Sampler: 
	Map Evaluators:
		IndividualQuery
	Input Map: 
	Samplers
		UniformRandomFree	Number:5	Attempts:5
	Connectors
		Closest3
BasicPRM::IndividualPRM-Local::Initialize: 0 sec
Using local boundary CSpaceBoundingSphere [ 1.00411 -1.861 0.274875 ; 1.1245 ] on robot robot3
BasicPRM::IndividualPRM-Local::Run: 0.005529 sec
GroupDecoupledStrategy::DecoupledPRM-local-regular::Run: 0.022537 sec
robot2's path cost: 1
robot6's path cost: 1.7
robot3's path cost: 1
GroupDecoupledStrategy::DecoupledPRM-local-wait
	Query Sampler: 
	Map Evaluators:
		BoundedDecoupledQuery
	strategyLabel: IndividualPRM-Wait
GroupDecoupledStrategy::DecoupledPRM-local-wait::Initialize: 0 sec
BasicPRM::IndividualPRM-Wait
	Query Sampler: 
	Map Evaluators:
		IndividualQuery
	Input Map: 
	Samplers
		UniformRandomFree	Number:0	Attempts:5
	Connectors
		Closest0
BasicPRM::IndividualPRM-Wait::Initialize: 0.355991 sec
Using local boundary CSpaceBoundingSphere [ 1.46895 -1.40714 0.453342 ; 1 ] on robot robot2
BasicPRM::IndividualPRM-Wait::Run: 0.001 sec
BasicPRM::IndividualPRM-Wait
	Query Sampler: 
	Map Evaluators:
		IndividualQuery
	Input Map: 
	Samplers
		UniformRandomFree	Number:0	Attempts:5
	Connectors
		Closest0
BasicPRM::IndividualPRM-Wait::Initialize: 0.381991 sec
Using local boundary CSpaceBoundingSphere [ 1.47581 -1.17722 0.0605581 ; 1.31717 ] on robot robot7
BasicPRM::IndividualPRM-Wait::Run: 0.001 sec
BasicPRM::IndividualPRM-Wait
	Query Sampler: 
	Map Evaluators:
		IndividualQuery
	Input Map: 
	Samplers
		UniformRandomFree	Number:0	Attempts:5
	Connectors
		Closest0
BasicPRM::IndividualPRM-Wait::Initialize: 0.412991 sec
Using local boundary CSpaceBoundingSphere [ 0.920767 -1.26436 0.495513 ; 1 ] on robot robot6
BasicPRM::IndividualPRM-Wait::Run: 0.001 sec
BasicPRM::IndividualPRM-Wait
	Query Sampler: 
	Map Evaluators:
		IndividualQuery
	Input Map: 
	Samplers
		UniformRandomFree	Number:0	Attempts:5
	Connectors
		Closest0
BasicPRM::IndividualPRM-Wait::Initialize: 0.43799 sec
Using local boundary CSpaceBoundingSphere [ 1.02638 -2.43807 0.465356 ; 1 ] on robot robot3
BasicPRM::IndividualPRM-Wait::Run: 0.001 sec
GroupDecoupledStrategy::DecoupledPRM-local-wait::Run: 0.462573 sec
robot2's path cost: 0.25
robot7's path cost: 1.2
robot6's path cost: 0.75
robot3's path cost: 0.5
GroupDecoupledStrategy::DecoupledPRM-local-wait
	Query Sampler: 
	Map Evaluators:
		BoundedDecoupledQuery
	strategyLabel: IndividualPRM-Wait
GroupDecoupledStrategy::DecoupledPRM-local-wait::Initialize: 0 sec
BasicPRM::IndividualPRM-Wait
	Query Sampler: 
	Map Evaluators:
		IndividualQuery
	Input Map: 
	Samplers
		UniformRandomFree	Number:0	Attempts:5
	Connectors
		Closest0
BasicPRM::IndividualPRM-Wait::Initialize: 0.462988 sec
Using local boundary CSpaceBoundingSphere [ 0.953438 -2.72628 0.132398 ; 1 ] on robot robot4
BasicPRM::IndividualPRM-Wait::Run: 0.001 sec
BasicPRM::IndividualPRM-Wait
	Query Sampler: 
	Map Evaluators:
		IndividualQuery
	Input Map: 
	Samplers
		UniformRandomFree	Number:0	Attempts:5
	Connectors
		Closest0
BasicPRM::IndividualPRM-Wait::Initialize: 0.486988 sec
Using local boundary CSpaceBoundingSphere [ 1.02649 -2.44081 0.466263 ; 1 ] on robot robot3
BasicPRM::IndividualPRM-Wait::Run: 0.001 sec
BasicPRM::IndividualPRM-Wait
	Query Sampler: 
	Map Evaluators:
		IndividualQuery
	Input Map: 
	Samplers
		UniformRandomFree	Number:0	Attempts:5
	Connectors
		Closest0
BasicPRM::IndividualPRM-Wait::Initialize: 0.510988 sec
Using local boundary CSpaceBoundingSphere [ 1.48806 -1.41964 0.459722 ; 1 ] on robot robot2
BasicPRM::IndividualPRM-Wait::Run: 0.002 sec
BasicPRM::IndividualPRM-Wait
	Query Sampler: 
	Map Evaluators:
		IndividualQuery
	Input Map: 
	Samplers
		UniformRandomFree	Number:0	Attempts:5
	Connectors
		Closest0
BasicPRM::IndividualPRM-Wait::Initialize: 0.542988 sec
Using local boundary CSpaceBoundingSphere [ 0.711628 -1.11206 0.409596 ; 1.57202 ] on robot robot6
BasicPRM::IndividualPRM-Wait::Run: 0.002 sec
BasicPRM::IndividualPRM-Wait
	Query Sampler: 
	Map Evaluators:
		IndividualQuery
	Input Map: 
	Samplers
		UniformRandomFree	Number:0	Attempts:5
	Connectors
		Closest0
BasicPRM::IndividualPRM-Wait::Initialize: 0.571988 sec
Using local boundary CSpaceBoundingSphere [ 1.62463 -1.16126 0.058705 ; 1.09764 ] on robot robot7
BasicPRM::IndividualPRM-Wait::Run: 0.002 sec
Failed to find a path.
GroupDecoupledStrategy::DecoupledPRM-local-wait::Run: 0.604571 sec
GroupDecoupledStrategy::DecoupledPRM-local-regular
	Query Sampler: 
	Map Evaluators:
		BoundedDecoupledQuery
	strategyLabel: IndividualPRM-Local
GroupDecoupledStrategy::DecoupledPRM-local-regular::Initialize: 0 sec
BasicPRM::IndividualPRM-Local
	Query Sampler: 
	Map Evaluators:
		IndividualQuery
	Input Map: 
	Samplers
		UniformRandomFree	Number:5	Attempts:5
	Connectors
		Closest3
BasicPRM::IndividualPRM-Local::Initialize: 0 sec
Using local boundary CSpaceBoundingSphere [ 0.953438 -2.72628 0.132398 ; 1 ] on robot robot4
BasicPRM::IndividualPRM-Local::Run: 0.00653 sec
BasicPRM::IndividualPRM-Local
	Query Sampler: 
	Map Evaluators:
		IndividualQuery
	Input Map: 
	Samplers
		UniformRandomFree	Number:5	Attempts:5
	Connectors
		Closest3
BasicPRM::IndividualPRM-Local::Initialize: 0 sec
Using local boundary CSpaceBoundingSphere [ 1.02649 -2.44081 0.466263 ; 1 ] on robot robot3
BasicPRM::IndividualPRM-Local::Run: 0.007481 sec
BasicPRM::IndividualPRM-Local
	Query Sampler: 
	Map Evaluators:
		IndividualQuery
	Input Map: 
	Samplers
		UniformRandomFree	Number:5	Attempts:5
	Connectors
		Closest3
BasicPRM::IndividualPRM-Local::Initialize: 0 sec
Using local boundary CSpaceBoundingSphere [ 1.48806 -1.41964 0.459722 ; 1 ] on robot robot2
BasicPRM::IndividualPRM-Local::Run: 0.008027 sec
BasicPRM::IndividualPRM-Local
	Query Sampler: 
	Map Evaluators:
		IndividualQuery
	Input Map: 
	Samplers
		UniformRandomFree	Number:5	Attempts:5
	Connectors
		Closest3
BasicPRM::IndividualPRM-Local::Initialize: 5.2e-05 sec
Using local boundary CSpaceBoundingSphere [ 0.711628 -1.11206 0.409596 ; 1.57202 ] on robot robot6
BasicPRM::IndividualPRM-Local::Run: 0.009027 sec
BasicPRM::IndividualPRM-Local
	Query Sampler: 
	Map Evaluators:
		IndividualQuery
	Input Map: 
	Samplers
		UniformRandomFree	Number:5	Attempts:5
	Connectors
		Closest3
BasicPRM::IndividualPRM-Local::Initialize: 5.2e-05 sec
Using local boundary CSpaceBoundingSphere [ 1.62463 -1.16126 0.058705 ; 1.09764 ] on robot robot7
BasicPRM::IndividualPRM-Local::Run: 0.009689 sec
Failed to find a path.
GroupDecoupledStrategy::DecoupledPRM-local-regular::Run: 0.033076 sec
GroupPRM::CompositePRM-local
	Query Sampler: 
	Map Evaluators:
		BoundedCompositeQuery
	Samplers
		UniformRandomFree	Number:10	Attempts:5
	Connectors
		Closest5
Robot: 
robot2
Boundary: 
CSpaceBoundingBox [1.64298:1.64298 ; -1.52102:-1.52102 ; -0.488552:-0.488552 ]
Robot: 
robot6
Boundary: 
CSpaceBoundingBox [0.299865:0.299865 ; -0.642061:-0.642061 ; -0.937008:-0.937008 ]
Robot: 
robot4
Boundary: 
CSpaceBoundingBox [1.36352:1.36352 ; -2.74349:-2.74349 ; 0.135241:0.135241 ]
Robot: 
robot3
Boundary: 
CSpaceBoundingBox [1.03764:1.03764 ; -2.7296:-2.7296 ; 0.561587:0.561587 ]
Robot: 
robot7
Boundary: 
CSpaceBoundingBox [1.12858:1.12858 ; -1.21447:-1.21447 ; 0.0648819:0.0648819 ]
GroupPRM::CompositePRM-local::Initialize: 0.002 sec
GroupPRM::CompositePRM-local::Run: 0.041942 sec
[0;1;34mExpanding time space[0m
GroupDecoupledStrategy::DecoupledPRM-local-wait
	Query Sampler: 
	Map Evaluators:
		BoundedDecoupledQuery
	strategyLabel: IndividualPRM-Wait
GroupDecoupledStrategy::DecoupledPRM-local-wait::Initialize: 0 sec
BasicPRM::IndividualPRM-Wait
	Query Sampler: 
	Map Evaluators:
		IndividualQuery
	Input Map: 
	Samplers
		UniformRandomFree	Number:0	Attempts:5
	Connectors
		Closest0
BasicPRM::IndividualPRM-Wait::Initialize: 0.598987 sec
Using local boundary CSpaceBoundingSphere [ 0.851353 -2.722 0.131691 ; 1.20938 ] on robot robot4
BasicPRM::IndividualPRM-Wait::Run: 0.002 sec
BasicPRM::IndividualPRM-Wait
	Query Sampler: 
	Map Evaluators:
		IndividualQuery
	Input Map: 
	Samplers
		UniformRandomFree	Number:0	Attempts:5
	Connectors
		Closest0
BasicPRM::IndividualPRM-Wait::Initialize: 0.626987 sec
Using local boundary CSpaceBoundingSphere [ 1.01849 -2.23358 0.39786 ; 1.31357 ] on robot robot3
BasicPRM::IndividualPRM-Wait::Run: 0.003 sec
BasicPRM::IndividualPRM-Wait
	Query Sampler: 
	Map Evaluators:
		IndividualQuery
	Input Map: 
	Samplers
		UniformRandomFree	Number:0	Attempts:5
	Connectors
		Closest0
BasicPRM::IndividualPRM-Wait::Initialize: 0.654987 sec
Using local boundary CSpaceBoundingSphere [ 1.27642 -1.28114 0.389058 ; 1 ] on robot robot2
BasicPRM::IndividualPRM-Wait::Run: 0.003 sec
BasicPRM::IndividualPRM-Wait
	Query Sampler: 
	Map Evaluators:
		IndividualQuery
	Input Map: 
	Samplers
		UniformRandomFree	Number:0	Attempts:5
	Connectors
		Closest0
BasicPRM::IndividualPRM-Wait::Initialize: 0.688987 sec
Using local boundary CSpaceBoundingSphere [ 1.00253 -1.14817 0.345864 ; 1.72203 ] on robot robot6
BasicPRM::IndividualPRM-Wait::Run: 0.003 sec
BasicPRM::IndividualPRM-Wait
	Query Sampler: 
	Map Evaluators:
		IndividualQuery
	Input Map: 
	Samplers
		UniformRandomFree	Number:0	Attempts:5
	Connectors
		Closest0
BasicPRM::IndividualPRM-Wait::Initialize: 0.718986 sec
Using local boundary CSpaceBoundingSphere [ 1.82098 -1.1402 0.05626 ; 1.7608 ] on robot robot7
BasicPRM::IndividualPRM-Wait::Run: 0.003 sec
GroupDecoupledStrategy::DecoupledPRM-local-wait::Run: 0.777565 sec
robot4's path cost: 1.1
robot3's path cost: 1.35
robot2's path cost: 0.85
robot6's path cost: 1.65
robot7's path cost: 1.65
GroupDecoupledStrategy::DecoupledPRM-local-wait
	Query Sampler: 
	Map Evaluators:
		BoundedDecoupledQuery
	strategyLabel: IndividualPRM-Wait
GroupDecoupledStrategy::DecoupledPRM-local-wait::Initialize: 0 sec
BasicPRM::IndividualPRM-Wait
	Query Sampler: 
	Map Evaluators:
		IndividualQuery
	Input Map: 
	Samplers
		UniformRandomFree	Number:0	Attempts:5
	Connectors
		Closest0
BasicPRM::IndividualPRM-Wait::Initialize: 0.745985 sec
Using local boundary CSpaceBoundingSphere [ 1.70998 -1.56487 -0.466181 ; 1 ] on robot robot2
BasicPRM::IndividualPRM-Wait::Run: 0.003 sec
BasicPRM::IndividualPRM-Wait
	Query Sampler: 
	Map Evaluators:
		IndividualQuery
	Input Map: 
	Samplers
		UniformRandomFree	Number:0	Attempts:5
	Connectors
		Closest0
BasicPRM::IndividualPRM-Wait::Initialize: 0.775985 sec
Using local boundary CSpaceBoundingSphere [ 1.64691 -1.73847 0.249233 ; 1.36127 ] on robot robot3
BasicPRM::IndividualPRM-Wait::Run: 0.004 sec
Failed to find a path.
GroupDecoupledStrategy::DecoupledPRM-local-wait::Run: 0.838565 sec
robot2's path cost: 0.05
GroupDecoupledStrategy::DecoupledPRM-local-regular
	Query Sampler: 
	Map Evaluators:
		BoundedDecoupledQuery
	strategyLabel: IndividualPRM-Local
GroupDecoupledStrategy::DecoupledPRM-local-regular::Initialize: 0 sec
BasicPRM::IndividualPRM-Local
	Query Sampler: 
	Map Evaluators:
		IndividualQuery
	Input Map: 
	Samplers
		UniformRandomFree	Number:5	Attempts:5
	Connectors
		Closest3
BasicPRM::IndividualPRM-Local::Initialize: 0.001052 sec
Using local boundary CSpaceBoundingSphere [ 1.70998 -1.56487 -0.466181 ; 1 ] on robot robot2
BasicPRM::IndividualPRM-Local::Run: 0.009689 sec
BasicPRM::IndividualPRM-Local
	Query Sampler: 
	Map Evaluators:
		IndividualQuery
	Input Map: 
	Samplers
		UniformRandomFree	Number:5	Attempts:5
	Connectors
		Closest3
BasicPRM::IndividualPRM-Local::Initialize: 0.001052 sec
Using local boundary CSpaceBoundingSphere [ 1.64691 -1.73847 0.249233 ; 1.36127 ] on robot robot3
BasicPRM::IndividualPRM-Local::Run: 0.010689 sec
Failed to find a path.
GroupDecoupledStrategy::DecoupledPRM-local-regular::Run: 0.039076 sec
robot2's path cost: 0.05
GroupPRM::CompositePRM-local
	Query Sampler: 
	Map Evaluators:
		BoundedCompositeQuery
	Samplers
		UniformRandomFree	Number:10	Attempts:5
	Connectors
		Closest5
Robot: 
robot2
Boundary: 
CSpaceBoundingBox [1.72912:1.72912 ; -1.5774:-1.5774 ; -0.459789:-0.459789 ]
Robot: 
robot3
Boundary: 
CSpaceBoundingBox [1.92544:1.92544 ; -1.21179:-1.21179 ; 0.0822172:0.0822172 ]
GroupPRM::CompositePRM-local::Initialize: 0.002 sec
GroupPRM::CompositePRM-local::Run: 0.049941 sec
GroupDecoupledStrategy::DecoupledPRM-local-wait
	Query Sampler: 
	Map Evaluators:
		BoundedDecoupledQuery
	strategyLabel: IndividualPRM-Wait
GroupDecoupledStrategy::DecoupledPRM-local-wait::Initialize: 0 sec
BasicPRM::IndividualPRM-Wait
	Query Sampler: 
	Map Evaluators:
		IndividualQuery
	Input Map: 
	Samplers
		UniformRandomFree	Number:0	Attempts:5
	Connectors
		Closest0
BasicPRM::IndividualPRM-Wait::Initialize: 0.807984 sec
Using local boundary CSpaceBoundingSphere [ 2.24932 -1.38267 -0.284856 ; 1.14039 ] on robot robot2
BasicPRM::IndividualPRM-Wait::Run: 0.004 sec
BasicPRM::IndividualPRM-Wait
	Query Sampler: 
	Map Evaluators:
		IndividualQuery
	Input Map: 
	Samplers
		UniformRandomFree	Number:0	Attempts:5
	Connectors
		Closest0
BasicPRM::IndividualPRM-Wait::Initialize: 0.842984 sec
Using local boundary CSpaceBoundingSphere [ 2.291 -1.08978 0.050407 ; 1 ] on robot robot3
BasicPRM::IndividualPRM-Wait::Run: 0.004 sec
Failed to find a path.
GroupDecoupledStrategy::DecoupledPRM-local-wait::Run: 0.910564 sec
GroupDecoupledStrategy::DecoupledPRM-local-regular
	Query Sampler: 
	Map Evaluators:
		BoundedDecoupledQuery
	strategyLabel: IndividualPRM-Local
GroupDecoupledStrategy::DecoupledPRM-local-regular::Initialize: 0 sec
BasicPRM::IndividualPRM-Local
	Query Sampler: 
	Map Evaluators:
		IndividualQuery
	Input Map: 
	Samplers
		UniformRandomFree	Number:5	Attempts:5
	Connectors
		Closest3
BasicPRM::IndividualPRM-Local::Initialize: 0.001052 sec
Using local boundary CSpaceBoundingSphere [ 2.24932 -1.38267 -0.284856 ; 1.14039 ] on robot robot2
BasicPRM::IndividualPRM-Local::Run: 0.011689 sec
BasicPRM::IndividualPRM-Local
	Query Sampler: 
	Map Evaluators:
		IndividualQuery
	Input Map: 
	Samplers
		UniformRandomFree	Number:5	Attempts:5
	Connectors
		Closest3
BasicPRM::IndividualPRM-Local::Initialize: 0.001052 sec
Using local boundary CSpaceBoundingSphere [ 2.291 -1.08978 0.050407 ; 1 ] on robot robot3
BasicPRM::IndividualPRM-Local::Run: 0.01248 sec
Failed to find a path.
GroupDecoupledStrategy::DecoupledPRM-local-regular::Run: 0.045349 sec
GroupPRM::CompositePRM-local
	Query Sampler: 
	Map Evaluators:
		BoundedCompositeQuery
	Samplers
		UniformRandomFree	Number:10	Attempts:5
	Connectors
		Closest5
Robot: 
robot2
Boundary: 
CSpaceBoundingBox [2.70772:2.70772 ; -1.19616:-1.19616 ; -0.130668:-0.130668 ]
Robot: 
robot3
Boundary: 
CSpaceBoundingBox [2.38219:2.38219 ; -1.08:-1.08 ; 0.0492716:0.0492716 ]
GroupPRM::CompositePRM-local::Initialize: 0.002 sec
GroupPRM::CompositePRM-local::Run: 0.058941 sec
GroupDecoupledStrategy::ARC10::Run: 1.25238 sec
robot1's path cost: 18.1
robot2's path cost: 23.6
robot3's path cost: 28.5
robot4's path cost: 19.1
robot5's path cost: 16.45
robot6's path cost: 18.05
robot7's path cost: 19.15
robot8's path cost: 17.7
MPLibrary::Initialize: 0 sec
