[0;1;32mLocalRepairQuery Constructor called for LocalRepair10[0m


MPLibrary is solving with MPStrategyMethod labeled ARC10 using seed 77794.
GroupDecoupledStrategy::ARC10
	Query Sampler: 
	Map Evaluators:
		LocalRepair10
	strategyLabel: IndividualEvaluation
GroupDecoupledStrategy::ARC10::Initialize: 0 sec
BasicPRM::SharedRoadmapPRM
	Query Sampler: 
	Map Evaluators:
		NodesEval
	Input Map: 
	Samplers
		UniformRandomFree	Number:4	Attempts:5
	Connectors
		Closest5
BasicPRM::SharedRoadmapPRM::Initialize: 0 sec
BasicPRM::SharedRoadmapPRM::Run: 0.037999 sec
BasicPRM::IndividualEvaluation
	Query Sampler: UniformRandomFree
	Map Evaluators:
		AlwaysTrue
	Input Map: 
	Samplers
	Connectors
		Closest3
BasicPRM::IndividualEvaluation::Initialize: 0.001115 sec
BasicPRM::IndividualEvaluation::Run: 0 sec
BasicPRM::IndividualEvaluation
	Query Sampler: UniformRandomFree
	Map Evaluators:
		AlwaysTrue
	Input Map: 
	Samplers
	Connectors
		Closest3
BasicPRM::IndividualEvaluation::Initialize: 0.001858 sec
BasicPRM::IndividualEvaluation::Run: 0 sec
BasicPRM::IndividualEvaluation
	Query Sampler: UniformRandomFree
	Map Evaluators:
		AlwaysTrue
	Input Map: 
	Samplers
	Connectors
		Closest3
BasicPRM::IndividualEvaluation::Initialize: 0.002538 sec
BasicPRM::IndividualEvaluation::Run: 0 sec
BasicPRM::IndividualEvaluation
	Query Sampler: UniformRandomFree
	Map Evaluators:
		AlwaysTrue
	Input Map: 
	Samplers
	Connectors
		Closest3
BasicPRM::IndividualEvaluation::Initialize: 0.003827 sec
BasicPRM::IndividualEvaluation::Run: 0 sec
BasicPRM::IndividualEvaluation
	Query Sampler: UniformRandomFree
	Map Evaluators:
		AlwaysTrue
	Input Map: 
	Samplers
	Connectors
		Closest3
BasicPRM::IndividualEvaluation::Initialize: 0.00565 sec
BasicPRM::IndividualEvaluation::Run: 0 sec
BasicPRM::IndividualEvaluation
	Query Sampler: UniformRandomFree
	Map Evaluators:
		AlwaysTrue
	Input Map: 
	Samplers
	Connectors
		Closest3
BasicPRM::IndividualEvaluation::Initialize: 0.007406 sec
BasicPRM::IndividualEvaluation::Run: 0 sec
BasicPRM::IndividualEvaluation
	Query Sampler: UniformRandomFree
	Map Evaluators:
		AlwaysTrue
	Input Map: 
	Samplers
	Connectors
		Closest3
BasicPRM::IndividualEvaluation::Initialize: 0.010685 sec
BasicPRM::IndividualEvaluation::Run: 0 sec
BasicPRM::IndividualEvaluation
	Query Sampler: UniformRandomFree
	Map Evaluators:
		AlwaysTrue
	Input Map: 
	Samplers
	Connectors
		Closest3
BasicPRM::IndividualEvaluation::Initialize: 0.013518 sec
BasicPRM::IndividualEvaluation::Run: 0 sec
GroupDecoupledStrategy::DecoupledPRM-local-wait
	Query Sampler: 
	Map Evaluators:
		BoundedDecoupledQuery
	strategyLabel: IndividualPRM-Wait
GroupDecoupledStrategy::DecoupledPRM-local-wait::Initialize: 0 sec
BasicPRM::IndividualPRM-Wait
	Query Sampler: 
	Map Evaluators:
		IndividualQuery
	Input Map: 
	Samplers
		UniformRandomFree	Number:0	Attempts:5
	Connectors
		Closest0
BasicPRM::IndividualPRM-Wait::Initialize: 0.026998 sec
Using local boundary CSpaceBoundingSphere [ -0.0242234 2.32961 -0.320725 ; 1.14468 ] on robot robot2
BasicPRM::IndividualPRM-Wait::Run: 0.001 sec
BasicPRM::IndividualPRM-Wait
	Query Sampler: 
	Map Evaluators:
		IndividualQuery
	Input Map: 
	Samplers
		UniformRandomFree	Number:0	Attempts:5
	Connectors
		Closest0
BasicPRM::IndividualPRM-Wait::Initialize: 0.049998 sec
Using local boundary CSpaceBoundingSphere [ 0.213596 2.37162 -0.399506 ; 1.13047 ] on robot robot6
BasicPRM::IndividualPRM-Wait::Run: 0.001 sec
GroupDecoupledStrategy::DecoupledPRM-local-wait::Run: 0.052998 sec
robot2's path cost: 2.15
robot6's path cost: 1
GroupDecoupledStrategy::DecoupledPRM-local-wait
	Query Sampler: 
	Map Evaluators:
		BoundedDecoupledQuery
	strategyLabel: IndividualPRM-Wait
GroupDecoupledStrategy::DecoupledPRM-local-wait::Initialize: 0 sec
BasicPRM::IndividualPRM-Wait
	Query Sampler: 
	Map Evaluators:
		IndividualQuery
	Input Map: 
	Samplers
		UniformRandomFree	Number:0	Attempts:5
	Connectors
		Closest0
BasicPRM::IndividualPRM-Wait::Initialize: 0.078997 sec
Using local boundary CSpaceBoundingSphere [ -0.261996 -4.63692 -0.116871 ; 1.12594 ] on robot robot4
BasicPRM::IndividualPRM-Wait::Run: 0.001 sec
BasicPRM::IndividualPRM-Wait
	Query Sampler: 
	Map Evaluators:
		IndividualQuery
	Input Map: 
	Samplers
		UniformRandomFree	Number:0	Attempts:5
	Connectors
		Closest0
BasicPRM::IndividualPRM-Wait::Initialize: 0.107997 sec
Using local boundary CSpaceBoundingSphere [ -0.0192918 -4.58191 0.1607 ; 1.10875 ] on robot robot8
BasicPRM::IndividualPRM-Wait::Run: 0.001 sec
Failed to find a path.
GroupDecoupledStrategy::DecoupledPRM-local-wait::Run: 0.116998 sec
GroupDecoupledStrategy::DecoupledPRM-local-regular
	Query Sampler: 
	Map Evaluators:
		BoundedDecoupledQuery
	strategyLabel: IndividualPRM-Local
GroupDecoupledStrategy::DecoupledPRM-local-regular::Initialize: 0 sec
BasicPRM::IndividualPRM-Local
	Query Sampler: 
	Map Evaluators:
		IndividualQuery
	Input Map: 
	Samplers
		UniformRandomFree	Number:5	Attempts:5
	Connectors
		Closest3
BasicPRM::IndividualPRM-Local::Initialize: 0 sec
Using local boundary CSpaceBoundingSphere [ -0.261996 -4.63692 -0.116871 ; 1.12594 ] on robot robot4
BasicPRM::IndividualPRM-Local::Run: 0.001 sec
BasicPRM::IndividualPRM-Local
	Query Sampler: 
	Map Evaluators:
		IndividualQuery
	Input Map: 
	Samplers
		UniformRandomFree	Number:5	Attempts:5
	Connectors
		Closest3
BasicPRM::IndividualPRM-Local::Initialize: 0 sec
Using local boundary CSpaceBoundingSphere [ -0.0192918 -4.58191 0.1607 ; 1.10875 ] on robot robot8
BasicPRM::IndividualPRM-Local::Run: 0.001847 sec
Failed to find a path.
GroupDecoupledStrategy::DecoupledPRM-local-regular::Run: 0.008081 sec
robot4's path cost: 1
GroupPRM::CompositePRM-local
	Query Sampler: 
	Map Evaluators:
		BoundedCompositeQuery
	Samplers
		UniformRandomFree	Number:10	Attempts:5
	Connectors
		Closest5
Robot: 
robot4
Boundary: 
CSpaceBoundingBox [0.212142:0.212142 ; -4.49063:-4.49063 ; -0.242243:-0.242243 ]
Robot: 
robot8
Boundary: 
CSpaceBoundingBox [-0.496952:-0.496952 ; -4.71688:-4.71688 ; 0.0734112:0.0734112 ]
GroupPRM::CompositePRM-local::Initialize: 0.001 sec
GroupPRM::CompositePRM-local::Run: 0.008999 sec
GroupDecoupledStrategy::DecoupledPRM-local-wait
	Query Sampler: 
	Map Evaluators:
		BoundedDecoupledQuery
	strategyLabel: IndividualPRM-Wait
GroupDecoupledStrategy::DecoupledPRM-local-wait::Initialize: 0 sec
BasicPRM::IndividualPRM-Wait
	Query Sampler: 
	Map Evaluators:
		IndividualQuery
	Input Map: 
	Samplers
		UniformRandomFree	Number:0	Attempts:5
	Connectors
		Closest0
BasicPRM::IndividualPRM-Wait::Initialize: 0.133997 sec
Using local boundary CSpaceBoundingSphere [ -0.449174 3.41075 -0.230706 ; 1.09126 ] on robot robot1
BasicPRM::IndividualPRM-Wait::Run: 0.001 sec
BasicPRM::IndividualPRM-Wait
	Query Sampler: 
	Map Evaluators:
		IndividualQuery
	Input Map: 
	Samplers
		UniformRandomFree	Number:0	Attempts:5
	Connectors
		Closest0
BasicPRM::IndividualPRM-Wait::Initialize: 0.160997 sec
Using local boundary CSpaceBoundingSphere [ -0.209862 3.34966 -0.206253 ; 1.09094 ] on robot robot5
BasicPRM::IndividualPRM-Wait::Run: 0.001 sec
GroupDecoupledStrategy::DecoupledPRM-local-wait::Run: 0.171998 sec
robot1's path cost: 2.55
robot5's path cost: 1
GroupDecoupledStrategy::DecoupledPRM-local-wait
	Query Sampler: 
	Map Evaluators:
		BoundedDecoupledQuery
	strategyLabel: IndividualPRM-Wait
GroupDecoupledStrategy::DecoupledPRM-local-wait::Initialize: 0 sec
BasicPRM::IndividualPRM-Wait
	Query Sampler: 
	Map Evaluators:
		IndividualQuery
	Input Map: 
	Samplers
		UniformRandomFree	Number:0	Attempts:5
	Connectors
		Closest0
BasicPRM::IndividualPRM-Wait::Initialize: 0.192997 sec
Using local boundary CSpaceBoundingSphere [ -0.363587 -4.44105 -0.352577 ; 1 ] on robot robot4
BasicPRM::IndividualPRM-Wait::Run: 0.001 sec
BasicPRM::IndividualPRM-Wait
	Query Sampler: 
	Map Evaluators:
		IndividualQuery
	Input Map: 
	Samplers
		UniformRandomFree	Number:0	Attempts:5
	Connectors
		Closest0
BasicPRM::IndividualPRM-Wait::Initialize: 0.223996 sec
Using local boundary CSpaceBoundingSphere [ -0.218751 -4.5752 0.0494709 ; 1.50126 ] on robot robot3
BasicPRM::IndividualPRM-Wait::Run: 0.001 sec
BasicPRM::IndividualPRM-Wait
	Query Sampler: 
	Map Evaluators:
		IndividualQuery
	Input Map: 
	Samplers
		UniformRandomFree	Number:0	Attempts:5
	Connectors
		Closest0
BasicPRM::IndividualPRM-Wait::Initialize: 0.256996 sec
Using local boundary CSpaceBoundingSphere [ -0.291823 -4.924 0.129765 ; 1 ] on robot robot8
BasicPRM::IndividualPRM-Wait::Run: 0.001 sec
GroupDecoupledStrategy::DecoupledPRM-local-wait::Run: 0.272997 sec
robot4's path cost: 1.2
robot3's path cost: 1.4
robot8's path cost: 0.95
GroupDecoupledStrategy::DecoupledPRM-local-wait
	Query Sampler: 
	Map Evaluators:
		BoundedDecoupledQuery
	strategyLabel: IndividualPRM-Wait
GroupDecoupledStrategy::DecoupledPRM-local-wait::Initialize: 0 sec
BasicPRM::IndividualPRM-Wait
	Query Sampler: 
	Map Evaluators:
		IndividualQuery
	Input Map: 
	Samplers
		UniformRandomFree	Number:0	Attempts:5
	Connectors
		Closest0
BasicPRM::IndividualPRM-Wait::Initialize: 0.271996 sec
Using local boundary CSpaceBoundingSphere [ -0.171851 -4.56206 0.0513622 ; 1.39403 ] on robot robot3
BasicPRM::IndividualPRM-Wait::Run: 0.001 sec
BasicPRM::IndividualPRM-Wait
	Query Sampler: 
	Map Evaluators:
		IndividualQuery
	Input Map: 
	Samplers
		UniformRandomFree	Number:0	Attempts:5
	Connectors
		Closest0
BasicPRM::IndividualPRM-Wait::Initialize: 0.300996 sec
Using local boundary CSpaceBoundingSphere [ -0.219288 -4.5927 0.0479261 ; 1.40437 ] on robot robot7
BasicPRM::IndividualPRM-Wait::Run: 0.001 sec
BasicPRM::IndividualPRM-Wait
	Query Sampler: 
	Map Evaluators:
		IndividualQuery
	Input Map: 
	Samplers
		UniformRandomFree	Number:0	Attempts:5
	Connectors
		Closest0
BasicPRM::IndividualPRM-Wait::Initialize: 0.331996 sec
Using local boundary CSpaceBoundingSphere [ -0.406256 -4.40251 -0.401038 ; 1 ] on robot robot4
BasicPRM::IndividualPRM-Wait::Run: 0.001 sec
BasicPRM::IndividualPRM-Wait
	Query Sampler: 
	Map Evaluators:
		IndividualQuery
	Input Map: 
	Samplers
		UniformRandomFree	Number:0	Attempts:5
	Connectors
		Closest0
BasicPRM::IndividualPRM-Wait::Initialize: 0.364995 sec
Using local boundary CSpaceBoundingSphere [ -0.325275 -4.96136 0.125637 ; 1 ] on robot robot8
BasicPRM::IndividualPRM-Wait::Run: 0.001 sec
Failed to find a path.
GroupDecoupledStrategy::DecoupledPRM-local-wait::Run: 0.383133 sec
robot3's path cost: 1.3
GroupDecoupledStrategy::DecoupledPRM-local-regular
	Query Sampler: 
	Map Evaluators:
		BoundedDecoupledQuery
	strategyLabel: IndividualPRM-Local
GroupDecoupledStrategy::DecoupledPRM-local-regular::Initialize: 0 sec
BasicPRM::IndividualPRM-Local
	Query Sampler: 
	Map Evaluators:
		IndividualQuery
	Input Map: 
	Samplers
		UniformRandomFree	Number:5	Attempts:5
	Connectors
		Closest3
BasicPRM::IndividualPRM-Local::Initialize: 0 sec
Using local boundary CSpaceBoundingSphere [ -0.171851 -4.56206 0.0513622 ; 1.39403 ] on robot robot3
BasicPRM::IndividualPRM-Local::Run: 0.002337 sec
BasicPRM::IndividualPRM-Local
	Query Sampler: 
	Map Evaluators:
		IndividualQuery
	Input Map: 
	Samplers
		UniformRandomFree	Number:5	Attempts:5
	Connectors
		Closest3
BasicPRM::IndividualPRM-Local::Initialize: 0 sec
Using local boundary CSpaceBoundingSphere [ -0.219288 -4.5927 0.0479261 ; 1.40437 ] on robot robot7
BasicPRM::IndividualPRM-Local::Run: 0.002523 sec
BasicPRM::IndividualPRM-Local
	Query Sampler: 
	Map Evaluators:
		IndividualQuery
	Input Map: 
	Samplers
		UniformRandomFree	Number:5	Attempts:5
	Connectors
		Closest3
BasicPRM::IndividualPRM-Local::Initialize: 0 sec
Using local boundary CSpaceBoundingSphere [ -0.406256 -4.40251 -0.401038 ; 1 ] on robot robot4
BasicPRM::IndividualPRM-Local::Run: 0.003345 sec
BasicPRM::IndividualPRM-Local
	Query Sampler: 
	Map Evaluators:
		IndividualQuery
	Input Map: 
	Samplers
		UniformRandomFree	Number:5	Attempts:5
	Connectors
		Closest3
BasicPRM::IndividualPRM-Local::Initialize: 0 sec
Using local boundary CSpaceBoundingSphere [ -0.325275 -4.96136 0.125637 ; 1 ] on robot robot8
BasicPRM::IndividualPRM-Local::Run: 0.003569 sec
Failed to find a path.
GroupDecoupledStrategy::DecoupledPRM-local-regular::Run: 0.013435 sec
robot3's path cost: 1.3
GroupPRM::CompositePRM-local
	Query Sampler: 
	Map Evaluators:
		BoundedCompositeQuery
	Samplers
		UniformRandomFree	Number:10	Attempts:5
	Connectors
		Closest5
Robot: 
robot4
Boundary: 
CSpaceBoundingBox [-0.159:-0.159 ; -4.42833:-4.42833 ; -0.348425:-0.348425 ]
Robot: 
robot3
Boundary: 
CSpaceBoundingBox [0.437851:0.437851 ; -4.39127:-4.39127 ; 0.0759484:0.0759484 ]
Robot: 
robot8
Boundary: 
CSpaceBoundingBox [-0.510166:-0.510166 ; -4.72061:-4.72061 ; 0.0709965:0.0709965 ]
Robot: 
robot7
Boundary: 
CSpaceBoundingBox [-0.829451:-0.829451 ; -4.77849:-4.77849 ; 0.0220157:0.0220157 ]
GroupPRM::CompositePRM-local::Initialize: 0.001 sec
GroupPRM::CompositePRM-local::Run: 0.028465 sec
[0;1;34mExpanding time space[0m
GroupDecoupledStrategy::DecoupledPRM-local-wait
	Query Sampler: 
	Map Evaluators:
		BoundedDecoupledQuery
	strategyLabel: IndividualPRM-Wait
GroupDecoupledStrategy::DecoupledPRM-local-wait::Initialize: 0 sec
BasicPRM::IndividualPRM-Wait
	Query Sampler: 
	Map Evaluators:
		IndividualQuery
	Input Map: 
	Samplers
		UniformRandomFree	Number:0	Attempts:5
	Connectors
		Closest0
BasicPRM::IndividualPRM-Wait::Initialize: 0.396544 sec
Using local boundary CSpaceBoundingSphere [ -0.334675 -4.47523 0.0564247 ; 2.01824 ] on robot robot3
BasicPRM::IndividualPRM-Wait::Run: 0.001 sec
BasicPRM::IndividualPRM-Wait
	Query Sampler: 
	Map Evaluators:
		IndividualQuery
	Input Map: 
	Samplers
		UniformRandomFree	Number:0	Attempts:5
	Connectors
		Closest0
BasicPRM::IndividualPRM-Wait::Initialize: 0.428543 sec
Using local boundary CSpaceBoundingSphere [ -0.0750897 -4.47626 0.0604173 ; 2.11903 ] on robot robot7
BasicPRM::IndividualPRM-Wait::Run: 0.001 sec
BasicPRM::IndividualPRM-Wait
	Query Sampler: 
	Map Evaluators:
		IndividualQuery
	Input Map: 
	Samplers
		UniformRandomFree	Number:0	Attempts:5
	Connectors
		Closest0
BasicPRM::IndividualPRM-Wait::Initialize: 0.460542 sec
Using local boundary CSpaceBoundingSphere [ -0.403965 -4.50956 -0.277122 ; 1 ] on robot robot4
BasicPRM::IndividualPRM-Wait::Run: 0.001 sec
BasicPRM::IndividualPRM-Wait
	Query Sampler: 
	Map Evaluators:
		IndividualQuery
	Input Map: 
	Samplers
		UniformRandomFree	Number:0	Attempts:5
	Connectors
		Closest0
BasicPRM::IndividualPRM-Wait::Initialize: 0.495542 sec
Using local boundary CSpaceBoundingSphere [ -0.198609 -4.78605 0.138854 ; 1 ] on robot robot8
BasicPRM::IndividualPRM-Wait::Run: 0.001 sec
Failed to find a path.
GroupDecoupledStrategy::DecoupledPRM-local-wait::Run: 0.517682 sec
GroupDecoupledStrategy::DecoupledPRM-local-regular
	Query Sampler: 
	Map Evaluators:
		BoundedDecoupledQuery
	strategyLabel: IndividualPRM-Local
GroupDecoupledStrategy::DecoupledPRM-local-regular::Initialize: 0 sec
BasicPRM::IndividualPRM-Local
	Query Sampler: 
	Map Evaluators:
		IndividualQuery
	Input Map: 
	Samplers
		UniformRandomFree	Number:5	Attempts:5
	Connectors
		Closest3
BasicPRM::IndividualPRM-Local::Initialize: 0 sec
Using local boundary CSpaceBoundingSphere [ -0.334675 -4.47523 0.0564247 ; 2.01824 ] on robot robot3
BasicPRM::IndividualPRM-Local::Run: 0.004569 sec
BasicPRM::IndividualPRM-Local
	Query Sampler: 
	Map Evaluators:
		IndividualQuery
	Input Map: 
	Samplers
		UniformRandomFree	Number:5	Attempts:5
	Connectors
		Closest3
BasicPRM::IndividualPRM-Local::Initialize: 0.00011 sec
Using local boundary CSpaceBoundingSphere [ -0.0750897 -4.47626 0.0604173 ; 2.11903 ] on robot robot7
BasicPRM::IndividualPRM-Local::Run: 0.005569 sec
BasicPRM::IndividualPRM-Local
	Query Sampler: 
	Map Evaluators:
		IndividualQuery
	Input Map: 
	Samplers
		UniformRandomFree	Number:5	Attempts:5
	Connectors
		Closest3
BasicPRM::IndividualPRM-Local::Initialize: 0.00011 sec
Using local boundary CSpaceBoundingSphere [ -0.403965 -4.50956 -0.277122 ; 1 ] on robot robot4
BasicPRM::IndividualPRM-Local::Run: 0.006569 sec
BasicPRM::IndividualPRM-Local
	Query Sampler: 
	Map Evaluators:
		IndividualQuery
	Input Map: 
	Samplers
		UniformRandomFree	Number:5	Attempts:5
	Connectors
		Closest3
BasicPRM::IndividualPRM-Local::Initialize: 0.00011 sec
Using local boundary CSpaceBoundingSphere [ -0.198609 -4.78605 0.138854 ; 1 ] on robot robot8
BasicPRM::IndividualPRM-Local::Run: 0.006849 sec
GroupDecoupledStrategy::DecoupledPRM-local-regular::Run: 0.165153 sec
robot3's path cost: 2.25
robot7's path cost: 1.95
robot4's path cost: 1.5
robot8's path cost: 1.95
GroupDecoupledStrategy::ARC10::Run: 0.884691 sec
robot1's path cost: 20.2
robot2's path cost: 15.35
robot3's path cost: 15.9
robot4's path cost: 16.3
robot5's path cost: 13.7
robot6's path cost: 13
robot7's path cost: 14.35
robot8's path cost: 17.55
MPLibrary::Initialize: 0 sec
