[0;1;32mLocalRepairQuery Constructor called for LocalRepair10[0m


MPLibrary is solving with MPStrategyMethod labeled ARC10 using seed 87991.
GroupDecoupledStrategy::ARC10
	Query Sampler: 
	Map Evaluators:
		LocalRepair10
	strategyLabel: IndividualEvaluation
GroupDecoupledStrategy::ARC10::Initialize: 0 sec
BasicPRM::SharedRoadmapPRM
	Query Sampler: 
	Map Evaluators:
		NodesEval
	Input Map: 
	Samplers
		UniformRandomFree	Number:4	Attempts:5
	Connectors
		Closest5
BasicPRM::SharedRoadmapPRM::Initialize: 0 sec
BasicPRM::SharedRoadmapPRM::Run: 0.034995 sec
BasicPRM::IndividualEvaluation
	Query Sampler: UniformRandomFree
	Map Evaluators:
		AlwaysTrue
	Input Map: 
	Samplers
	Connectors
		Closest3
BasicPRM::IndividualEvaluation::Initialize: 0.00044 sec
BasicPRM::IndividualEvaluation::Run: 0 sec
BasicPRM::IndividualEvaluation
	Query Sampler: UniformRandomFree
	Map Evaluators:
		AlwaysTrue
	Input Map: 
	Samplers
	Connectors
		Closest3
BasicPRM::IndividualEvaluation::Initialize: 0.002399 sec
BasicPRM::IndividualEvaluation::Run: 0 sec
BasicPRM::IndividualEvaluation
	Query Sampler: UniformRandomFree
	Map Evaluators:
		AlwaysTrue
	Input Map: 
	Samplers
	Connectors
		Closest3
BasicPRM::IndividualEvaluation::Initialize: 0.004202 sec
BasicPRM::IndividualEvaluation::Run: 0 sec
BasicPRM::IndividualEvaluation
	Query Sampler: UniformRandomFree
	Map Evaluators:
		AlwaysTrue
	Input Map: 
	Samplers
	Connectors
		Closest3
BasicPRM::IndividualEvaluation::Initialize: 0.007178 sec
BasicPRM::IndividualEvaluation::Run: 0 sec
BasicPRM::IndividualEvaluation
	Query Sampler: UniformRandomFree
	Map Evaluators:
		AlwaysTrue
	Input Map: 
	Samplers
	Connectors
		Closest3
BasicPRM::IndividualEvaluation::Initialize: 0.010359 sec
BasicPRM::IndividualEvaluation::Run: 0 sec
BasicPRM::IndividualEvaluation
	Query Sampler: UniformRandomFree
	Map Evaluators:
		AlwaysTrue
	Input Map: 
	Samplers
	Connectors
		Closest3
BasicPRM::IndividualEvaluation::Initialize: 0.012775 sec
BasicPRM::IndividualEvaluation::Run: 0 sec
BasicPRM::IndividualEvaluation
	Query Sampler: UniformRandomFree
	Map Evaluators:
		AlwaysTrue
	Input Map: 
	Samplers
	Connectors
		Closest3
BasicPRM::IndividualEvaluation::Initialize: 0.014586 sec
BasicPRM::IndividualEvaluation::Run: 0 sec
BasicPRM::IndividualEvaluation
	Query Sampler: UniformRandomFree
	Map Evaluators:
		AlwaysTrue
	Input Map: 
	Samplers
	Connectors
		Closest3
BasicPRM::IndividualEvaluation::Initialize: 0.017054 sec
BasicPRM::IndividualEvaluation::Run: 0 sec
GroupDecoupledStrategy::DecoupledPRM-local-wait
	Query Sampler: 
	Map Evaluators:
		BoundedDecoupledQuery
	strategyLabel: IndividualPRM-Wait
GroupDecoupledStrategy::DecoupledPRM-local-wait::Initialize: 0 sec
BasicPRM::IndividualPRM-Wait
	Query Sampler: 
	Map Evaluators:
		IndividualQuery
	Input Map: 
	Samplers
		UniformRandomFree	Number:0	Attempts:5
	Connectors
		Closest0
BasicPRM::IndividualPRM-Wait::Initialize: 0.031998 sec
Using local boundary CSpaceBoundingSphere [ -0.262092 3.99525 0.475353 ; 1.09404 ] on robot robot1
BasicPRM::IndividualPRM-Wait::Run: 0 sec
BasicPRM::IndividualPRM-Wait
	Query Sampler: 
	Map Evaluators:
		IndividualQuery
	Input Map: 
	Samplers
		UniformRandomFree	Number:0	Attempts:5
	Connectors
		Closest0
BasicPRM::IndividualPRM-Wait::Initialize: 0.059998 sec
Using local boundary CSpaceBoundingSphere [ 0.0343063 3.9631 0.48722 ; 1.09404 ] on robot robot5
BasicPRM::IndividualPRM-Wait::Run: 0 sec
Failed to find a path.
GroupDecoupledStrategy::DecoupledPRM-local-wait::Run: 0.062998 sec
GroupDecoupledStrategy::DecoupledPRM-local-regular
	Query Sampler: 
	Map Evaluators:
		BoundedDecoupledQuery
	strategyLabel: IndividualPRM-Local
GroupDecoupledStrategy::DecoupledPRM-local-regular::Initialize: 0 sec
BasicPRM::IndividualPRM-Local
	Query Sampler: 
	Map Evaluators:
		IndividualQuery
	Input Map: 
	Samplers
		UniformRandomFree	Number:5	Attempts:5
	Connectors
		Closest3
BasicPRM::IndividualPRM-Local::Initialize: 0 sec
Using local boundary CSpaceBoundingSphere [ -0.262092 3.99525 0.475353 ; 1.09404 ] on robot robot1
BasicPRM::IndividualPRM-Local::Run: 0.001 sec
BasicPRM::IndividualPRM-Local
	Query Sampler: 
	Map Evaluators:
		IndividualQuery
	Input Map: 
	Samplers
		UniformRandomFree	Number:5	Attempts:5
	Connectors
		Closest3
BasicPRM::IndividualPRM-Local::Initialize: 0 sec
Using local boundary CSpaceBoundingSphere [ 0.0343063 3.9631 0.48722 ; 1.09404 ] on robot robot5
BasicPRM::IndividualPRM-Local::Run: 0.001677 sec
Failed to find a path.
GroupDecoupledStrategy::DecoupledPRM-local-regular::Run: 0.005239 sec
GroupPRM::CompositePRM-local
	Query Sampler: 
	Map Evaluators:
		BoundedCompositeQuery
	Samplers
		UniformRandomFree	Number:10	Attempts:5
	Connectors
		Closest5
Robot: 
robot1
Boundary: 
CSpaceBoundingBox [0.231905:0.231905 ; 3.94167:3.94167 ; 0.495131:0.495131 ]
Robot: 
robot5
Boundary: 
CSpaceBoundingBox [-0.459692:-0.459692 ; 4.01669:4.01669 ; 0.467441:0.467441 ]
GroupPRM::CompositePRM-local::Initialize: 0.001001 sec
GroupPRM::CompositePRM-local::Run: 0.006685 sec
GroupDecoupledStrategy::DecoupledPRM-local-wait
	Query Sampler: 
	Map Evaluators:
		BoundedDecoupledQuery
	strategyLabel: IndividualPRM-Wait
GroupDecoupledStrategy::DecoupledPRM-local-wait::Initialize: 0 sec
BasicPRM::IndividualPRM-Wait
	Query Sampler: 
	Map Evaluators:
		IndividualQuery
	Input Map: 
	Samplers
		UniformRandomFree	Number:0	Attempts:5
	Connectors
		Closest0
BasicPRM::IndividualPRM-Wait::Initialize: 0.082997 sec
Using local boundary CSpaceBoundingSphere [ -0.0664469 -0.705476 0.160206 ; 1.08596 ] on robot robot3
BasicPRM::IndividualPRM-Wait::Run: 0 sec
BasicPRM::IndividualPRM-Wait
	Query Sampler: 
	Map Evaluators:
		IndividualQuery
	Input Map: 
	Samplers
		UniformRandomFree	Number:0	Attempts:5
	Connectors
		Closest0
BasicPRM::IndividualPRM-Wait::Initialize: 0.105997 sec
Using local boundary CSpaceBoundingSphere [ 0.1792 -0.715114 0.170222 ; 1.08241 ] on robot robot7
BasicPRM::IndividualPRM-Wait::Run: 0 sec
GroupDecoupledStrategy::DecoupledPRM-local-wait::Run: 0.111997 sec
robot3's path cost: 1
robot7's path cost: 2.5
GroupDecoupledStrategy::DecoupledPRM-local-wait
	Query Sampler: 
	Map Evaluators:
		BoundedDecoupledQuery
	strategyLabel: IndividualPRM-Wait
GroupDecoupledStrategy::DecoupledPRM-local-wait::Initialize: 0 sec
BasicPRM::IndividualPRM-Wait
	Query Sampler: 
	Map Evaluators:
		IndividualQuery
	Input Map: 
	Samplers
		UniformRandomFree	Number:0	Attempts:5
	Connectors
		Closest0
BasicPRM::IndividualPRM-Wait::Initialize: 0.128996 sec
Using local boundary CSpaceBoundingSphere [ -0.144143 -0.501504 0.195422 ; 1.09952 ] on robot robot2
BasicPRM::IndividualPRM-Wait::Run: 0 sec
BasicPRM::IndividualPRM-Wait
	Query Sampler: 
	Map Evaluators:
		IndividualQuery
	Input Map: 
	Samplers
		UniformRandomFree	Number:0	Attempts:5
	Connectors
		Closest0
BasicPRM::IndividualPRM-Wait::Initialize: 0.151996 sec
Using local boundary CSpaceBoundingSphere [ 0.314164 -0.758347 0.155175 ; 1.59675 ] on robot robot3
BasicPRM::IndividualPRM-Wait::Run: 0 sec
BasicPRM::IndividualPRM-Wait
	Query Sampler: 
	Map Evaluators:
		IndividualQuery
	Input Map: 
	Samplers
		UniformRandomFree	Number:0	Attempts:5
	Connectors
		Closest0
BasicPRM::IndividualPRM-Wait::Initialize: 0.175996 sec
Using local boundary CSpaceBoundingSphere [ 0.198964 -1.17248 -0.0799025 ; 1.19136 ] on robot robot7
BasicPRM::IndividualPRM-Wait::Run: 0 sec
GroupDecoupledStrategy::DecoupledPRM-local-wait::Run: 0.183997 sec
robot2's path cost: 1.85
robot3's path cost: 1.5
robot7's path cost: 1
GroupDecoupledStrategy::DecoupledPRM-local-wait
	Query Sampler: 
	Map Evaluators:
		BoundedDecoupledQuery
	strategyLabel: IndividualPRM-Wait
GroupDecoupledStrategy::DecoupledPRM-local-wait::Initialize: 0 sec
BasicPRM::IndividualPRM-Wait
	Query Sampler: 
	Map Evaluators:
		IndividualQuery
	Input Map: 
	Samplers
		UniformRandomFree	Number:0	Attempts:5
	Connectors
		Closest0
BasicPRM::IndividualPRM-Wait::Initialize: 0.202994 sec
Using local boundary CSpaceBoundingSphere [ -0.106864 -3.5295 0.363962 ; 1.09806 ] on robot robot4
BasicPRM::IndividualPRM-Wait::Run: 0 sec
BasicPRM::IndividualPRM-Wait
	Query Sampler: 
	Map Evaluators:
		IndividualQuery
	Input Map: 
	Samplers
		UniformRandomFree	Number:0	Attempts:5
	Connectors
		Closest0
BasicPRM::IndividualPRM-Wait::Initialize: 0.230994 sec
Using local boundary CSpaceBoundingSphere [ 0.0904735 -3.50002 0.370855 ; 1.09806 ] on robot robot8
BasicPRM::IndividualPRM-Wait::Run: 0 sec
GroupDecoupledStrategy::DecoupledPRM-local-wait::Run: 0.240996 sec
robot4's path cost: 1
robot8's path cost: 3.9
GroupDecoupledStrategy::DecoupledPRM-local-wait
	Query Sampler: 
	Map Evaluators:
		BoundedDecoupledQuery
	strategyLabel: IndividualPRM-Wait
GroupDecoupledStrategy::DecoupledPRM-local-wait::Initialize: 0 sec
BasicPRM::IndividualPRM-Wait
	Query Sampler: 
	Map Evaluators:
		IndividualQuery
	Input Map: 
	Samplers
		UniformRandomFree	Number:0	Attempts:5
	Connectors
		Closest0
BasicPRM::IndividualPRM-Wait::Initialize: 0.253993 sec
Using local boundary CSpaceBoundingSphere [ 0.657964 -0.767248 0.320389 ; 1.11963 ] on robot robot6
BasicPRM::IndividualPRM-Wait::Run: 0 sec
BasicPRM::IndividualPRM-Wait
	Query Sampler: 
	Map Evaluators:
		IndividualQuery
	Input Map: 
	Samplers
		UniformRandomFree	Number:0	Attempts:5
	Connectors
		Closest0
BasicPRM::IndividualPRM-Wait::Initialize: 0.277986 sec
Using local boundary CSpaceBoundingSphere [ 0.410756 -0.763221 0.158526 ; 1.0645 ] on robot robot3
BasicPRM::IndividualPRM-Wait::Run: 0 sec
BasicPRM::IndividualPRM-Wait
	Query Sampler: 
	Map Evaluators:
		IndividualQuery
	Input Map: 
	Samplers
		UniformRandomFree	Number:0	Attempts:5
	Connectors
		Closest0
BasicPRM::IndividualPRM-Wait::Initialize: 0.288986 sec
Using local boundary CSpaceBoundingSphere [ -0.378505 -0.417495 0.171737 ; 1 ] on robot robot2
BasicPRM::IndividualPRM-Wait::Run: 0 sec
BasicPRM::IndividualPRM-Wait
	Query Sampler: 
	Map Evaluators:
		IndividualQuery
	Input Map: 
	Samplers
		UniformRandomFree	Number:0	Attempts:5
	Connectors
		Closest0
BasicPRM::IndividualPRM-Wait::Initialize: 0.312986 sec
Using local boundary CSpaceBoundingSphere [ 0.0457541 -1.31714 -0.168935 ; 1 ] on robot robot7
BasicPRM::IndividualPRM-Wait::Run: 0 sec
Failed to find a path.
GroupDecoupledStrategy::DecoupledPRM-local-wait::Run: 0.326988 sec
GroupDecoupledStrategy::DecoupledPRM-local-regular
	Query Sampler: 
	Map Evaluators:
		BoundedDecoupledQuery
	strategyLabel: IndividualPRM-Local
GroupDecoupledStrategy::DecoupledPRM-local-regular::Initialize: 0 sec
BasicPRM::IndividualPRM-Local
	Query Sampler: 
	Map Evaluators:
		IndividualQuery
	Input Map: 
	Samplers
		UniformRandomFree	Number:5	Attempts:5
	Connectors
		Closest3
BasicPRM::IndividualPRM-Local::Initialize: 0 sec
Using local boundary CSpaceBoundingSphere [ 0.657964 -0.767248 0.320389 ; 1.11963 ] on robot robot6
BasicPRM::IndividualPRM-Local::Run: 0.002678 sec
BasicPRM::IndividualPRM-Local
	Query Sampler: 
	Map Evaluators:
		IndividualQuery
	Input Map: 
	Samplers
		UniformRandomFree	Number:5	Attempts:5
	Connectors
		Closest3
BasicPRM::IndividualPRM-Local::Initialize: 0.000229 sec
Using local boundary CSpaceBoundingSphere [ 0.410756 -0.763221 0.158526 ; 1.0645 ] on robot robot3
BasicPRM::IndividualPRM-Local::Run: 0.002678 sec
BasicPRM::IndividualPRM-Local
	Query Sampler: 
	Map Evaluators:
		IndividualQuery
	Input Map: 
	Samplers
		UniformRandomFree	Number:5	Attempts:5
	Connectors
		Closest3
BasicPRM::IndividualPRM-Local::Initialize: 0.000229 sec
Using local boundary CSpaceBoundingSphere [ -0.378505 -0.417495 0.171737 ; 1 ] on robot robot2
BasicPRM::IndividualPRM-Local::Run: 0.003255 sec
BasicPRM::IndividualPRM-Local
	Query Sampler: 
	Map Evaluators:
		IndividualQuery
	Input Map: 
	Samplers
		UniformRandomFree	Number:5	Attempts:5
	Connectors
		Closest3
BasicPRM::IndividualPRM-Local::Initialize: 0.000229 sec
Using local boundary CSpaceBoundingSphere [ 0.0457541 -1.31714 -0.168935 ; 1 ] on robot robot7
BasicPRM::IndividualPRM-Local::Run: 0.003459 sec
Failed to find a path.
GroupDecoupledStrategy::DecoupledPRM-local-regular::Run: 0.01568 sec
robot6's path cost: 1
GroupPRM::CompositePRM-local
	Query Sampler: 
	Map Evaluators:
		BoundedCompositeQuery
	Samplers
		UniformRandomFree	Number:10	Attempts:5
	Connectors
		Closest5
Robot: 
robot2
Boundary: 
CSpaceBoundingBox [-0.145178:-0.145178 ; -0.505404:-0.505404 ; 0.186709:0.186709 ]
Robot: 
robot6
Boundary: 
CSpaceBoundingBox [0.181478:0.181478 ; -0.628476:-0.628476 ; 0.207671:0.207671 ]
Robot: 
robot3
Boundary: 
CSpaceBoundingBox [0.893716:0.893716 ; -0.787588:-0.787588 ; 0.175283:0.175283 ]
Robot: 
robot7
Boundary: 
CSpaceBoundingBox [-0.216266:-0.216266 ; -1.56453:-1.56453 ; -0.321198:-0.321198 ]
GroupPRM::CompositePRM-local::Initialize: 0.002001 sec
GroupPRM::CompositePRM-local::Run: 0.029161 sec
GroupDecoupledStrategy::DecoupledPRM-local-wait
	Query Sampler: 
	Map Evaluators:
		BoundedDecoupledQuery
	strategyLabel: IndividualPRM-Wait
GroupDecoupledStrategy::DecoupledPRM-local-wait::Initialize: 0 sec
BasicPRM::IndividualPRM-Wait
	Query Sampler: 
	Map Evaluators:
		IndividualQuery
	Input Map: 
	Samplers
		UniformRandomFree	Number:0	Attempts:5
	Connectors
		Closest0
BasicPRM::IndividualPRM-Wait::Initialize: 0.336986 sec
Using local boundary CSpaceBoundingSphere [ -0.0514196 -0.541621 0.226326 ; 1 ] on robot robot2
BasicPRM::IndividualPRM-Wait::Run: 0 sec
BasicPRM::IndividualPRM-Wait
	Query Sampler: 
	Map Evaluators:
		IndividualQuery
	Input Map: 
	Samplers
		UniformRandomFree	Number:0	Attempts:5
	Connectors
		Closest0
BasicPRM::IndividualPRM-Wait::Initialize: 0.360987 sec
Using local boundary CSpaceBoundingSphere [ 0.100923 -0.641565 0.16322 ; 1 ] on robot robot6
BasicPRM::IndividualPRM-Wait::Run: 0 sec
BasicPRM::IndividualPRM-Wait
	Query Sampler: 
	Map Evaluators:
		IndividualQuery
	Input Map: 
	Samplers
		UniformRandomFree	Number:0	Attempts:5
	Connectors
		Closest0
BasicPRM::IndividualPRM-Wait::Initialize: 0.387987 sec
Using local boundary CSpaceBoundingSphere [ 0.871477 -0.666609 0.254672 ; 1 ] on robot robot3
BasicPRM::IndividualPRM-Wait::Run: 0 sec
BasicPRM::IndividualPRM-Wait
	Query Sampler: 
	Map Evaluators:
		IndividualQuery
	Input Map: 
	Samplers
		UniformRandomFree	Number:0	Attempts:5
	Connectors
		Closest0
BasicPRM::IndividualPRM-Wait::Initialize: 0.413986 sec
Using local boundary CSpaceBoundingSphere [ -0.336598 -1.56151 -0.355548 ; 1 ] on robot robot7
BasicPRM::IndividualPRM-Wait::Run: 0 sec
GroupDecoupledStrategy::DecoupledPRM-local-wait::Run: 0.437988 sec
robot2's path cost: 1.15
robot6's path cost: 0.9
robot3's path cost: 0.3
robot7's path cost: 0.2
GroupDecoupledStrategy::ARC10::Run: 0.651573 sec
robot1's path cost: 17.3
robot2's path cost: 18.3
robot3's path cost: 16.1
robot4's path cost: 14.55
robot5's path cost: 16
robot6's path cost: 15.8
robot7's path cost: 17.35
robot8's path cost: 19.9
MPLibrary::Initialize: 0 sec
