CfgType::NumofJoints = 14
transformationToBody2 = (0.5, 0, 0, 0, 0, 0)
dhparameters = (0, 1, 0, 0)
transformationToBody2 = (0.5, 0, 0, 0, 0, 0)
dhparameters = (0, 1, 0, 0)
transformationToBody2 = (0.5, 0, 0, 0, 0, 0)
dhparameters = (0, 1, 0, 0)
transformationToBody2 = (0.5, 0, 0, 0, 0, 0)
dhparameters = (0, 1, 0, 0)
transformationToBody2 = (0.5, 0, 0, 0, 0, 0)
dhparameters = (0, 1, 0, 0)
transformationToBody2 = (0.5, 0, 0, 0, 0, 0)
dhparameters = (0, 1, 0, 0)
transformationToBody2 = (0.5, 0, 0, 0, 0, 0)
dhparameters = (0, 1, 0, 0)
transformationToBody2 = (0.5, 0, 0, 0, 0, 0)
dhparameters = (0, 1, 0, 0)
transformationToBody2 = (0.5, 0, 0, 0, 0, 0)
dhparameters = (0, 1, 0, 0)
transformationToBody2 = (0.5, 0, 0, 0, 0, 0)
dhparameters = (0, 1, 0, 0)
transformationToBody2 = (0.5, 0, 0, 0, 0, 0)
dhparameters = (0, 1, 0, 0)
transformationToBody2 = (0.5, 0, 0, 0, 0, 0)
dhparameters = (0, 1, 0, 0)
transformationToBody2 = (0.5, 0, 0, 0, 0, 0)
dhparameters = (0, 1, 0, 0)
transformationToBody2 = (0.5, 0, 0, 0, 0, 0)
dhparameters = (0, 1, 0, 0)
transformationToBody2 = (0.5, 0, 0, 0, 0, 0)
dhparameters = (0, 1, 0, 0)
transformationToBody2 = (0.5, 0, 0, 0, 0, 0)
dhparameters = (0, 1, 0, 0)
transformationToBody2 = (0.5, 0, 0, 0, 0, 0)
dhparameters = (0, 1, 0, 0)
transformationToBody2 = (0.5, 0, 0, 0, 0, 0)
dhparameters = (0, 1, 0, 0)
transformationToBody2 = (0.5, 0, 0, 0, 0, 0)
dhparameters = (0, 1, 0, 0)
transformationToBody2 = (0.5, 0, 0, 0, 0, 0)
dhparameters = (0, 1, 0, 0)
transformationToBody2 = (0.5, 0, 0, 0, 0, 0)
dhparameters = (0, 1, 0, 0)
straightline

         defaultFile	chain.tree
             descDir	
             envFile	chain.tree.env
             mapFile	chain.tree.map
           inmapFile	
          inmapFile2	
       partitionType	
     integrationType	
      addPartialEdge	0
         addAllEdges	0
         seedByChunk	1
                seed	305441741
                bbox	[-100,100,-100,100,-100,100] 
                bbox	
          bbox_scale	1
              posres	0.05
              orires	0.05
               rdres	1
               gamma	1
         numofjoints	14
           GNstrings0	BasicPRM nodes 5 chunkSize 5 exact 1 
           CNstrings0	closest 5 
           LPstrings0	straightline binarySearch 0 
           CDstrings0	RAPID 
           DMstrings0	reachable 

strData:RealLink
myID:0 minRange:1 maxRange:1
strData:RealLink
myID:1 minRange:1 maxRange:1
strData:RealLink
myID:2 minRange:1 maxRange:1
strData:RealLink
myID:3 minRange:1 maxRange:1
strData:RealLink
myID:4 minRange:1 maxRange:1
strData:RealLink
myID:5 minRange:1 maxRange:1
strData:RealLink
myID:6 minRange:1 maxRange:1
strData:RealLink
myID:7 minRange:1 maxRange:1
strData:RealLink
myID:8 minRange:1 maxRange:1
strData:RealLink
myID:9 minRange:1 maxRange:1
strData:RealLink
myID:10 minRange:1 maxRange:1
strData:RealLink
myID:11 minRange:1 maxRange:1
strData:RealLink
myID:12 minRange:1 maxRange:1
strData:RealLink
myID:13 minRange:1 maxRange:1
strData:RealLink
myID:14 minRange:1 maxRange:1
strData:VirtualLink
myID: 15 lcID:7 rcID:8
strData:VirtualLink
myID: 16 lcID:9 rcID:10
strData:VirtualLink
myID: 17 lcID:15 rcID:16
strData:VirtualLink
myID: 18 lcID:6 rcID:17
strData:VirtualLink
myID: 19 lcID:11 rcID:12
strData:VirtualLink
myID: 20 lcID:13 rcID:14
strData:VirtualLink
myID: 21 lcID:19 rcID:20
strData:Loop
Loop: 0 1 2 3 4 5 
strData:Loop
Loop: 18 4 5 0 1 2 
strData:Loop
Loop: 21 7 8 9 10 4 5 0 1 
strData:CfgJoints
reading joints: 
0,1
1,2
2,3
3,4
4,5
2,6
6,7
7,8
8,9
9,10
1,11
11,12
12,13
13,14
strData:EarJoints
reading ear joints: 
6,2,3
10,3,4
11,1,2
14,6,7
strData:
Partitioning loops into (unseen) (seen):
	Loop 0: (0 1 2 3 4 5 ) ()
	Loop 1: (6 7 8 9 10 ) (4 5 0 1 2 )
	Loop 2: (11 12 13 14 ) (7 8 9 10 4 5 0 1 )
Ear root ids:
	Ear 0: 26
	Ear 1: 18
	Ear 2: 21
Tree 0
(26(23,25))
(23(0,22))
(0)
(22(1,2))
(1)
(2)
(25(3,24))
(3)
(24(4,5))
(4)
(5)
Tree 1
(31(28,30))
(28(18,27))
(18(6,17))
(6)
(17(15,16))
(15(7,8))
(7)
(8)
(16(9,10))
(9)
(10)
(27(4,5))
(4)
(5)
(30(0,29))
(0)
(29(1,2))
(1)
(2)
Tree 2
(39(34,38))
(34(32,33))
(32(21,7))
(21(19,20))
(19(11,12))
(11)
(12)
(20(13,14))
(13)
(14)
(7)
(33(8,9))
(8)
(9)
(38(35,37))
(35(10,4))
(10)
(4)
(37(5,36))
(5)
(36(0,1))
(0)
(1)
Sampling 5 configurations...
	gamma = 1...
Tree 0
length of tree 0:
0 1.18939 1 0.766421 1 1 1.18939 1 0.47741 1 1 
convexities of tree 0:
1 1 1 1 1 1 1 1 1 1 1 
Tree 1
length of tree 1:
-1 -1 1 1 0.597051 0.809965 1 1 0.765042 1 1 -1 1 1 -1 1 -1 1 1 
convexities of tree 1:
1 1 1 1 1 1 1 1 1 1 1 1 1 1 1 1 1 1 1 
Tree 2
length of tree 2:
-1 -1 -1 1.99968 1.20171 1 1 1.20385 1 1 1 -1 1 1 -1 -1 1 1 -1 1 -1 1 1 
convexities of tree 2:
1 1 1 1 1 1 1 1 1 1 1 1 1 1 1 1 1 1 1 1 1 1 1 
0 0 0 0 0 0 0.0805649 0.374818 0.0908147 0.00703288 0.423277 0.99432 0.937425 0.367278 0.00539099 0.375056 0.130664 0.294827 0.892998 0.2944 

	gamma = 1...
Tree 0
length of tree 0:
0 1.37808 1 0.975012 1 1 1.37808 1 0.801146 1 1 
convexities of tree 0:
1 1 1 1 1 1 1 1 1 1 1 
Tree 1
length of tree 1:
-1 -1 1 1 0.91698 1.54935 1 1 1.61565 1 1 -1 1 1 -1 1 -1 1 1 
convexities of tree 1:
1 1 1 1 1 1 1 1 1 1 1 1 1 1 1 1 1 1 1 
Tree 2
length of tree 2:
-1 -1 -1 1.97824 0.360936 1 1 1.95507 1 1 1 -1 1 1 -1 -1 1 1 -1 1 -1 1 1 
convexities of tree 2:
1 1 1 1 1 1 1 1 1 1 1 1 1 1 1 1 1 1 1 1 1 1 1 
0 0 0 0 0 0 0.0852537 0.337907 0.104609 0.0399288 0.368811 0.952999 0.00248957 0.217913 0.197388 0.200644 0.868064 0.442239 0.999493 0.0676017 

	gamma = 1...
Tree 0
length of tree 0:
0 0.375753 1 1.02166 1 1 0.375753 1 0.99407 1 1 
convexities of tree 0:
1 1 1 1 1 1 1 1 1 1 1 
Tree 1
length of tree 1:
-1 -1 1 1 0.0895683 0.830902 1 1 0.827226 1 1 -1 1 1 -1 1 -1 1 1 
convexities of tree 1:
1 1 1 1 1 1 1 1 1 1 1 1 1 1 1 1 1 1 1 
Tree 2
length of tree 2:
-1 -1 -1 1.88688 0.42247 1 1 1.55889 1 1 1 -1 1 1 -1 -1 1 1 -1 1 -1 1 1 
convexities of tree 2:
1 1 1 1 1 1 1 1 1 1 1 1 1 1 1 1 1 1 1 1 1 1 1 
0 0 0 0 0 0 0.275919 0.329338 0.906691 0.272455 0.334422 0.892431 0.840437 0.363624 0.118867 0.364267 0.962671 0.432251 0.797617 0.2155 

	gamma = 1...
Tree 0
length of tree 0:
0 2.79057 1 1.93582 1 1 2.79057 1 1.86869 1 1 
convexities of tree 0:
1 1 1 1 1 1 1 1 1 1 1 
Tree 1
length of tree 1:
-1 -1 1 1 1.48527 1.80369 1 1 0.702904 1 1 -1 1 1 -1 1 -1 1 1 
convexities of tree 1:
1 1 1 1 1 1 1 1 1 1 1 1 1 1 1 1 1 1 1 
Tree 2
length of tree 2:
-1 -1 -1 1.88936 0.648043 1 1 1.73421 1 1 1 -1 1 1 -1 -1 1 1 -1 1 -1 1 1 
convexities of tree 2:
1 1 1 1 1 1 1 1 1 1 1 1 1 1 1 1 1 1 1 1 1 1 1 
0 0 0 0 0 0 0.06586 0.0808577 0.372794 0.020208 0.115984 0.10637 0.250793 0.142214 0.0900376 0.385688 0.752244 0.394965 0.959448 0.165979 

	gamma = 1...
Tree 0
length of tree 0:
0 2.49606 1 1.92482 1 1 2.49606 1 1.52379 1 1 
convexities of tree 0:
1 1 1 1 1 1 1 1 1 1 1 
Tree 1
length of tree 1:
-1 -1 1 1 1.63288 0.0542234 1 1 1.66862 1 1 -1 1 1 -1 1 -1 1 1 
convexities of tree 1:
1 1 1 1 1 1 1 1 1 1 1 1 1 1 1 1 1 1 1 
Tree 2
length of tree 2:
-1 -1 -1 1.96092 1.89451 1 1 0.720343 1 1 1 -1 1 1 -1 -1 1 1 -1 1 -1 1 1 
convexities of tree 2:
1 1 1 1 1 1 1 1 1 1 1 1 1 1 1 1 1 1 1 1 1 1 1 
0 0 0 0 0 0 0.14138 0.0875543 0.36708 0.936153 0.22427 0.0630245 0.793767 0.491369 0.02789 0.185865 0.00756802 0.103847 0.0220668 0.382718 

Total sampling time: 0.019999
Total collision time: 2.12203e-314
Total time: 0.019999
Attempts: 5
