[0;1;32mLocalRepairQuery Constructor called for LocalRepair10[0m


MPLibrary is solving with MPStrategyMethod labeled CBSPRM using seed 28567.
GroupDecoupledStrategy::CBSPRM
	Query Sampler: 
	Map Evaluators:
		CBSQuery
	strategyLabel: IndividualEvaluation
GroupDecoupledStrategy::CBSPRM::Initialize: 0 sec
BasicPRM::SharedRoadmapPRM
	Query Sampler: 
	Map Evaluators:
		NodesEval
	Input Map: 
	Samplers
		UniformRandomFree	Number:4	Attempts:5
	Connectors
		Closest5
BasicPRM::SharedRoadmapPRM::Initialize: 0 sec
BasicPRM::SharedRoadmapPRM::Run: 0.033999 sec
BasicPRM::IndividualEvaluation
	Query Sampler: UniformRandomFree
	Map Evaluators:
		AlwaysTrue
	Input Map: 
	Samplers
	Connectors
		Closest3
BasicPRM::IndividualEvaluation::Initialize: 0.001254 sec
BasicPRM::IndividualEvaluation::Run: 0 sec
BasicPRM::IndividualEvaluation
	Query Sampler: UniformRandomFree
	Map Evaluators:
		AlwaysTrue
	Input Map: 
	Samplers
	Connectors
		Closest3
BasicPRM::IndividualEvaluation::Initialize: 0.003753 sec
BasicPRM::IndividualEvaluation::Run: 0 sec
BasicPRM::IndividualEvaluation
	Query Sampler: UniformRandomFree
	Map Evaluators:
		AlwaysTrue
	Input Map: 
	Samplers
	Connectors
		Closest3
BasicPRM::IndividualEvaluation::Initialize: 0.007127 sec
BasicPRM::IndividualEvaluation::Run: 0 sec
BasicPRM::IndividualEvaluation
	Query Sampler: UniformRandomFree
	Map Evaluators:
		AlwaysTrue
	Input Map: 
	Samplers
	Connectors
		Closest3
BasicPRM::IndividualEvaluation::Initialize: 0.010375 sec
BasicPRM::IndividualEvaluation::Run: 0 sec
BasicPRM::IndividualEvaluation
	Query Sampler: UniformRandomFree
	Map Evaluators:
		AlwaysTrue
	Input Map: 
	Samplers
	Connectors
		Closest3
BasicPRM::IndividualEvaluation::Initialize: 0.013804 sec
BasicPRM::IndividualEvaluation::Run: 0 sec
BasicPRM::IndividualEvaluation
	Query Sampler: UniformRandomFree
	Map Evaluators:
		AlwaysTrue
	Input Map: 
	Samplers
	Connectors
		Closest3
BasicPRM::IndividualEvaluation::Initialize: 0.018397 sec
BasicPRM::IndividualEvaluation::Run: 0 sec
BasicPRM::IndividualEvaluation
	Query Sampler: UniformRandomFree
	Map Evaluators:
		AlwaysTrue
	Input Map: 
	Samplers
	Connectors
		Closest3
BasicPRM::IndividualEvaluation::Initialize: 0.021858 sec
BasicPRM::IndividualEvaluation::Run: 0 sec
BasicPRM::IndividualEvaluation
	Query Sampler: UniformRandomFree
	Map Evaluators:
		AlwaysTrue
	Input Map: 
	Samplers
	Connectors
		Closest3
BasicPRM::IndividualEvaluation::Initialize: 0.025291 sec
BasicPRM::IndividualEvaluation::Run: 0 sec
GroupDecoupledStrategy::CBSPRM::Run: 1.80725 sec
robot1's path cost: 11.6
robot2's path cost: 12.65
robot3's path cost: 11.9
robot4's path cost: 12.25
robot5's path cost: 12.2
robot6's path cost: 13.05
robot7's path cost: 11.9
robot8's path cost: 12.55
MPLibrary::Initialize: 0 sec
