[0;1;32mLocalRepairQuery Constructor called for LocalRepair10[0m


MPLibrary is solving with MPStrategyMethod labeled CBSPRM using seed 87991.
GroupDecoupledStrategy::CBSPRM
	Query Sampler: 
	Map Evaluators:
		CBSQuery
	strategyLabel: IndividualEvaluation
GroupDecoupledStrategy::CBSPRM::Initialize: 0 sec
BasicPRM::SharedRoadmapPRM
	Query Sampler: 
	Map Evaluators:
		NodesEval
	Input Map: 
	Samplers
		UniformRandomFree	Number:4	Attempts:5
	Connectors
		Closest5
BasicPRM::SharedRoadmapPRM::Initialize: 0 sec
BasicPRM::SharedRoadmapPRM::Run: 0.035 sec
BasicPRM::IndividualEvaluation
	Query Sampler: UniformRandomFree
	Map Evaluators:
		AlwaysTrue
	Input Map: 
	Samplers
	Connectors
		Closest3
BasicPRM::IndividualEvaluation::Initialize: 0.000122 sec
BasicPRM::IndividualEvaluation::Run: 0 sec
BasicPRM::IndividualEvaluation
	Query Sampler: UniformRandomFree
	Map Evaluators:
		AlwaysTrue
	Input Map: 
	Samplers
	Connectors
		Closest3
BasicPRM::IndividualEvaluation::Initialize: 0.000699 sec
BasicPRM::IndividualEvaluation::Run: 0 sec
BasicPRM::IndividualEvaluation
	Query Sampler: UniformRandomFree
	Map Evaluators:
		AlwaysTrue
	Input Map: 
	Samplers
	Connectors
		Closest3
BasicPRM::IndividualEvaluation::Initialize: 0.002026 sec
BasicPRM::IndividualEvaluation::Run: 0 sec
BasicPRM::IndividualEvaluation
	Query Sampler: UniformRandomFree
	Map Evaluators:
		AlwaysTrue
	Input Map: 
	Samplers
	Connectors
		Closest3
BasicPRM::IndividualEvaluation::Initialize: 0.004523 sec
BasicPRM::IndividualEvaluation::Run: 0 sec
BasicPRM::IndividualEvaluation
	Query Sampler: UniformRandomFree
	Map Evaluators:
		AlwaysTrue
	Input Map: 
	Samplers
	Connectors
		Closest3
BasicPRM::IndividualEvaluation::Initialize: 0.007804 sec
BasicPRM::IndividualEvaluation::Run: 0 sec
BasicPRM::IndividualEvaluation
	Query Sampler: UniformRandomFree
	Map Evaluators:
		AlwaysTrue
	Input Map: 
	Samplers
	Connectors
		Closest3
BasicPRM::IndividualEvaluation::Initialize: 0.010383 sec
BasicPRM::IndividualEvaluation::Run: 0 sec
BasicPRM::IndividualEvaluation
	Query Sampler: UniformRandomFree
	Map Evaluators:
		AlwaysTrue
	Input Map: 
	Samplers
	Connectors
		Closest3
BasicPRM::IndividualEvaluation::Initialize: 0.012265 sec
BasicPRM::IndividualEvaluation::Run: 0 sec
BasicPRM::IndividualEvaluation
	Query Sampler: UniformRandomFree
	Map Evaluators:
		AlwaysTrue
	Input Map: 
	Samplers
	Connectors
		Closest3
BasicPRM::IndividualEvaluation::Initialize: 0.015265 sec
BasicPRM::IndividualEvaluation::Run: 0 sec
GroupDecoupledStrategy::CBSPRM::Run: 0.640632 sec
robot1's path cost: 11.7
robot2's path cost: 13.7
robot3's path cost: 12.7
robot4's path cost: 13
robot5's path cost: 12.25
robot6's path cost: 13
robot7's path cost: 11.75
robot8's path cost: 12
MPLibrary::Initialize: 0 sec
